<?xml version="1.0" encoding="UTF-8"?>
<testsuite xmlns:xsi="http://www.w3.org/2001/XMLSchema-instance" xsi:noNamespaceSchemaLocation="https://maven.apache.org/surefire/maven-failsafe-plugin/xsd/failsafe-test-report-3.0.xsd" version="3.0" name="starter.CucumberTestSuite" time="64.866" tests="4" errors="0" skipped="0" failures="0">
  <properties>
[...]
</properties>
  <testcase name="as user i want to input valid so that i can see product page" classname="As a user i can success login so that i can see main page" time="25.404">
    <system-out><![CDATA[20:26:46.598 [main] DEBUG net.thucydides.core.guice.Injectors - Created injector for module net.thucydides.core.guice.ThucydidesModule
20:26:47.235 [main] DEBUG io.cucumber.core.plugin.SerenityReporter - Running feature from file:///D:/D/QE_Alta/mini-project-nisa/Web/Altashop-Login/src/test/resources/features/Login.feature
20:26:47.630 [main] DEBUG net.thucydides.core.guice.Injectors - Created injector for module net.thucydides.core.guice.webdriver.WebDriverModule
20:26:47.663 [main] INFO  - 

-------------------------------------------------------------------------------------
     _______. _______ .______       _______ .__   __.  __  .___________.____    ____ 
    /       ||   ____||   _  \     |   ____||  \ |  | |  | |           |\   \  /   / 
   |   (----`|  |__   |  |_)  |    |  |__   |   \|  | |  | `---|  |----` \   \/   /  
    \   \    |   __|  |      /     |   __|  |  . `  | |  |     |  |       \_    _/   
.----)   |   |  |____ |  |\  \----.|  |____ |  |\   | |  |     |  |         |  |     
|_______/    |_______|| _| `._____||_______||__| \__| |__|     |__|         |__|    
                                                                                     
 News and tutorials at http://www.serenity-bdd.info                                  
 Documentation at https://wakaleo.gitbooks.io/the-serenity-book/content/             
 Join the Serenity Community on Gitter: https://gitter.im/serenity-bdd/serenity-core 
 Serenity BDD Support and Training at http://serenity-bdd.info/#/trainingandsupport  
-------------------------------------------------------------------------------------

20:26:47.668 [main] DEBUG net.thucydides.core.steps.StepEventBus - Test suite started for story net.thucydides.core.model.Story@fd9953a8
20:26:47.670 [main] INFO  - Test Suite Started: As a user i can success login so that i can see main page
20:26:47.698 [main] DEBUG io.cucumber.core.plugin.SerenityReporter - Running feature from file:///D:/D/QE_Alta/mini-project-nisa/Web/Altashop-Login/src/test/resources/features/Login.feature
20:26:47.702 [main] DEBUG net.thucydides.core.steps.StepEventBus - Test suite started for story net.thucydides.core.model.Story@fd9953a8
20:26:47.703 [main] INFO  - Test Suite Started: As a user i can success login so that i can see main page

@PositiveCaseLogin-1
Scenario: as user i want to input valid so that i can see product page &amp#27;[90m# src/test/resources/features/Login.feature:4&amp#27;[0m
20:26:47.872 [main] DEBUG io.cucumber.core.plugin.SerenityReporter - Running feature from file:///D:/D/QE_Alta/mini-project-nisa/Web/Altashop-Login/src/test/resources/features/Login.feature
20:26:48.165 [main] INFO  - 
  _____   ___   ___   _____     ___   _____     _     ___   _____   ___   ___  
 |_   _| | __| / __| |_   _|   / __| |_   _|   /_\   | _ \ |_   _| | __| |   \ 
   | |   | _|  \__ \   | |     \__ \   | |    / _ \  |   /   | |   | _|  | |) |
   |_|   |___| |___/   |_|     |___/   |_|   /_/ \_\ |_|_\   |_|   |___| |___/ 

as user i want to input valid so that i can see product page(as-a-user-i-can-success-login-so-that-i-can-see-main-page;as-user-i-want-to-input-valid-so-that-i-can-see-product-page)
--------------------------------------------------------------------------------
20:26:48.270 [main] DEBUG net.thucydides.core.requirements.model.cucumber.CucumberParser - Loading feature D:\D\QE_Alta\mini-project-nisa\Web\Altashop-Login\src\test\resources\features\Login.feature
20:26:50.041 [main] DEBUG net.thucydides.core.steps.StepInterceptor - STARTING STEP: LoginSteps.userOnLoginPage - onLoginPage
20:26:50.191 [main] INFO net.serenitybdd.core.webdriver.driverproviders.DriverProvider - Using WebDriverManager configuration for chrome
20:26:51.587 [main] DEBUG io.github.bonigarcia.wdm.cache.ResolutionCache - Resolution chrome=112 in cache (valid until 21:21:21 08/05/2023 ICT)
20:26:51.589 [main] DEBUG io.github.bonigarcia.wdm.cache.ResolutionCache - Resolution chrome112=112.0.5615.49 in cache (valid until 14:13:59 09/05/2023 ICT)
20:26:51.590 [main] INFO io.github.bonigarcia.wdm.WebDriverManager - Using chromedriver 112.0.5615.49 (resolved driver for Chrome 112)
20:26:51.633 [main] DEBUG io.github.bonigarcia.wdm.WebDriverManager - Driver chromedriver 112.0.5615.49 found in cache
20:26:51.635 [main] INFO io.github.bonigarcia.wdm.WebDriverManager - Exporting webdriver.chrome.driver as C:\Users\ADW User ACR\.cache\selenium\chromedriver\win32\112.0.5615.49\chromedriver.exe
20:26:51.816 [main] INFO net.serenitybdd.core.webdriver.driverproviders.ChromeDriverProvider - Starting Chrome driver instance with capabilities:
20:26:51.821 [main] INFO net.serenitybdd.core.webdriver.driverproviders.ChromeDriverProvider - Capabilities {acceptInsecureCerts: true, browserName: chrome, goog:chromeOptions: {args: [remote-allow-origins=*, test-type, no-sandbox, ignore-certificate-errors, start-maximized, incognito, disable-infobars, disable-gpu, disable-default-apps, disable-popup-blocking, remote-allow-origins=*, test-type, no-sandbox, ignore-certificate-errors, start-maximized, incognito, disable-infobars, disable-gpu, disable-default-apps, disable-popup-blocking, remote-allow-origins=*], extensions: []}}
20:26:52.016 [main] DEBUG io.netty.util.internal.logging.InternalLoggerFactory - Using SLF4J as the default logging framework
20:26:52.023 [main] DEBUG io.netty.util.ResourceLeakDetector - -Dio.netty.leakDetection.level: simple
20:26:52.023 [main] DEBUG io.netty.util.ResourceLeakDetector - -Dio.netty.leakDetection.targetRecords: 4
20:26:52.031 [main] DEBUG io.netty.util.ResourceLeakDetectorFactory - Loaded default ResourceLeakDetector: io.netty.util.ResourceLeakDetector@633cc6b5
20:26:52.070 [main] DEBUG io.netty.util.internal.PlatformDependent0 - -Dio.netty.noUnsafe: false
20:26:52.071 [main] DEBUG io.netty.util.internal.PlatformDependent0 - Java version: 8
20:26:52.073 [main] DEBUG io.netty.util.internal.PlatformDependent0 - sun.misc.Unsafe.theUnsafe: available
20:26:52.074 [main] DEBUG io.netty.util.internal.PlatformDependent0 - sun.misc.Unsafe.copyMemory: available
20:26:52.075 [main] DEBUG io.netty.util.internal.PlatformDependent0 - sun.misc.Unsafe.storeFence: available
20:26:52.077 [main] DEBUG io.netty.util.internal.PlatformDependent0 - java.nio.Buffer.address: available
20:26:52.078 [main] DEBUG io.netty.util.internal.PlatformDependent0 - direct buffer constructor: available
20:26:52.080 [main] DEBUG io.netty.util.internal.PlatformDependent0 - java.nio.Bits.unaligned: available, true
20:26:52.080 [main] DEBUG io.netty.util.internal.PlatformDependent0 - jdk.internal.misc.Unsafe.allocateUninitializedArray(int): unavailable prior to Java9
20:26:52.081 [main] DEBUG io.netty.util.internal.PlatformDependent0 - java.nio.DirectByteBuffer.<init>(long, int): available
20:26:52.081 [main] DEBUG io.netty.util.internal.PlatformDependent - sun.misc.Unsafe: available
20:26:52.082 [main] DEBUG io.netty.util.internal.PlatformDependent - -Dio.netty.tmpdir: C:\Users\ADWUSE~1\AppData\Local\Temp (java.io.tmpdir)
20:26:52.082 [main] DEBUG io.netty.util.internal.PlatformDependent - -Dio.netty.bitMode: 64 (sun.arch.data.model)
20:26:52.083 [main] DEBUG io.netty.util.internal.PlatformDependent - Platform: Windows
20:26:52.085 [main] DEBUG io.netty.util.internal.PlatformDependent - -Dio.netty.maxDirectMemory: 1840250880 bytes
20:26:52.085 [main] DEBUG io.netty.util.internal.PlatformDependent - -Dio.netty.uninitializedArrayAllocationThreshold: -1
20:26:52.087 [main] DEBUG io.netty.util.internal.CleanerJava6 - java.nio.ByteBuffer.cleaner(): available
20:26:52.087 [main] DEBUG io.netty.util.internal.PlatformDependent - -Dio.netty.noPreferDirect: false
20:26:52.121 [main] DEBUG io.netty.util.internal.PlatformDependent - org.jctools-core.MpscChunkedArrayQueue: available
20:26:52.165 [main] DEBUG io.netty.util.internal.InternalThreadLocalMap - -Dio.netty.threadLocalMap.stringBuilder.initialSize: 1024
20:26:52.165 [main] DEBUG io.netty.util.internal.InternalThreadLocalMap - -Dio.netty.threadLocalMap.stringBuilder.maxSize: 4096
20:26:52.247 [main] DEBUG io.netty.handler.ssl.JdkSslContext - Default protocols (JDK): [TLSv1.2, TLSv1.1, TLSv1] 
20:26:52.247 [main] DEBUG io.netty.handler.ssl.JdkSslContext - Default cipher suites (JDK): [TLS_ECDHE_ECDSA_WITH_AES_256_GCM_SHA384, TLS_ECDHE_ECDSA_WITH_AES_128_GCM_SHA256, TLS_ECDHE_RSA_WITH_AES_128_GCM_SHA256, TLS_ECDHE_RSA_WITH_AES_256_GCM_SHA384, TLS_ECDHE_RSA_WITH_AES_128_CBC_SHA, TLS_ECDHE_RSA_WITH_AES_256_CBC_SHA, TLS_RSA_WITH_AES_128_GCM_SHA256, TLS_RSA_WITH_AES_128_CBC_SHA, TLS_RSA_WITH_AES_256_CBC_SHA]
20:26:52.307 [main] DEBUG io.netty.channel.MultithreadEventLoopGroup - -Dio.netty.eventLoopThreads: 8
20:26:52.327 [main] DEBUG io.netty.channel.nio.NioEventLoop - -Dio.netty.noKeySetOptimization: false
20:26:52.327 [main] DEBUG io.netty.channel.nio.NioEventLoop - -Dio.netty.selectorAutoRebuildThreshold: 512
20:26:52.523 [main] DEBUG io.netty.buffer.PooledByteBufAllocator - -Dio.netty.allocator.numHeapArenas: 8
20:26:52.523 [main] DEBUG io.netty.buffer.PooledByteBufAllocator - -Dio.netty.allocator.numDirectArenas: 8
20:26:52.523 [main] DEBUG io.netty.buffer.PooledByteBufAllocator - -Dio.netty.allocator.pageSize: 8192
20:26:52.523 [main] DEBUG io.netty.buffer.PooledByteBufAllocator - -Dio.netty.allocator.maxOrder: 9
20:26:52.524 [main] DEBUG io.netty.buffer.PooledByteBufAllocator - -Dio.netty.allocator.chunkSize: 4194304
20:26:52.524 [main] DEBUG io.netty.buffer.PooledByteBufAllocator - -Dio.netty.allocator.smallCacheSize: 256
20:26:52.524 [main] DEBUG io.netty.buffer.PooledByteBufAllocator - -Dio.netty.allocator.normalCacheSize: 64
20:26:52.524 [main] DEBUG io.netty.buffer.PooledByteBufAllocator - -Dio.netty.allocator.maxCachedBufferCapacity: 32768
20:26:52.524 [main] DEBUG io.netty.buffer.PooledByteBufAllocator - -Dio.netty.allocator.cacheTrimInterval: 8192
20:26:52.524 [main] DEBUG io.netty.buffer.PooledByteBufAllocator - -Dio.netty.allocator.cacheTrimIntervalMillis: 0
20:26:52.524 [main] DEBUG io.netty.buffer.PooledByteBufAllocator - -Dio.netty.allocator.useCacheForAllThreads: false
20:26:52.524 [main] DEBUG io.netty.buffer.PooledByteBufAllocator - -Dio.netty.allocator.maxCachedByteBuffersPerChunk: 1023
20:26:52.545 [main] DEBUG io.netty.buffer.ByteBufUtil - -Dio.netty.allocator.type: pooled
20:26:52.545 [main] DEBUG io.netty.buffer.ByteBufUtil - -Dio.netty.threadLocalDirectBufferSize: 0
20:26:52.545 [main] DEBUG io.netty.buffer.ByteBufUtil - -Dio.netty.maxThreadLocalCharBufferSize: 16384
20:26:53.760 [Forwarding newSession on session null to remote] DEBUG io.netty.channel.DefaultChannelId - -Dio.netty.processId: 21536 (auto-detected)
20:26:53.763 [Forwarding newSession on session null to remote] DEBUG io.netty.util.NetUtil - -Djava.net.preferIPv4Stack: false
20:26:53.763 [Forwarding newSession on session null to remote] DEBUG io.netty.util.NetUtil - -Djava.net.preferIPv6Addresses: false
20:26:54.522 [Forwarding newSession on session null to remote] DEBUG io.netty.util.NetUtilInitializations - Loopback interface: lo (Software Loopback Interface 1, 127.0.0.1)
20:26:54.524 [Forwarding newSession on session null to remote] DEBUG io.netty.util.NetUtil - Failed to get SOMAXCONN from sysctl and file \proc\sys\net\core\somaxconn. Default: 200
20:26:54.570 [Forwarding newSession on session null to remote] DEBUG io.netty.channel.DefaultChannelId - -Dio.netty.machineId: a4:02:b9:ff:fe:26:7f:1e (auto-detected)
20:26:54.674 [AsyncHttpClient-1-2] DEBUG io.netty.buffer.AbstractByteBuf - -Dio.netty.buffer.checkAccessible: true
20:26:54.674 [AsyncHttpClient-1-2] DEBUG io.netty.buffer.AbstractByteBuf - -Dio.netty.buffer.checkBounds: true
20:26:54.674 [AsyncHttpClient-1-2] DEBUG io.netty.util.ResourceLeakDetectorFactory - Loaded default ResourceLeakDetector: io.netty.util.ResourceLeakDetector@f994b3
20:26:54.707 [AsyncHttpClient-1-2] DEBUG org.asynchttpclient.netty.channel.NettyConnectListener - Using new Channel '[id: 0xc312a483, L:/127.0.0.1:52241 - R:localhost/127.0.0.1:47927]' for 'POST' to '/session'
20:26:54.753 [AsyncHttpClient-1-2] DEBUG io.netty.util.Recycler - -Dio.netty.recycler.maxCapacityPerThread: 4096
20:26:54.753 [AsyncHttpClient-1-2] DEBUG io.netty.util.Recycler - -Dio.netty.recycler.ratio: 8
20:26:54.753 [AsyncHttpClient-1-2] DEBUG io.netty.util.Recycler - -Dio.netty.recycler.chunkSize: 32
20:26:54.754 [AsyncHttpClient-1-2] DEBUG io.netty.util.Recycler - -Dio.netty.recycler.blocking: false
20:26:57.442 [AsyncHttpClient-1-2] DEBUG io.netty.handler.codec.compression.Brotli - brotli4j not in the classpath; Brotli support will be unavailable.
20:26:57.443 [AsyncHttpClient-1-2] DEBUG org.asynchttpclient.netty.handler.HttpHandler - 

Request DefaultHttpRequest(decodeResult: success, version: HTTP/1.1)
POST /session HTTP/1.1
User-Agent: selenium/4.8.1 (java windows)
Content-Length: 1701
Content-Type: application/json; charset=utf-8
host: localhost:47927
accept: */*

Response DefaultHttpResponse(decodeResult: success, version: HTTP/1.1)
HTTP/1.1 200 OK
Content-Length: 861
Content-Type: application/json; charset=utf-8
cache-control: no-cache

20:26:57.463 [AsyncHttpClient-1-2] DEBUG org.asynchttpclient.netty.channel.ChannelManager - Adding key: http://localhost:47927 for channel [id: 0xc312a483, L:/127.0.0.1:52241 - R:localhost/127.0.0.1:47927]
20:26:57.648 [AsyncHttpClient-1-3] DEBUG org.asynchttpclient.netty.channel.NettyConnectListener - Using new Channel '[id: 0xc870777a, L:/127.0.0.1:52250 - R:localhost/127.0.0.1:52242]' for 'GET' to '/json/version'
20:26:57.654 [AsyncHttpClient-1-3] DEBUG org.asynchttpclient.netty.handler.HttpHandler - 

Request DefaultFullHttpRequest(decodeResult: success, version: HTTP/1.1, content: EmptyByteBufBE)
GET /json/version HTTP/1.1
User-Agent: selenium/4.8.1 (java windows)
host: localhost:52242
accept: */*

Response DefaultHttpResponse(decodeResult: success, version: HTTP/1.1)
HTTP/1.1 200 OK
Content-Security-Policy: frame-ancestors 'none'
Content-Length: 424
Content-Type: application/json; charset=UTF-8

20:26:57.654 [AsyncHttpClient-1-3] DEBUG org.asynchttpclient.netty.channel.ChannelManager - Adding key: http://localhost:52242 for channel [id: 0xc870777a, L:/127.0.0.1:52250 - R:localhost/127.0.0.1:52242]
20:26:57.676 [main] DEBUG io.netty.util.internal.ThreadLocalRandom - -Dio.netty.initialSeedUniquifier: 0xc75a715d1c1545f8
20:26:57.687 [AsyncHttpClient-1-4] DEBUG org.asynchttpclient.netty.channel.NettyConnectListener - Using new Channel '[id: 0xde0d0e4a, L:/127.0.0.1:52251 - R:localhost/127.0.0.1:52242]' for 'GET' to '/devtools/browser/23b5dbc7-6b8f-439e-b997-7e26881a20c8'
20:26:57.691 [AsyncHttpClient-1-4] DEBUG org.asynchttpclient.netty.handler.WebSocketHandler - 

Request DefaultFullHttpRequest(decodeResult: success, version: HTTP/1.1, content: EmptyByteBufBE)
GET /devtools/browser/23b5dbc7-6b8f-439e-b997-7e26881a20c8 HTTP/1.1
upgrade: websocket
connection: upgrade
sec-websocket-key: kYmqTTQ4HAHmtZvoFn55uw==
sec-websocket-version: 13
origin: http://localhost:52242
host: localhost:52242
accept: */*
user-agent: AHC/2.1

Response DefaultHttpResponse(decodeResult: success, version: HTTP/1.1)
HTTP/1.1 101 WebSocket Protocol Handshake
Upgrade: WebSocket
Connection: Upgrade
Sec-WebSocket-Accept: G3kvqWPjkZKMEdK53UhUtZGFIl0=

20:26:57.731 [AsyncHttpClient-1-1] DEBUG org.asynchttpclient.netty.channel.DefaultChannelPool - Entry count for : http://localhost:47927 : 1
20:26:57.731 [AsyncHttpClient-1-1] DEBUG org.asynchttpclient.netty.channel.DefaultChannelPool - Entry count for : http://localhost:52242 : 1
20:26:58.065 [Forwarding get on session 82025516f4835e883cd3b4b7dde61c3a to remote] DEBUG org.asynchttpclient.netty.request.NettyRequestSender - Using pooled Channel '[id: 0xc312a483, L:/127.0.0.1:52241 - R:localhost/127.0.0.1:47927]' for 'POST' to 'http://localhost:47927/session/82025516f4835e883cd3b4b7dde61c3a/url'
20:26:58.065 [Forwarding get on session 82025516f4835e883cd3b4b7dde61c3a to remote] DEBUG org.asynchttpclient.netty.request.NettyRequestSender - Using open Channel [id: 0xc312a483, L:/127.0.0.1:52241 - R:localhost/127.0.0.1:47927] for POST '/session/82025516f4835e883cd3b4b7dde61c3a/url'
20:26:58.830 [AsyncHttpClient-1-1] DEBUG org.asynchttpclient.netty.channel.DefaultChannelPool - Entry count for : http://localhost:52242 : 1
20:26:59.929 [AsyncHttpClient-1-1] DEBUG org.asynchttpclient.netty.channel.DefaultChannelPool - Entry count for : http://localhost:52242 : 1
20:27:01.030 [AsyncHttpClient-1-1] DEBUG org.asynchttpclient.netty.channel.DefaultChannelPool - Entry count for : http://localhost:52242 : 1
20:27:02.128 [AsyncHttpClient-1-1] DEBUG org.asynchttpclient.netty.channel.DefaultChannelPool - Entry count for : http://localhost:52242 : 1
20:27:03.235 [AsyncHttpClient-1-1] DEBUG org.asynchttpclient.netty.channel.DefaultChannelPool - Entry count for : http://localhost:52242 : 1
20:27:04.020 [AsyncHttpClient-1-2] DEBUG org.asynchttpclient.netty.handler.HttpHandler - 

Request DefaultHttpRequest(decodeResult: success, version: HTTP/1.1)
POST /session/82025516f4835e883cd3b4b7dde61c3a/url HTTP/1.1
User-Agent: selenium/4.8.1 (java windows)
Content-Length: 74
Content-Type: application/json; charset=utf-8
host: localhost:47927
accept: */*

Response DefaultHttpResponse(decodeResult: success, version: HTTP/1.1)
HTTP/1.1 200 OK
Content-Length: 14
Content-Type: application/json; charset=utf-8
cache-control: no-cache

20:27:04.021 [AsyncHttpClient-1-2] DEBUG org.asynchttpclient.netty.channel.ChannelManager - Adding key: http://localhost:47927 for channel [id: 0xc312a483, L:/127.0.0.1:52241 - R:localhost/127.0.0.1:47927]
20:27:04.032 [Forwarding setTimeout on session 82025516f4835e883cd3b4b7dde61c3a to remote] DEBUG org.asynchttpclient.netty.request.NettyRequestSender - Using pooled Channel '[id: 0xc312a483, L:/127.0.0.1:52241 - R:localhost/127.0.0.1:47927]' for 'POST' to 'http://localhost:47927/session/82025516f4835e883cd3b4b7dde61c3a/timeouts'
20:27:04.032 [Forwarding setTimeout on session 82025516f4835e883cd3b4b7dde61c3a to remote] DEBUG org.asynchttpclient.netty.request.NettyRequestSender - Using open Channel [id: 0xc312a483, L:/127.0.0.1:52241 - R:localhost/127.0.0.1:47927] for POST '/session/82025516f4835e883cd3b4b7dde61c3a/timeouts'
20:27:04.037 [AsyncHttpClient-1-2] DEBUG org.asynchttpclient.netty.handler.HttpHandler - 

Request DefaultHttpRequest(decodeResult: success, version: HTTP/1.1)
POST /session/82025516f4835e883cd3b4b7dde61c3a/timeouts HTTP/1.1
User-Agent: selenium/4.8.1 (java windows)
Content-Length: 22
Content-Type: application/json; charset=utf-8
host: localhost:47927
accept: */*

Response DefaultHttpResponse(decodeResult: success, version: HTTP/1.1)
HTTP/1.1 200 OK
Content-Length: 14
Content-Type: application/json; charset=utf-8
cache-control: no-cache

20:27:04.038 [AsyncHttpClient-1-2] DEBUG org.asynchttpclient.netty.channel.ChannelManager - Adding key: http://localhost:47927 for channel [id: 0xc312a483, L:/127.0.0.1:52241 - R:localhost/127.0.0.1:47927]
20:27:04.080 [Forwarding findElement on session 82025516f4835e883cd3b4b7dde61c3a to remote] DEBUG org.asynchttpclient.netty.request.NettyRequestSender - Using pooled Channel '[id: 0xc312a483, L:/127.0.0.1:52241 - R:localhost/127.0.0.1:47927]' for 'POST' to 'http://localhost:47927/session/82025516f4835e883cd3b4b7dde61c3a/element'
20:27:04.081 [Forwarding findElement on session 82025516f4835e883cd3b4b7dde61c3a to remote] DEBUG org.asynchttpclient.netty.request.NettyRequestSender - Using open Channel [id: 0xc312a483, L:/127.0.0.1:52241 - R:localhost/127.0.0.1:47927] for POST '/session/82025516f4835e883cd3b4b7dde61c3a/element'
20:27:04.118 [AsyncHttpClient-1-2] DEBUG org.asynchttpclient.netty.handler.HttpHandler - 

Request DefaultHttpRequest(decodeResult: success, version: HTTP/1.1)
POST /session/82025516f4835e883cd3b4b7dde61c3a/element HTTP/1.1
User-Agent: selenium/4.8.1 (java windows)
Content-Length: 69
Content-Type: application/json; charset=utf-8
host: localhost:47927
accept: */*

Response DefaultHttpResponse(decodeResult: success, version: HTTP/1.1)
HTTP/1.1 200 OK
Content-Length: 88
Content-Type: application/json; charset=utf-8
cache-control: no-cache

20:27:04.119 [AsyncHttpClient-1-2] DEBUG org.asynchttpclient.netty.channel.ChannelManager - Adding key: http://localhost:47927 for channel [id: 0xc312a483, L:/127.0.0.1:52241 - R:localhost/127.0.0.1:47927]
20:27:04.167 [Forwarding isElementDisplayed on session 82025516f4835e883cd3b4b7dde61c3a to remote] DEBUG org.asynchttpclient.netty.request.NettyRequestSender - Using pooled Channel '[id: 0xc312a483, L:/127.0.0.1:52241 - R:localhost/127.0.0.1:47927]' for 'POST' to 'http://localhost:47927/session/82025516f4835e883cd3b4b7dde61c3a/execute/sync'
20:27:04.167 [Forwarding isElementDisplayed on session 82025516f4835e883cd3b4b7dde61c3a to remote] DEBUG org.asynchttpclient.netty.request.NettyRequestSender - Using open Channel [id: 0xc312a483, L:/127.0.0.1:52241 - R:localhost/127.0.0.1:47927] for POST '/session/82025516f4835e883cd3b4b7dde61c3a/execute/sync'
20:27:04.190 [AsyncHttpClient-1-2] DEBUG org.asynchttpclient.netty.handler.HttpHandler - 

Request DefaultHttpRequest(decodeResult: success, version: HTTP/1.1)
POST /session/82025516f4835e883cd3b4b7dde61c3a/execute/sync HTTP/1.1
User-Agent: selenium/4.8.1 (java windows)
Content-Length: 48807
Content-Type: application/json; charset=utf-8
host: localhost:47927
accept: */*

Response DefaultHttpResponse(decodeResult: success, version: HTTP/1.1)
HTTP/1.1 200 OK
Content-Length: 14
Content-Type: application/json; charset=utf-8
cache-control: no-cache

20:27:04.190 [AsyncHttpClient-1-2] DEBUG org.asynchttpclient.netty.channel.ChannelManager - Adding key: http://localhost:47927 for channel [id: 0xc312a483, L:/127.0.0.1:52241 - R:localhost/127.0.0.1:47927]
20:27:04.201 [Forwarding isElementDisplayed on session 82025516f4835e883cd3b4b7dde61c3a to remote] DEBUG org.asynchttpclient.netty.request.NettyRequestSender - Using pooled Channel '[id: 0xc312a483, L:/127.0.0.1:52241 - R:localhost/127.0.0.1:47927]' for 'POST' to 'http://localhost:47927/session/82025516f4835e883cd3b4b7dde61c3a/execute/sync'
20:27:04.201 [Forwarding isElementDisplayed on session 82025516f4835e883cd3b4b7dde61c3a to remote] DEBUG org.asynchttpclient.netty.request.NettyRequestSender - Using open Channel [id: 0xc312a483, L:/127.0.0.1:52241 - R:localhost/127.0.0.1:47927] for POST '/session/82025516f4835e883cd3b4b7dde61c3a/execute/sync'
20:27:04.226 [AsyncHttpClient-1-2] DEBUG org.asynchttpclient.netty.handler.HttpHandler - 

Request DefaultHttpRequest(decodeResult: success, version: HTTP/1.1)
POST /session/82025516f4835e883cd3b4b7dde61c3a/execute/sync HTTP/1.1
User-Agent: selenium/4.8.1 (java windows)
Content-Length: 48807
Content-Type: application/json; charset=utf-8
host: localhost:47927
accept: */*

Response DefaultHttpResponse(decodeResult: success, version: HTTP/1.1)
HTTP/1.1 200 OK
Content-Length: 14
Content-Type: application/json; charset=utf-8
cache-control: no-cache

20:27:04.226 [AsyncHttpClient-1-2] DEBUG org.asynchttpclient.netty.channel.ChannelManager - Adding key: http://localhost:47927 for channel [id: 0xc312a483, L:/127.0.0.1:52241 - R:localhost/127.0.0.1:47927]
20:27:04.257 [main] DEBUG net.thucydides.core.steps.StepInterceptor - STEP DONE: onLoginPage
  &amp#27;[32mGiven &amp#27;[0m&amp#27;[32muser on login page&amp#27;[0m                                             &amp#27;[90m# starter.stepdefinitions.LoginSteps.userOnLoginPage()&amp#27;[0m
20:27:04.307 [main] DEBUG net.thucydides.core.steps.StepInterceptor - STARTING STEP: LoginSteps.userInputValidEmail - inputEmail
20:27:04.321 [Forwarding findElement on session 82025516f4835e883cd3b4b7dde61c3a to remote] DEBUG org.asynchttpclient.netty.request.NettyRequestSender - Using pooled Channel '[id: 0xc312a483, L:/127.0.0.1:52241 - R:localhost/127.0.0.1:47927]' for 'POST' to 'http://localhost:47927/session/82025516f4835e883cd3b4b7dde61c3a/element'
20:27:04.321 [Forwarding findElement on session 82025516f4835e883cd3b4b7dde61c3a to remote] DEBUG org.asynchttpclient.netty.request.NettyRequestSender - Using open Channel [id: 0xc312a483, L:/127.0.0.1:52241 - R:localhost/127.0.0.1:47927] for POST '/session/82025516f4835e883cd3b4b7dde61c3a/element'
20:27:04.334 [AsyncHttpClient-1-1] DEBUG org.asynchttpclient.netty.channel.DefaultChannelPool - Entry count for : http://localhost:52242 : 1
20:27:04.341 [AsyncHttpClient-1-2] DEBUG org.asynchttpclient.netty.handler.HttpHandler - 

Request DefaultHttpRequest(decodeResult: success, version: HTTP/1.1)
POST /session/82025516f4835e883cd3b4b7dde61c3a/element HTTP/1.1
User-Agent: selenium/4.8.1 (java windows)
Content-Length: 55
Content-Type: application/json; charset=utf-8
host: localhost:47927
accept: */*

Response DefaultHttpResponse(decodeResult: success, version: HTTP/1.1)
HTTP/1.1 200 OK
Content-Length: 88
Content-Type: application/json; charset=utf-8
cache-control: no-cache

20:27:04.343 [AsyncHttpClient-1-2] DEBUG org.asynchttpclient.netty.channel.ChannelManager - Adding key: http://localhost:47927 for channel [id: 0xc312a483, L:/127.0.0.1:52241 - R:localhost/127.0.0.1:47927]
20:27:04.352 [Forwarding clearElement on session 82025516f4835e883cd3b4b7dde61c3a to remote] DEBUG org.asynchttpclient.netty.request.NettyRequestSender - Using pooled Channel '[id: 0xc312a483, L:/127.0.0.1:52241 - R:localhost/127.0.0.1:47927]' for 'POST' to 'http://localhost:47927/session/82025516f4835e883cd3b4b7dde61c3a/element/8fa27fe7-5629-4c4c-a21f-8a906e96809d/clear'
20:27:04.352 [Forwarding clearElement on session 82025516f4835e883cd3b4b7dde61c3a to remote] DEBUG org.asynchttpclient.netty.request.NettyRequestSender - Using open Channel [id: 0xc312a483, L:/127.0.0.1:52241 - R:localhost/127.0.0.1:47927] for POST '/session/82025516f4835e883cd3b4b7dde61c3a/element/8fa27fe7-5629-4c4c-a21f-8a906e96809d/clear'
20:27:04.421 [AsyncHttpClient-1-2] DEBUG org.asynchttpclient.netty.handler.HttpHandler - 

Request DefaultHttpRequest(decodeResult: success, version: HTTP/1.1)
POST /session/82025516f4835e883cd3b4b7dde61c3a/element/8fa27fe7-5629-4c4c-a21f-8a906e96809d/clear HTTP/1.1
User-Agent: selenium/4.8.1 (java windows)
Content-Length: 50
Content-Type: application/json; charset=utf-8
host: localhost:47927
accept: */*

Response DefaultHttpResponse(decodeResult: success, version: HTTP/1.1)
HTTP/1.1 200 OK
Content-Length: 14
Content-Type: application/json; charset=utf-8
cache-control: no-cache

20:27:04.422 [AsyncHttpClient-1-2] DEBUG org.asynchttpclient.netty.channel.ChannelManager - Adding key: http://localhost:47927 for channel [id: 0xc312a483, L:/127.0.0.1:52241 - R:localhost/127.0.0.1:47927]
20:27:04.440 [Forwarding sendKeysToElement on session 82025516f4835e883cd3b4b7dde61c3a to remote] DEBUG org.asynchttpclient.netty.request.NettyRequestSender - Using pooled Channel '[id: 0xc312a483, L:/127.0.0.1:52241 - R:localhost/127.0.0.1:47927]' for 'POST' to 'http://localhost:47927/session/82025516f4835e883cd3b4b7dde61c3a/element/8fa27fe7-5629-4c4c-a21f-8a906e96809d/value'
20:27:04.448 [Forwarding sendKeysToElement on session 82025516f4835e883cd3b4b7dde61c3a to remote] DEBUG org.asynchttpclient.netty.request.NettyRequestSender - Using open Channel [id: 0xc312a483, L:/127.0.0.1:52241 - R:localhost/127.0.0.1:47927] for POST '/session/82025516f4835e883cd3b4b7dde61c3a/element/8fa27fe7-5629-4c4c-a21f-8a906e96809d/value'
20:27:04.701 [AsyncHttpClient-1-2] DEBUG org.asynchttpclient.netty.handler.HttpHandler - 

Request DefaultHttpRequest(decodeResult: success, version: HTTP/1.1)
POST /session/82025516f4835e883cd3b4b7dde61c3a/element/8fa27fe7-5629-4c4c-a21f-8a906e96809d/value HTTP/1.1
User-Agent: selenium/4.8.1 (java windows)
Content-Length: 251
Content-Type: application/json; charset=utf-8
host: localhost:47927
accept: */*

Response DefaultHttpResponse(decodeResult: success, version: HTTP/1.1)
HTTP/1.1 200 OK
Content-Length: 14
Content-Type: application/json; charset=utf-8
cache-control: no-cache

20:27:04.701 [AsyncHttpClient-1-2] DEBUG org.asynchttpclient.netty.channel.ChannelManager - Adding key: http://localhost:47927 for channel [id: 0xc312a483, L:/127.0.0.1:52241 - R:localhost/127.0.0.1:47927]
20:27:04.718 [main] DEBUG net.thucydides.core.steps.StepInterceptor - STEP DONE: inputEmail
  &amp#27;[32mWhen &amp#27;[0m&amp#27;[32muser input valid email&amp#27;[0m                                          &amp#27;[90m# starter.stepdefinitions.LoginSteps.userInputValidEmail()&amp#27;[0m
20:27:04.737 [main] DEBUG net.thucydides.core.steps.StepInterceptor - STARTING STEP: LoginSteps.userInputValidPassword - inputPassword
20:27:04.746 [Forwarding findElement on session 82025516f4835e883cd3b4b7dde61c3a to remote] DEBUG org.asynchttpclient.netty.request.NettyRequestSender - Using pooled Channel '[id: 0xc312a483, L:/127.0.0.1:52241 - R:localhost/127.0.0.1:47927]' for 'POST' to 'http://localhost:47927/session/82025516f4835e883cd3b4b7dde61c3a/element'
20:27:04.746 [Forwarding findElement on session 82025516f4835e883cd3b4b7dde61c3a to remote] DEBUG org.asynchttpclient.netty.request.NettyRequestSender - Using open Channel [id: 0xc312a483, L:/127.0.0.1:52241 - R:localhost/127.0.0.1:47927] for POST '/session/82025516f4835e883cd3b4b7dde61c3a/element'
20:27:04.765 [AsyncHttpClient-1-2] DEBUG org.asynchttpclient.netty.handler.HttpHandler - 

Request DefaultHttpRequest(decodeResult: success, version: HTTP/1.1)
POST /session/82025516f4835e883cd3b4b7dde61c3a/element HTTP/1.1
User-Agent: selenium/4.8.1 (java windows)
Content-Length: 55
Content-Type: application/json; charset=utf-8
host: localhost:47927
accept: */*

Response DefaultHttpResponse(decodeResult: success, version: HTTP/1.1)
HTTP/1.1 200 OK
Content-Length: 88
Content-Type: application/json; charset=utf-8
cache-control: no-cache

20:27:04.765 [AsyncHttpClient-1-2] DEBUG org.asynchttpclient.netty.channel.ChannelManager - Adding key: http://localhost:47927 for channel [id: 0xc312a483, L:/127.0.0.1:52241 - R:localhost/127.0.0.1:47927]
20:27:04.768 [Forwarding clearElement on session 82025516f4835e883cd3b4b7dde61c3a to remote] DEBUG org.asynchttpclient.netty.request.NettyRequestSender - Using pooled Channel '[id: 0xc312a483, L:/127.0.0.1:52241 - R:localhost/127.0.0.1:47927]' for 'POST' to 'http://localhost:47927/session/82025516f4835e883cd3b4b7dde61c3a/element/429952a5-96a9-4b7d-9456-f3ed3f72ba1f/clear'
20:27:04.769 [Forwarding clearElement on session 82025516f4835e883cd3b4b7dde61c3a to remote] DEBUG org.asynchttpclient.netty.request.NettyRequestSender - Using open Channel [id: 0xc312a483, L:/127.0.0.1:52241 - R:localhost/127.0.0.1:47927] for POST '/session/82025516f4835e883cd3b4b7dde61c3a/element/429952a5-96a9-4b7d-9456-f3ed3f72ba1f/clear'
20:27:04.822 [AsyncHttpClient-1-2] DEBUG org.asynchttpclient.netty.handler.HttpHandler - 

Request DefaultHttpRequest(decodeResult: success, version: HTTP/1.1)
POST /session/82025516f4835e883cd3b4b7dde61c3a/element/429952a5-96a9-4b7d-9456-f3ed3f72ba1f/clear HTTP/1.1
User-Agent: selenium/4.8.1 (java windows)
Content-Length: 50
Content-Type: application/json; charset=utf-8
host: localhost:47927
accept: */*

Response DefaultHttpResponse(decodeResult: success, version: HTTP/1.1)
HTTP/1.1 200 OK
Content-Length: 14
Content-Type: application/json; charset=utf-8
cache-control: no-cache

20:27:04.822 [AsyncHttpClient-1-2] DEBUG org.asynchttpclient.netty.channel.ChannelManager - Adding key: http://localhost:47927 for channel [id: 0xc312a483, L:/127.0.0.1:52241 - R:localhost/127.0.0.1:47927]
20:27:04.833 [Forwarding sendKeysToElement on session 82025516f4835e883cd3b4b7dde61c3a to remote] DEBUG org.asynchttpclient.netty.request.NettyRequestSender - Using pooled Channel '[id: 0xc312a483, L:/127.0.0.1:52241 - R:localhost/127.0.0.1:47927]' for 'POST' to 'http://localhost:47927/session/82025516f4835e883cd3b4b7dde61c3a/element/429952a5-96a9-4b7d-9456-f3ed3f72ba1f/value'
20:27:04.833 [Forwarding sendKeysToElement on session 82025516f4835e883cd3b4b7dde61c3a to remote] DEBUG org.asynchttpclient.netty.request.NettyRequestSender - Using open Channel [id: 0xc312a483, L:/127.0.0.1:52241 - R:localhost/127.0.0.1:47927] for POST '/session/82025516f4835e883cd3b4b7dde61c3a/element/429952a5-96a9-4b7d-9456-f3ed3f72ba1f/value'
20:27:05.153 [AsyncHttpClient-1-2] DEBUG org.asynchttpclient.netty.handler.HttpHandler - 

Request DefaultHttpRequest(decodeResult: success, version: HTTP/1.1)
POST /session/82025516f4835e883cd3b4b7dde61c3a/element/429952a5-96a9-4b7d-9456-f3ed3f72ba1f/value HTTP/1.1
User-Agent: selenium/4.8.1 (java windows)
Content-Length: 111
Content-Type: application/json; charset=utf-8
host: localhost:47927
accept: */*

Response DefaultHttpResponse(decodeResult: success, version: HTTP/1.1)
HTTP/1.1 200 OK
Content-Length: 14
Content-Type: application/json; charset=utf-8
cache-control: no-cache

20:27:05.153 [AsyncHttpClient-1-2] DEBUG org.asynchttpclient.netty.channel.ChannelManager - Adding key: http://localhost:47927 for channel [id: 0xc312a483, L:/127.0.0.1:52241 - R:localhost/127.0.0.1:47927]
20:27:05.163 [main] DEBUG net.thucydides.core.steps.StepInterceptor - STEP DONE: inputPassword
  &amp#27;[32mAnd &amp#27;[0m&amp#27;[32muser input valid password&amp#27;[0m                                        &amp#27;[90m# starter.stepdefinitions.LoginSteps.userInputValidPassword()&amp#27;[0m
20:27:05.192 [main] DEBUG net.thucydides.core.steps.StepInterceptor - STARTING STEP: LoginSteps.userClickLoginButton - ClickLoginBtn
20:27:05.264 [Forwarding findElement on session 82025516f4835e883cd3b4b7dde61c3a to remote] DEBUG org.asynchttpclient.netty.request.NettyRequestSender - Using pooled Channel '[id: 0xc312a483, L:/127.0.0.1:52241 - R:localhost/127.0.0.1:47927]' for 'POST' to 'http://localhost:47927/session/82025516f4835e883cd3b4b7dde61c3a/element'
20:27:05.264 [Forwarding findElement on session 82025516f4835e883cd3b4b7dde61c3a to remote] DEBUG org.asynchttpclient.netty.request.NettyRequestSender - Using open Channel [id: 0xc312a483, L:/127.0.0.1:52241 - R:localhost/127.0.0.1:47927] for POST '/session/82025516f4835e883cd3b4b7dde61c3a/element'
20:27:05.303 [AsyncHttpClient-1-2] DEBUG org.asynchttpclient.netty.handler.HttpHandler - 

Request DefaultHttpRequest(decodeResult: success, version: HTTP/1.1)
POST /session/82025516f4835e883cd3b4b7dde61c3a/element HTTP/1.1
User-Agent: selenium/4.8.1 (java windows)
Content-Length: 69
Content-Type: application/json; charset=utf-8
host: localhost:47927
accept: */*

Response DefaultHttpResponse(decodeResult: success, version: HTTP/1.1)
HTTP/1.1 200 OK
Content-Length: 88
Content-Type: application/json; charset=utf-8
cache-control: no-cache

20:27:05.303 [AsyncHttpClient-1-2] DEBUG org.asynchttpclient.netty.channel.ChannelManager - Adding key: http://localhost:47927 for channel [id: 0xc312a483, L:/127.0.0.1:52241 - R:localhost/127.0.0.1:47927]
20:27:05.308 [Forwarding getElementTagName on session 82025516f4835e883cd3b4b7dde61c3a to remote] DEBUG org.asynchttpclient.netty.request.NettyRequestSender - Using pooled Channel '[id: 0xc312a483, L:/127.0.0.1:52241 - R:localhost/127.0.0.1:47927]' for 'GET' to 'http://localhost:47927/session/82025516f4835e883cd3b4b7dde61c3a/element/89554602-905c-435e-a17a-8b3aae678147/name'
20:27:05.308 [Forwarding getElementTagName on session 82025516f4835e883cd3b4b7dde61c3a to remote] DEBUG org.asynchttpclient.netty.request.NettyRequestSender - Using open Channel [id: 0xc312a483, L:/127.0.0.1:52241 - R:localhost/127.0.0.1:47927] for GET '/session/82025516f4835e883cd3b4b7dde61c3a/element/89554602-905c-435e-a17a-8b3aae678147/name'
20:27:05.322 [AsyncHttpClient-1-2] DEBUG org.asynchttpclient.netty.handler.HttpHandler - 

Request DefaultFullHttpRequest(decodeResult: success, version: HTTP/1.1, content: EmptyByteBufBE)
GET /session/82025516f4835e883cd3b4b7dde61c3a/element/89554602-905c-435e-a17a-8b3aae678147/name HTTP/1.1
User-Agent: selenium/4.8.1 (java windows)
Cache-Control: no-cache
Content-Type: application/json; charset=utf-8
host: localhost:47927
accept: */*

Response DefaultHttpResponse(decodeResult: success, version: HTTP/1.1)
HTTP/1.1 200 OK
Content-Length: 16
Content-Type: application/json; charset=utf-8
cache-control: no-cache

20:27:05.323 [AsyncHttpClient-1-2] DEBUG org.asynchttpclient.netty.channel.ChannelManager - Adding key: http://localhost:47927 for channel [id: 0xc312a483, L:/127.0.0.1:52241 - R:localhost/127.0.0.1:47927]
20:27:05.330 [Forwarding getElementTagName on session 82025516f4835e883cd3b4b7dde61c3a to remote] DEBUG org.asynchttpclient.netty.request.NettyRequestSender - Using pooled Channel '[id: 0xc312a483, L:/127.0.0.1:52241 - R:localhost/127.0.0.1:47927]' for 'GET' to 'http://localhost:47927/session/82025516f4835e883cd3b4b7dde61c3a/element/89554602-905c-435e-a17a-8b3aae678147/name'
20:27:05.331 [Forwarding getElementTagName on session 82025516f4835e883cd3b4b7dde61c3a to remote] DEBUG org.asynchttpclient.netty.request.NettyRequestSender - Using open Channel [id: 0xc312a483, L:/127.0.0.1:52241 - R:localhost/127.0.0.1:47927] for GET '/session/82025516f4835e883cd3b4b7dde61c3a/element/89554602-905c-435e-a17a-8b3aae678147/name'
20:27:05.338 [AsyncHttpClient-1-2] DEBUG org.asynchttpclient.netty.handler.HttpHandler - 

Request DefaultFullHttpRequest(decodeResult: success, version: HTTP/1.1, content: EmptyByteBufBE)
GET /session/82025516f4835e883cd3b4b7dde61c3a/element/89554602-905c-435e-a17a-8b3aae678147/name HTTP/1.1
User-Agent: selenium/4.8.1 (java windows)
Cache-Control: no-cache
Content-Type: application/json; charset=utf-8
host: localhost:47927
accept: */*

Response DefaultHttpResponse(decodeResult: success, version: HTTP/1.1)
HTTP/1.1 200 OK
Content-Length: 16
Content-Type: application/json; charset=utf-8
cache-control: no-cache

20:27:05.340 [AsyncHttpClient-1-2] DEBUG org.asynchttpclient.netty.channel.ChannelManager - Adding key: http://localhost:47927 for channel [id: 0xc312a483, L:/127.0.0.1:52241 - R:localhost/127.0.0.1:47927]
20:27:05.349 [Forwarding findElement on session 82025516f4835e883cd3b4b7dde61c3a to remote] DEBUG org.asynchttpclient.netty.request.NettyRequestSender - Using pooled Channel '[id: 0xc312a483, L:/127.0.0.1:52241 - R:localhost/127.0.0.1:47927]' for 'POST' to 'http://localhost:47927/session/82025516f4835e883cd3b4b7dde61c3a/element'
20:27:05.349 [Forwarding findElement on session 82025516f4835e883cd3b4b7dde61c3a to remote] DEBUG org.asynchttpclient.netty.request.NettyRequestSender - Using open Channel [id: 0xc312a483, L:/127.0.0.1:52241 - R:localhost/127.0.0.1:47927] for POST '/session/82025516f4835e883cd3b4b7dde61c3a/element'
20:27:05.370 [AsyncHttpClient-1-2] DEBUG org.asynchttpclient.netty.handler.HttpHandler - 

Request DefaultHttpRequest(decodeResult: success, version: HTTP/1.1)
POST /session/82025516f4835e883cd3b4b7dde61c3a/element HTTP/1.1
User-Agent: selenium/4.8.1 (java windows)
Content-Length: 69
Content-Type: application/json; charset=utf-8
host: localhost:47927
accept: */*

Response DefaultHttpResponse(decodeResult: success, version: HTTP/1.1)
HTTP/1.1 200 OK
Content-Length: 88
Content-Type: application/json; charset=utf-8
cache-control: no-cache

20:27:05.371 [AsyncHttpClient-1-2] DEBUG org.asynchttpclient.netty.channel.ChannelManager - Adding key: http://localhost:47927 for channel [id: 0xc312a483, L:/127.0.0.1:52241 - R:localhost/127.0.0.1:47927]
20:27:05.374 [Forwarding clickElement on session 82025516f4835e883cd3b4b7dde61c3a to remote] DEBUG org.asynchttpclient.netty.request.NettyRequestSender - Using pooled Channel '[id: 0xc312a483, L:/127.0.0.1:52241 - R:localhost/127.0.0.1:47927]' for 'POST' to 'http://localhost:47927/session/82025516f4835e883cd3b4b7dde61c3a/element/89554602-905c-435e-a17a-8b3aae678147/click'
20:27:05.375 [Forwarding clickElement on session 82025516f4835e883cd3b4b7dde61c3a to remote] DEBUG org.asynchttpclient.netty.request.NettyRequestSender - Using open Channel [id: 0xc312a483, L:/127.0.0.1:52241 - R:localhost/127.0.0.1:47927] for POST '/session/82025516f4835e883cd3b4b7dde61c3a/element/89554602-905c-435e-a17a-8b3aae678147/click'
20:27:05.436 [AsyncHttpClient-1-1] DEBUG org.asynchttpclient.netty.channel.DefaultChannelPool - Entry count for : http://localhost:52242 : 1
20:27:05.459 [AsyncHttpClient-1-2] DEBUG org.asynchttpclient.netty.handler.HttpHandler - 

Request DefaultHttpRequest(decodeResult: success, version: HTTP/1.1)
POST /session/82025516f4835e883cd3b4b7dde61c3a/element/89554602-905c-435e-a17a-8b3aae678147/click HTTP/1.1
User-Agent: selenium/4.8.1 (java windows)
Content-Length: 50
Content-Type: application/json; charset=utf-8
host: localhost:47927
accept: */*

Response DefaultHttpResponse(decodeResult: success, version: HTTP/1.1)
HTTP/1.1 200 OK
Content-Length: 14
Content-Type: application/json; charset=utf-8
cache-control: no-cache

20:27:05.459 [AsyncHttpClient-1-2] DEBUG org.asynchttpclient.netty.channel.ChannelManager - Adding key: http://localhost:47927 for channel [id: 0xc312a483, L:/127.0.0.1:52241 - R:localhost/127.0.0.1:47927]
20:27:05.470 [main] DEBUG net.thucydides.core.steps.StepInterceptor - STEP DONE: ClickLoginBtn
  &amp#27;[32mAnd &amp#27;[0m&amp#27;[32muser click login button&amp#27;[0m                                          &amp#27;[90m# starter.stepdefinitions.LoginSteps.userClickLoginButton()&amp#27;[0m
20:27:05.489 [main] DEBUG net.thucydides.core.steps.StepInterceptor - STARTING STEP: LoginSteps.userOnProductsPage - onProductPage
20:27:05.494 [Forwarding findElement on session 82025516f4835e883cd3b4b7dde61c3a to remote] DEBUG org.asynchttpclient.netty.request.NettyRequestSender - Using pooled Channel '[id: 0xc312a483, L:/127.0.0.1:52241 - R:localhost/127.0.0.1:47927]' for 'POST' to 'http://localhost:47927/session/82025516f4835e883cd3b4b7dde61c3a/element'
20:27:05.495 [Forwarding findElement on session 82025516f4835e883cd3b4b7dde61c3a to remote] DEBUG org.asynchttpclient.netty.request.NettyRequestSender - Using open Channel [id: 0xc312a483, L:/127.0.0.1:52241 - R:localhost/127.0.0.1:47927] for POST '/session/82025516f4835e883cd3b4b7dde61c3a/element'
20:27:06.528 [AsyncHttpClient-1-1] DEBUG org.asynchttpclient.netty.channel.DefaultChannelPool - Entry count for : http://localhost:52242 : 1
20:27:07.642 [AsyncHttpClient-1-1] DEBUG org.asynchttpclient.netty.channel.DefaultChannelPool - Entry count for : http://localhost:52242 : 1
20:27:08.728 [AsyncHttpClient-1-1] DEBUG org.asynchttpclient.netty.channel.DefaultChannelPool - Entry count for : http://localhost:52242 : 1
20:27:09.839 [AsyncHttpClient-1-1] DEBUG org.asynchttpclient.netty.channel.DefaultChannelPool - Entry count for : http://localhost:52242 : 1
20:27:10.931 [AsyncHttpClient-1-1] DEBUG org.asynchttpclient.netty.channel.DefaultChannelPool - Entry count for : http://localhost:52242 : 1
20:27:12.031 [AsyncHttpClient-1-1] DEBUG org.asynchttpclient.netty.channel.DefaultChannelPool - Entry count for : http://localhost:52242 : 1
20:27:12.171 [AsyncHttpClient-1-2] DEBUG org.asynchttpclient.netty.handler.HttpHandler - 

Request DefaultHttpRequest(decodeResult: success, version: HTTP/1.1)
POST /session/82025516f4835e883cd3b4b7dde61c3a/element HTTP/1.1
User-Agent: selenium/4.8.1 (java windows)
Content-Length: 54
Content-Type: application/json; charset=utf-8
host: localhost:47927
accept: */*

Response DefaultHttpResponse(decodeResult: success, version: HTTP/1.1)
HTTP/1.1 200 OK
Content-Length: 88
Content-Type: application/json; charset=utf-8
cache-control: no-cache

20:27:12.172 [AsyncHttpClient-1-2] DEBUG org.asynchttpclient.netty.channel.ChannelManager - Adding key: http://localhost:47927 for channel [id: 0xc312a483, L:/127.0.0.1:52241 - R:localhost/127.0.0.1:47927]
20:27:12.190 [Forwarding isElementDisplayed on session 82025516f4835e883cd3b4b7dde61c3a to remote] DEBUG org.asynchttpclient.netty.request.NettyRequestSender - Using pooled Channel '[id: 0xc312a483, L:/127.0.0.1:52241 - R:localhost/127.0.0.1:47927]' for 'POST' to 'http://localhost:47927/session/82025516f4835e883cd3b4b7dde61c3a/execute/sync'
20:27:12.190 [Forwarding isElementDisplayed on session 82025516f4835e883cd3b4b7dde61c3a to remote] DEBUG org.asynchttpclient.netty.request.NettyRequestSender - Using open Channel [id: 0xc312a483, L:/127.0.0.1:52241 - R:localhost/127.0.0.1:47927] for POST '/session/82025516f4835e883cd3b4b7dde61c3a/execute/sync'
20:27:12.207 [AsyncHttpClient-1-2] DEBUG org.asynchttpclient.netty.handler.HttpHandler - 

Request DefaultHttpRequest(decodeResult: success, version: HTTP/1.1)
POST /session/82025516f4835e883cd3b4b7dde61c3a/execute/sync HTTP/1.1
User-Agent: selenium/4.8.1 (java windows)
Content-Length: 48807
Content-Type: application/json; charset=utf-8
host: localhost:47927
accept: */*

Response DefaultHttpResponse(decodeResult: success, version: HTTP/1.1)
HTTP/1.1 200 OK
Content-Length: 14
Content-Type: application/json; charset=utf-8
cache-control: no-cache

20:27:12.207 [AsyncHttpClient-1-2] DEBUG org.asynchttpclient.netty.channel.ChannelManager - Adding key: http://localhost:47927 for channel [id: 0xc312a483, L:/127.0.0.1:52241 - R:localhost/127.0.0.1:47927]
20:27:12.213 [Forwarding isElementDisplayed on session 82025516f4835e883cd3b4b7dde61c3a to remote] DEBUG org.asynchttpclient.netty.request.NettyRequestSender - Using pooled Channel '[id: 0xc312a483, L:/127.0.0.1:52241 - R:localhost/127.0.0.1:47927]' for 'POST' to 'http://localhost:47927/session/82025516f4835e883cd3b4b7dde61c3a/execute/sync'
20:27:12.213 [Forwarding isElementDisplayed on session 82025516f4835e883cd3b4b7dde61c3a to remote] DEBUG org.asynchttpclient.netty.request.NettyRequestSender - Using open Channel [id: 0xc312a483, L:/127.0.0.1:52241 - R:localhost/127.0.0.1:47927] for POST '/session/82025516f4835e883cd3b4b7dde61c3a/execute/sync'
20:27:12.227 [AsyncHttpClient-1-2] DEBUG org.asynchttpclient.netty.handler.HttpHandler - 

Request DefaultHttpRequest(decodeResult: success, version: HTTP/1.1)
POST /session/82025516f4835e883cd3b4b7dde61c3a/execute/sync HTTP/1.1
User-Agent: selenium/4.8.1 (java windows)
Content-Length: 48807
Content-Type: application/json; charset=utf-8
host: localhost:47927
accept: */*

Response DefaultHttpResponse(decodeResult: success, version: HTTP/1.1)
HTTP/1.1 200 OK
Content-Length: 14
Content-Type: application/json; charset=utf-8
cache-control: no-cache

20:27:12.227 [AsyncHttpClient-1-2] DEBUG org.asynchttpclient.netty.channel.ChannelManager - Adding key: http://localhost:47927 for channel [id: 0xc312a483, L:/127.0.0.1:52241 - R:localhost/127.0.0.1:47927]
20:27:12.231 [main] DEBUG net.thucydides.core.steps.StepInterceptor - STEP DONE: onProductPage
  &amp#27;[32mThen &amp#27;[0m&amp#27;[32muser on products page&amp#27;[0m                                           &amp#27;[90m# starter.stepdefinitions.LoginSteps.userOnProductsPage()&amp#27;[0m
20:27:12.242 [main] INFO  - 
  _____   ___   ___   _____     ___     _     ___   ___   ___   ___  
 |_   _| | __| / __| |_   _|   | _ \   /_\   / __| / __| | __| |   \ 
   | |   | _|  \__ \   | |     |  _/  / _ \  \__ \ \__ \ | _|  | |) |
   |_|   |___| |___/   |_|     |_|   /_/ \_\ |___/ |___/ |___| |___/ 

as user i want to input valid so that i can see product page
----------------------------------------------------------------------
20:27:12.337 [Driver Command Executor] DEBUG org.asynchttpclient.netty.request.NettyRequestSender - Using pooled Channel '[id: 0xc312a483, L:/127.0.0.1:52241 - R:localhost/127.0.0.1:47927]' for 'DELETE' to 'http://localhost:47927/session/82025516f4835e883cd3b4b7dde61c3a'
20:27:12.337 [Driver Command Executor] DEBUG org.asynchttpclient.netty.request.NettyRequestSender - Using open Channel [id: 0xc312a483, L:/127.0.0.1:52241 - R:localhost/127.0.0.1:47927] for DELETE '/session/82025516f4835e883cd3b4b7dde61c3a'
20:27:12.433 [AsyncHttpClient-1-4] DEBUG org.asynchttpclient.netty.handler.WebSocketHandler - Unexpected I/O exception on channel [id: 0xde0d0e4a, L:/127.0.0.1:52251 - R:localhost/127.0.0.1:52242]
java.io.IOException: An existing connection was forcibly closed by the remote host
	at sun.nio.ch.SocketDispatcher.read0(Native Method)
	at sun.nio.ch.SocketDispatcher.read(SocketDispatcher.java:43)
	at sun.nio.ch.IOUtil.readIntoNativeBuffer(IOUtil.java:223)
	at sun.nio.ch.IOUtil.read(IOUtil.java:192)
	at sun.nio.ch.SocketChannelImpl.read(SocketChannelImpl.java:380)
	at io.netty.buffer.PooledByteBuf.setBytes(PooledByteBuf.java:259)
	at io.netty.buffer.AbstractByteBuf.writeBytes(AbstractByteBuf.java:1132)
	at io.netty.channel.socket.nio.NioSocketChannel.doReadBytes(NioSocketChannel.java:357)
	at io.netty.channel.nio.AbstractNioByteChannel$NioByteUnsafe.read(AbstractNioByteChannel.java:151)
	at io.netty.channel.nio.NioEventLoop.processSelectedKey(NioEventLoop.java:788)
	at io.netty.channel.nio.NioEventLoop.processSelectedKeysOptimized(NioEventLoop.java:724)
	at io.netty.channel.nio.NioEventLoop.processSelectedKeys(NioEventLoop.java:650)
	at io.netty.channel.nio.NioEventLoop.run(NioEventLoop.java:562)
	at io.netty.util.concurrent.SingleThreadEventExecutor$4.run(SingleThreadEventExecutor.java:997)
	at io.netty.util.internal.ThreadExecutorMap$2.run(ThreadExecutorMap.java:74)
	at io.netty.util.concurrent.FastThreadLocalRunnable.run(FastThreadLocalRunnable.java:30)
	at java.lang.Thread.run(Thread.java:748)
20:27:12.433 [AsyncHttpClient-1-3] DEBUG org.asynchttpclient.netty.handler.HttpHandler - Unexpected I/O exception on channel [id: 0xc870777a, L:/127.0.0.1:52250 - R:localhost/127.0.0.1:52242]
java.io.IOException: An existing connection was forcibly closed by the remote host
	at sun.nio.ch.SocketDispatcher.read0(Native Method)
	at sun.nio.ch.SocketDispatcher.read(SocketDispatcher.java:43)
	at sun.nio.ch.IOUtil.readIntoNativeBuffer(IOUtil.java:223)
	at sun.nio.ch.IOUtil.read(IOUtil.java:192)
	at sun.nio.ch.SocketChannelImpl.read(SocketChannelImpl.java:380)
	at io.netty.buffer.PooledByteBuf.setBytes(PooledByteBuf.java:259)
	at io.netty.buffer.AbstractByteBuf.writeBytes(AbstractByteBuf.java:1132)
	at io.netty.channel.socket.nio.NioSocketChannel.doReadBytes(NioSocketChannel.java:357)
	at io.netty.channel.nio.AbstractNioByteChannel$NioByteUnsafe.read(AbstractNioByteChannel.java:151)
	at io.netty.channel.nio.NioEventLoop.processSelectedKey(NioEventLoop.java:788)
	at io.netty.channel.nio.NioEventLoop.processSelectedKeysOptimized(NioEventLoop.java:724)
	at io.netty.channel.nio.NioEventLoop.processSelectedKeys(NioEventLoop.java:650)
	at io.netty.channel.nio.NioEventLoop.run(NioEventLoop.java:562)
	at io.netty.util.concurrent.SingleThreadEventExecutor$4.run(SingleThreadEventExecutor.java:997)
	at io.netty.util.internal.ThreadExecutorMap$2.run(ThreadExecutorMap.java:74)
	at io.netty.util.concurrent.FastThreadLocalRunnable.run(FastThreadLocalRunnable.java:30)
	at java.lang.Thread.run(Thread.java:748)
20:27:12.434 [AsyncHttpClient-1-3] DEBUG org.asynchttpclient.netty.channel.ChannelManager - Closing Channel [id: 0xc870777a, L:/127.0.0.1:52250 - R:localhost/127.0.0.1:52242] 
20:27:12.435 [AsyncHttpClient-1-4] DEBUG org.asynchttpclient.netty.handler.WebSocketHandler - Trying to recover from dead Channel: [id: 0xde0d0e4a, L:/127.0.0.1:52251 - R:localhost/127.0.0.1:52242]
20:27:12.435 [AsyncHttpClient-1-4] DEBUG org.asynchttpclient.netty.handler.WebSocketHandler - Channel Closed: [id: 0xde0d0e4a, L:/127.0.0.1:52251 ! R:localhost/127.0.0.1:52242] with attribute NettyResponseFuture{currentRetry=0,
	isDone=1,
	isCancelled=0,
	asyncHandler=org.asynchttpclient.ws.WebSocketUpgradeHandler@3e0be86f,
	nettyRequest=org.asynchttpclient.netty.request.NettyRequest@490a4b59,
	future=java.util.concurrent.CompletableFuture@15789f[Completed normally],
	uri=ws://localhost:52242/devtools/browser/23b5dbc7-6b8f-439e-b997-7e26881a20c8,
	keepAlive=true,
	redirectCount=0,
	timeoutsHolder=null,
	inAuth=0,
	touch=1683552432433}
20:27:12.435 [AsyncHttpClient-1-4] DEBUG org.asynchttpclient.netty.channel.ChannelManager - Closing Channel [id: 0xde0d0e4a, L:/127.0.0.1:52251 ! R:localhost/127.0.0.1:52242] 
20:27:12.437 [AsyncHttpClient-1-3] DEBUG org.asynchttpclient.netty.handler.HttpHandler - Channel Closed: [id: 0xc870777a, L:/127.0.0.1:52250 ! R:localhost/127.0.0.1:52242] with attribute DISCARD
20:27:12.480 [AsyncHttpClient-1-2] DEBUG org.asynchttpclient.netty.handler.HttpHandler - 

Request DefaultFullHttpRequest(decodeResult: success, version: HTTP/1.1, content: EmptyByteBufBE)
DELETE /session/82025516f4835e883cd3b4b7dde61c3a HTTP/1.1
User-Agent: selenium/4.8.1 (java windows)
Content-Type: application/json; charset=utf-8
host: localhost:47927
accept: */*

Response DefaultHttpResponse(decodeResult: success, version: HTTP/1.1)
HTTP/1.1 200 OK
Content-Length: 14
Content-Type: application/json; charset=utf-8
cache-control: no-cache

20:27:12.481 [AsyncHttpClient-1-2] DEBUG org.asynchttpclient.netty.channel.ChannelManager - Adding key: http://localhost:47927 for channel [id: 0xc312a483, L:/127.0.0.1:52241 - R:localhost/127.0.0.1:47927]
20:27:12.579 [AsyncHttpClient-1-2] DEBUG org.asynchttpclient.netty.handler.HttpHandler - Channel Closed: [id: 0xc312a483, L:/127.0.0.1:52241 ! R:localhost/127.0.0.1:47927] with attribute DISCARD
]]></system-out>
    <system-err><![CDATA[Starting ChromeDriver 112.0.5615.49 (bd2a7bcb881c11e8cfe3078709382934e3916914-refs/branch-heads/5615@{#936}) on port 47927
Only local connections are allowed.
Please see https://chromedriver.chromium.org/security-considerations for suggestions on keeping ChromeDriver safe.
ChromeDriver was started successfully.
May 08, 2023 8:26:57 PM org.openqa.selenium.devtools.CdpVersionFinder findNearestMatch
WARNING: Unable to find an exact match for CDP version 112, so returning the closest version found: 110
]]></system-err>
  </testcase>
  <testcase name="as user i want to input invalid email then get error message" classname="As a user i can success login so that i can see main page" time="9.474">
    <system-out><![CDATA[
@NegativeCaseLogin-1
Scenario: as user i want to input invalid email then get error message &amp#27;[90m# src/test/resources/features/Login.feature:12&amp#27;[0m
20:27:13.136 [main] DEBUG io.cucumber.core.plugin.SerenityReporter - Running feature from file:///D:/D/QE_Alta/mini-project-nisa/Web/Altashop-Login/src/test/resources/features/Login.feature
20:27:13.140 [main] INFO  - 
  _____   ___   ___   _____     ___   _____     _     ___   _____   ___   ___  
 |_   _| | __| / __| |_   _|   / __| |_   _|   /_\   | _ \ |_   _| | __| |   \ 
   | |   | _|  \__ \   | |     \__ \   | |    / _ \  |   /   | |   | _|  | |) |
   |_|   |___| |___/   |_|     |___/   |_|   /_/ \_\ |_|_\   |_|   |___| |___/ 

as user i want to input invalid email then get error message(as-a-user-i-can-success-login-so-that-i-can-see-main-page;as-user-i-want-to-input-invalid-email-then-get-error-message)
--------------------------------------------------------------------------------
20:27:13.141 [AsyncHttpClient-1-1] DEBUG org.asynchttpclient.netty.channel.DefaultChannelPool - Entry count for : http://localhost:47927 : 1
20:27:13.141 [AsyncHttpClient-1-1] DEBUG org.asynchttpclient.netty.channel.DefaultChannelPool - Entry count for : http://localhost:52242 : 1
20:27:13.141 [AsyncHttpClient-1-1] DEBUG org.asynchttpclient.netty.channel.DefaultChannelPool - Adding Candidate expired Channel [id: 0xc312a483, L:/127.0.0.1:52241 ! R:localhost/127.0.0.1:47927] isIdleTimeoutExpired=false isRemotelyClosed=true isTtlExpired=false
20:27:13.142 [AsyncHttpClient-1-1] DEBUG org.asynchttpclient.netty.channel.DefaultChannelPool - Closing Idle Channel [id: 0xc312a483, L:/127.0.0.1:52241 ! R:localhost/127.0.0.1:47927]
20:27:13.142 [AsyncHttpClient-1-1] DEBUG org.asynchttpclient.netty.channel.DefaultChannelPool - Adding Candidate expired Channel [id: 0xc870777a, L:/127.0.0.1:52250 ! R:localhost/127.0.0.1:52242] isIdleTimeoutExpired=false isRemotelyClosed=true isTtlExpired=false
20:27:13.142 [AsyncHttpClient-1-1] DEBUG org.asynchttpclient.netty.channel.DefaultChannelPool - Closing Idle Channel [id: 0xc870777a, L:/127.0.0.1:52250 ! R:localhost/127.0.0.1:52242]
20:27:13.143 [AsyncHttpClient-1-1] DEBUG org.asynchttpclient.netty.channel.DefaultChannelPool - Closed 2 connections out of 2 in 2 ms
20:27:13.191 [main] DEBUG net.thucydides.core.steps.StepInterceptor - STARTING STEP: LoginSteps.userOnLoginPage - onLoginPage
20:27:13.348 [main] INFO net.serenitybdd.core.webdriver.driverproviders.ChromeDriverProvider - Starting Chrome driver instance with capabilities:
20:27:13.349 [main] INFO net.serenitybdd.core.webdriver.driverproviders.ChromeDriverProvider - Capabilities {acceptInsecureCerts: true, browserName: chrome, goog:chromeOptions: {args: [remote-allow-origins=*, test-type, no-sandbox, ignore-certificate-errors, start-maximized, incognito, disable-infobars, disable-gpu, disable-default-apps, disable-popup-blocking, remote-allow-origins=*, test-type, no-sandbox, ignore-certificate-errors, start-maximized, incognito, disable-infobars, disable-gpu, disable-default-apps, disable-popup-blocking, remote-allow-origins=*], extensions: []}}
20:27:13.967 [AsyncHttpClient-1-5] DEBUG org.asynchttpclient.netty.channel.NettyConnectListener - Using new Channel '[id: 0x441c1c9e, L:/127.0.0.1:52274 - R:localhost/127.0.0.1:43905]' for 'POST' to '/session'
20:27:15.343 [AsyncHttpClient-1-5] DEBUG org.asynchttpclient.netty.handler.HttpHandler - 

Request DefaultHttpRequest(decodeResult: success, version: HTTP/1.1)
POST /session HTTP/1.1
User-Agent: selenium/4.8.1 (java windows)
Content-Length: 1701
Content-Type: application/json; charset=utf-8
host: localhost:43905
accept: */*

Response DefaultHttpResponse(decodeResult: success, version: HTTP/1.1)
HTTP/1.1 200 OK
Content-Length: 861
Content-Type: application/json; charset=utf-8
cache-control: no-cache

20:27:15.343 [AsyncHttpClient-1-5] DEBUG org.asynchttpclient.netty.channel.ChannelManager - Adding key: http://localhost:43905 for channel [id: 0x441c1c9e, L:/127.0.0.1:52274 - R:localhost/127.0.0.1:43905]
20:27:15.358 [AsyncHttpClient-1-6] DEBUG org.asynchttpclient.netty.channel.NettyConnectListener - Using new Channel '[id: 0xdcc0fc17, L:/127.0.0.1:52280 - R:localhost/127.0.0.1:52275]' for 'GET' to '/json/version'
20:27:15.362 [AsyncHttpClient-1-6] DEBUG org.asynchttpclient.netty.handler.HttpHandler - 

Request DefaultFullHttpRequest(decodeResult: success, version: HTTP/1.1, content: EmptyByteBufBE)
GET /json/version HTTP/1.1
User-Agent: selenium/4.8.1 (java windows)
host: localhost:52275
accept: */*

Response DefaultHttpResponse(decodeResult: success, version: HTTP/1.1)
HTTP/1.1 200 OK
Content-Security-Policy: frame-ancestors 'none'
Content-Length: 424
Content-Type: application/json; charset=UTF-8

20:27:15.362 [AsyncHttpClient-1-6] DEBUG org.asynchttpclient.netty.channel.ChannelManager - Adding key: http://localhost:52275 for channel [id: 0xdcc0fc17, L:/127.0.0.1:52280 - R:localhost/127.0.0.1:52275]
20:27:15.367 [AsyncHttpClient-1-7] DEBUG org.asynchttpclient.netty.channel.NettyConnectListener - Using new Channel '[id: 0x31dfe931, L:/127.0.0.1:52282 - R:localhost/127.0.0.1:52275]' for 'GET' to '/devtools/browser/e875266a-c536-407d-873e-befb08db4360'
20:27:15.368 [AsyncHttpClient-1-7] DEBUG org.asynchttpclient.netty.handler.WebSocketHandler - 

Request DefaultFullHttpRequest(decodeResult: success, version: HTTP/1.1, content: EmptyByteBufBE)
GET /devtools/browser/e875266a-c536-407d-873e-befb08db4360 HTTP/1.1
upgrade: websocket
connection: upgrade
sec-websocket-key: ng4DzMyMMU7UK1fz2u9iKQ==
sec-websocket-version: 13
origin: http://localhost:52275
host: localhost:52275
accept: */*
user-agent: AHC/2.1

Response DefaultHttpResponse(decodeResult: success, version: HTTP/1.1)
HTTP/1.1 101 WebSocket Protocol Handshake
Upgrade: WebSocket
Connection: Upgrade
Sec-WebSocket-Accept: r39cRsP1GpujwLiD+BAO/sI5NW4=

20:27:15.378 [Forwarding get on session 9ec12d012017413ff6d417496ddfa621 to remote] DEBUG org.asynchttpclient.netty.request.NettyRequestSender - Using pooled Channel '[id: 0x441c1c9e, L:/127.0.0.1:52274 - R:localhost/127.0.0.1:43905]' for 'POST' to 'http://localhost:43905/session/9ec12d012017413ff6d417496ddfa621/url'
20:27:15.379 [Forwarding get on session 9ec12d012017413ff6d417496ddfa621 to remote] DEBUG org.asynchttpclient.netty.request.NettyRequestSender - Using open Channel [id: 0x441c1c9e, L:/127.0.0.1:52274 - R:localhost/127.0.0.1:43905] for POST '/session/9ec12d012017413ff6d417496ddfa621/url'
20:27:16.432 [AsyncHttpClient-1-1] DEBUG org.asynchttpclient.netty.channel.DefaultChannelPool - Entry count for : http://localhost:52275 : 1
20:27:17.544 [AsyncHttpClient-1-1] DEBUG org.asynchttpclient.netty.channel.DefaultChannelPool - Entry count for : http://localhost:52275 : 1
20:27:18.644 [AsyncHttpClient-1-1] DEBUG org.asynchttpclient.netty.channel.DefaultChannelPool - Entry count for : http://localhost:52275 : 1
20:27:19.734 [AsyncHttpClient-1-1] DEBUG org.asynchttpclient.netty.channel.DefaultChannelPool - Entry count for : http://localhost:52275 : 1
20:27:20.370 [AsyncHttpClient-1-5] DEBUG org.asynchttpclient.netty.handler.HttpHandler - 

Request DefaultHttpRequest(decodeResult: success, version: HTTP/1.1)
POST /session/9ec12d012017413ff6d417496ddfa621/url HTTP/1.1
User-Agent: selenium/4.8.1 (java windows)
Content-Length: 74
Content-Type: application/json; charset=utf-8
host: localhost:43905
accept: */*

Response DefaultHttpResponse(decodeResult: success, version: HTTP/1.1)
HTTP/1.1 200 OK
Content-Length: 14
Content-Type: application/json; charset=utf-8
cache-control: no-cache

20:27:20.370 [AsyncHttpClient-1-5] DEBUG org.asynchttpclient.netty.channel.ChannelManager - Adding key: http://localhost:43905 for channel [id: 0x441c1c9e, L:/127.0.0.1:52274 - R:localhost/127.0.0.1:43905]
20:27:20.374 [Forwarding setTimeout on session 9ec12d012017413ff6d417496ddfa621 to remote] DEBUG org.asynchttpclient.netty.request.NettyRequestSender - Using pooled Channel '[id: 0x441c1c9e, L:/127.0.0.1:52274 - R:localhost/127.0.0.1:43905]' for 'POST' to 'http://localhost:43905/session/9ec12d012017413ff6d417496ddfa621/timeouts'
20:27:20.375 [Forwarding setTimeout on session 9ec12d012017413ff6d417496ddfa621 to remote] DEBUG org.asynchttpclient.netty.request.NettyRequestSender - Using open Channel [id: 0x441c1c9e, L:/127.0.0.1:52274 - R:localhost/127.0.0.1:43905] for POST '/session/9ec12d012017413ff6d417496ddfa621/timeouts'
20:27:20.378 [AsyncHttpClient-1-5] DEBUG org.asynchttpclient.netty.handler.HttpHandler - 

Request DefaultHttpRequest(decodeResult: success, version: HTTP/1.1)
POST /session/9ec12d012017413ff6d417496ddfa621/timeouts HTTP/1.1
User-Agent: selenium/4.8.1 (java windows)
Content-Length: 22
Content-Type: application/json; charset=utf-8
host: localhost:43905
accept: */*

Response DefaultHttpResponse(decodeResult: success, version: HTTP/1.1)
HTTP/1.1 200 OK
Content-Length: 14
Content-Type: application/json; charset=utf-8
cache-control: no-cache

20:27:20.378 [AsyncHttpClient-1-5] DEBUG org.asynchttpclient.netty.channel.ChannelManager - Adding key: http://localhost:43905 for channel [id: 0x441c1c9e, L:/127.0.0.1:52274 - R:localhost/127.0.0.1:43905]
20:27:20.390 [Forwarding findElement on session 9ec12d012017413ff6d417496ddfa621 to remote] DEBUG org.asynchttpclient.netty.request.NettyRequestSender - Using pooled Channel '[id: 0x441c1c9e, L:/127.0.0.1:52274 - R:localhost/127.0.0.1:43905]' for 'POST' to 'http://localhost:43905/session/9ec12d012017413ff6d417496ddfa621/element'
20:27:20.390 [Forwarding findElement on session 9ec12d012017413ff6d417496ddfa621 to remote] DEBUG org.asynchttpclient.netty.request.NettyRequestSender - Using open Channel [id: 0x441c1c9e, L:/127.0.0.1:52274 - R:localhost/127.0.0.1:43905] for POST '/session/9ec12d012017413ff6d417496ddfa621/element'
20:27:20.412 [AsyncHttpClient-1-5] DEBUG org.asynchttpclient.netty.handler.HttpHandler - 

Request DefaultHttpRequest(decodeResult: success, version: HTTP/1.1)
POST /session/9ec12d012017413ff6d417496ddfa621/element HTTP/1.1
User-Agent: selenium/4.8.1 (java windows)
Content-Length: 69
Content-Type: application/json; charset=utf-8
host: localhost:43905
accept: */*

Response DefaultHttpResponse(decodeResult: success, version: HTTP/1.1)
HTTP/1.1 200 OK
Content-Length: 88
Content-Type: application/json; charset=utf-8
cache-control: no-cache

20:27:20.412 [AsyncHttpClient-1-5] DEBUG org.asynchttpclient.netty.channel.ChannelManager - Adding key: http://localhost:43905 for channel [id: 0x441c1c9e, L:/127.0.0.1:52274 - R:localhost/127.0.0.1:43905]
20:27:20.419 [Forwarding isElementDisplayed on session 9ec12d012017413ff6d417496ddfa621 to remote] DEBUG org.asynchttpclient.netty.request.NettyRequestSender - Using pooled Channel '[id: 0x441c1c9e, L:/127.0.0.1:52274 - R:localhost/127.0.0.1:43905]' for 'POST' to 'http://localhost:43905/session/9ec12d012017413ff6d417496ddfa621/execute/sync'
20:27:20.420 [Forwarding isElementDisplayed on session 9ec12d012017413ff6d417496ddfa621 to remote] DEBUG org.asynchttpclient.netty.request.NettyRequestSender - Using open Channel [id: 0x441c1c9e, L:/127.0.0.1:52274 - R:localhost/127.0.0.1:43905] for POST '/session/9ec12d012017413ff6d417496ddfa621/execute/sync'
20:27:20.438 [AsyncHttpClient-1-5] DEBUG org.asynchttpclient.netty.handler.HttpHandler - 

Request DefaultHttpRequest(decodeResult: success, version: HTTP/1.1)
POST /session/9ec12d012017413ff6d417496ddfa621/execute/sync HTTP/1.1
User-Agent: selenium/4.8.1 (java windows)
Content-Length: 48807
Content-Type: application/json; charset=utf-8
host: localhost:43905
accept: */*

Response DefaultHttpResponse(decodeResult: success, version: HTTP/1.1)
HTTP/1.1 200 OK
Content-Length: 14
Content-Type: application/json; charset=utf-8
cache-control: no-cache

20:27:20.438 [AsyncHttpClient-1-5] DEBUG org.asynchttpclient.netty.channel.ChannelManager - Adding key: http://localhost:43905 for channel [id: 0x441c1c9e, L:/127.0.0.1:52274 - R:localhost/127.0.0.1:43905]
20:27:20.444 [Forwarding isElementDisplayed on session 9ec12d012017413ff6d417496ddfa621 to remote] DEBUG org.asynchttpclient.netty.request.NettyRequestSender - Using pooled Channel '[id: 0x441c1c9e, L:/127.0.0.1:52274 - R:localhost/127.0.0.1:43905]' for 'POST' to 'http://localhost:43905/session/9ec12d012017413ff6d417496ddfa621/execute/sync'
20:27:20.444 [Forwarding isElementDisplayed on session 9ec12d012017413ff6d417496ddfa621 to remote] DEBUG org.asynchttpclient.netty.request.NettyRequestSender - Using open Channel [id: 0x441c1c9e, L:/127.0.0.1:52274 - R:localhost/127.0.0.1:43905] for POST '/session/9ec12d012017413ff6d417496ddfa621/execute/sync'
20:27:20.461 [AsyncHttpClient-1-5] DEBUG org.asynchttpclient.netty.handler.HttpHandler - 

Request DefaultHttpRequest(decodeResult: success, version: HTTP/1.1)
POST /session/9ec12d012017413ff6d417496ddfa621/execute/sync HTTP/1.1
User-Agent: selenium/4.8.1 (java windows)
Content-Length: 48807
Content-Type: application/json; charset=utf-8
host: localhost:43905
accept: */*

Response DefaultHttpResponse(decodeResult: success, version: HTTP/1.1)
HTTP/1.1 200 OK
Content-Length: 14
Content-Type: application/json; charset=utf-8
cache-control: no-cache

20:27:20.462 [AsyncHttpClient-1-5] DEBUG org.asynchttpclient.netty.channel.ChannelManager - Adding key: http://localhost:43905 for channel [id: 0x441c1c9e, L:/127.0.0.1:52274 - R:localhost/127.0.0.1:43905]
20:27:20.464 [main] DEBUG net.thucydides.core.steps.StepInterceptor - STEP DONE: onLoginPage
  &amp#27;[32mGiven &amp#27;[0m&amp#27;[32muser on login page&amp#27;[0m                                             &amp#27;[90m# starter.stepdefinitions.LoginSteps.userOnLoginPage()&amp#27;[0m
20:27:20.481 [main] DEBUG net.thucydides.core.steps.StepInterceptor - STARTING STEP: LoginSteps.userInputInvalidUsername - inputInvalidUsername
20:27:20.487 [Forwarding findElement on session 9ec12d012017413ff6d417496ddfa621 to remote] DEBUG org.asynchttpclient.netty.request.NettyRequestSender - Using pooled Channel '[id: 0x441c1c9e, L:/127.0.0.1:52274 - R:localhost/127.0.0.1:43905]' for 'POST' to 'http://localhost:43905/session/9ec12d012017413ff6d417496ddfa621/element'
20:27:20.487 [Forwarding findElement on session 9ec12d012017413ff6d417496ddfa621 to remote] DEBUG org.asynchttpclient.netty.request.NettyRequestSender - Using open Channel [id: 0x441c1c9e, L:/127.0.0.1:52274 - R:localhost/127.0.0.1:43905] for POST '/session/9ec12d012017413ff6d417496ddfa621/element'
20:27:20.503 [AsyncHttpClient-1-5] DEBUG org.asynchttpclient.netty.handler.HttpHandler - 

Request DefaultHttpRequest(decodeResult: success, version: HTTP/1.1)
POST /session/9ec12d012017413ff6d417496ddfa621/element HTTP/1.1
User-Agent: selenium/4.8.1 (java windows)
Content-Length: 55
Content-Type: application/json; charset=utf-8
host: localhost:43905
accept: */*

Response DefaultHttpResponse(decodeResult: success, version: HTTP/1.1)
HTTP/1.1 200 OK
Content-Length: 88
Content-Type: application/json; charset=utf-8
cache-control: no-cache

20:27:20.504 [AsyncHttpClient-1-5] DEBUG org.asynchttpclient.netty.channel.ChannelManager - Adding key: http://localhost:43905 for channel [id: 0x441c1c9e, L:/127.0.0.1:52274 - R:localhost/127.0.0.1:43905]
20:27:20.506 [Forwarding clearElement on session 9ec12d012017413ff6d417496ddfa621 to remote] DEBUG org.asynchttpclient.netty.request.NettyRequestSender - Using pooled Channel '[id: 0x441c1c9e, L:/127.0.0.1:52274 - R:localhost/127.0.0.1:43905]' for 'POST' to 'http://localhost:43905/session/9ec12d012017413ff6d417496ddfa621/element/457b8551-4b79-4c53-a543-8a2423bcc1f0/clear'
20:27:20.506 [Forwarding clearElement on session 9ec12d012017413ff6d417496ddfa621 to remote] DEBUG org.asynchttpclient.netty.request.NettyRequestSender - Using open Channel [id: 0x441c1c9e, L:/127.0.0.1:52274 - R:localhost/127.0.0.1:43905] for POST '/session/9ec12d012017413ff6d417496ddfa621/element/457b8551-4b79-4c53-a543-8a2423bcc1f0/clear'
20:27:20.560 [AsyncHttpClient-1-5] DEBUG org.asynchttpclient.netty.handler.HttpHandler - 

Request DefaultHttpRequest(decodeResult: success, version: HTTP/1.1)
POST /session/9ec12d012017413ff6d417496ddfa621/element/457b8551-4b79-4c53-a543-8a2423bcc1f0/clear HTTP/1.1
User-Agent: selenium/4.8.1 (java windows)
Content-Length: 50
Content-Type: application/json; charset=utf-8
host: localhost:43905
accept: */*

Response DefaultHttpResponse(decodeResult: success, version: HTTP/1.1)
HTTP/1.1 200 OK
Content-Length: 14
Content-Type: application/json; charset=utf-8
cache-control: no-cache

20:27:20.561 [AsyncHttpClient-1-5] DEBUG org.asynchttpclient.netty.channel.ChannelManager - Adding key: http://localhost:43905 for channel [id: 0x441c1c9e, L:/127.0.0.1:52274 - R:localhost/127.0.0.1:43905]
20:27:20.564 [Forwarding sendKeysToElement on session 9ec12d012017413ff6d417496ddfa621 to remote] DEBUG org.asynchttpclient.netty.request.NettyRequestSender - Using pooled Channel '[id: 0x441c1c9e, L:/127.0.0.1:52274 - R:localhost/127.0.0.1:43905]' for 'POST' to 'http://localhost:43905/session/9ec12d012017413ff6d417496ddfa621/element/457b8551-4b79-4c53-a543-8a2423bcc1f0/value'
20:27:20.564 [Forwarding sendKeysToElement on session 9ec12d012017413ff6d417496ddfa621 to remote] DEBUG org.asynchttpclient.netty.request.NettyRequestSender - Using open Channel [id: 0x441c1c9e, L:/127.0.0.1:52274 - R:localhost/127.0.0.1:43905] for POST '/session/9ec12d012017413ff6d417496ddfa621/element/457b8551-4b79-4c53-a543-8a2423bcc1f0/value'
20:27:20.751 [AsyncHttpClient-1-5] DEBUG org.asynchttpclient.netty.handler.HttpHandler - 

Request DefaultHttpRequest(decodeResult: success, version: HTTP/1.1)
POST /session/9ec12d012017413ff6d417496ddfa621/element/457b8551-4b79-4c53-a543-8a2423bcc1f0/value HTTP/1.1
User-Agent: selenium/4.8.1 (java windows)
Content-Length: 261
Content-Type: application/json; charset=utf-8
host: localhost:43905
accept: */*

Response DefaultHttpResponse(decodeResult: success, version: HTTP/1.1)
HTTP/1.1 200 OK
Content-Length: 14
Content-Type: application/json; charset=utf-8
cache-control: no-cache

20:27:20.751 [AsyncHttpClient-1-5] DEBUG org.asynchttpclient.netty.channel.ChannelManager - Adding key: http://localhost:43905 for channel [id: 0x441c1c9e, L:/127.0.0.1:52274 - R:localhost/127.0.0.1:43905]
20:27:20.756 [main] DEBUG net.thucydides.core.steps.StepInterceptor - STEP DONE: inputInvalidUsername
  &amp#27;[32mWhen &amp#27;[0m&amp#27;[32muser input invalid username&amp#27;[0m                                     &amp#27;[90m# starter.stepdefinitions.LoginSteps.userInputInvalidUsername()&amp#27;[0m
20:27:20.782 [main] DEBUG net.thucydides.core.steps.StepInterceptor - STARTING STEP: LoginSteps.userInputValidPassword - inputPassword
20:27:20.788 [Forwarding findElement on session 9ec12d012017413ff6d417496ddfa621 to remote] DEBUG org.asynchttpclient.netty.request.NettyRequestSender - Using pooled Channel '[id: 0x441c1c9e, L:/127.0.0.1:52274 - R:localhost/127.0.0.1:43905]' for 'POST' to 'http://localhost:43905/session/9ec12d012017413ff6d417496ddfa621/element'
20:27:20.788 [Forwarding findElement on session 9ec12d012017413ff6d417496ddfa621 to remote] DEBUG org.asynchttpclient.netty.request.NettyRequestSender - Using open Channel [id: 0x441c1c9e, L:/127.0.0.1:52274 - R:localhost/127.0.0.1:43905] for POST '/session/9ec12d012017413ff6d417496ddfa621/element'
20:27:20.805 [AsyncHttpClient-1-5] DEBUG org.asynchttpclient.netty.handler.HttpHandler - 

Request DefaultHttpRequest(decodeResult: success, version: HTTP/1.1)
POST /session/9ec12d012017413ff6d417496ddfa621/element HTTP/1.1
User-Agent: selenium/4.8.1 (java windows)
Content-Length: 55
Content-Type: application/json; charset=utf-8
host: localhost:43905
accept: */*

Response DefaultHttpResponse(decodeResult: success, version: HTTP/1.1)
HTTP/1.1 200 OK
Content-Length: 88
Content-Type: application/json; charset=utf-8
cache-control: no-cache

20:27:20.805 [AsyncHttpClient-1-5] DEBUG org.asynchttpclient.netty.channel.ChannelManager - Adding key: http://localhost:43905 for channel [id: 0x441c1c9e, L:/127.0.0.1:52274 - R:localhost/127.0.0.1:43905]
20:27:20.808 [Forwarding clearElement on session 9ec12d012017413ff6d417496ddfa621 to remote] DEBUG org.asynchttpclient.netty.request.NettyRequestSender - Using pooled Channel '[id: 0x441c1c9e, L:/127.0.0.1:52274 - R:localhost/127.0.0.1:43905]' for 'POST' to 'http://localhost:43905/session/9ec12d012017413ff6d417496ddfa621/element/336beba4-6339-4fe0-981b-43af4367bb60/clear'
20:27:20.808 [Forwarding clearElement on session 9ec12d012017413ff6d417496ddfa621 to remote] DEBUG org.asynchttpclient.netty.request.NettyRequestSender - Using open Channel [id: 0x441c1c9e, L:/127.0.0.1:52274 - R:localhost/127.0.0.1:43905] for POST '/session/9ec12d012017413ff6d417496ddfa621/element/336beba4-6339-4fe0-981b-43af4367bb60/clear'
20:27:20.829 [AsyncHttpClient-1-1] DEBUG org.asynchttpclient.netty.channel.DefaultChannelPool - Entry count for : http://localhost:52275 : 1
20:27:20.853 [AsyncHttpClient-1-5] DEBUG org.asynchttpclient.netty.handler.HttpHandler - 

Request DefaultHttpRequest(decodeResult: success, version: HTTP/1.1)
POST /session/9ec12d012017413ff6d417496ddfa621/element/336beba4-6339-4fe0-981b-43af4367bb60/clear HTTP/1.1
User-Agent: selenium/4.8.1 (java windows)
Content-Length: 50
Content-Type: application/json; charset=utf-8
host: localhost:43905
accept: */*

Response DefaultHttpResponse(decodeResult: success, version: HTTP/1.1)
HTTP/1.1 200 OK
Content-Length: 14
Content-Type: application/json; charset=utf-8
cache-control: no-cache

20:27:20.854 [AsyncHttpClient-1-5] DEBUG org.asynchttpclient.netty.channel.ChannelManager - Adding key: http://localhost:43905 for channel [id: 0x441c1c9e, L:/127.0.0.1:52274 - R:localhost/127.0.0.1:43905]
20:27:20.857 [Forwarding sendKeysToElement on session 9ec12d012017413ff6d417496ddfa621 to remote] DEBUG org.asynchttpclient.netty.request.NettyRequestSender - Using pooled Channel '[id: 0x441c1c9e, L:/127.0.0.1:52274 - R:localhost/127.0.0.1:43905]' for 'POST' to 'http://localhost:43905/session/9ec12d012017413ff6d417496ddfa621/element/336beba4-6339-4fe0-981b-43af4367bb60/value'
20:27:20.857 [Forwarding sendKeysToElement on session 9ec12d012017413ff6d417496ddfa621 to remote] DEBUG org.asynchttpclient.netty.request.NettyRequestSender - Using open Channel [id: 0x441c1c9e, L:/127.0.0.1:52274 - R:localhost/127.0.0.1:43905] for POST '/session/9ec12d012017413ff6d417496ddfa621/element/336beba4-6339-4fe0-981b-43af4367bb60/value'
20:27:20.947 [AsyncHttpClient-1-5] DEBUG org.asynchttpclient.netty.handler.HttpHandler - 

Request DefaultHttpRequest(decodeResult: success, version: HTTP/1.1)
POST /session/9ec12d012017413ff6d417496ddfa621/element/336beba4-6339-4fe0-981b-43af4367bb60/value HTTP/1.1
User-Agent: selenium/4.8.1 (java windows)
Content-Length: 111
Content-Type: application/json; charset=utf-8
host: localhost:43905
accept: */*

Response DefaultHttpResponse(decodeResult: success, version: HTTP/1.1)
HTTP/1.1 200 OK
Content-Length: 14
Content-Type: application/json; charset=utf-8
cache-control: no-cache

20:27:20.948 [AsyncHttpClient-1-5] DEBUG org.asynchttpclient.netty.channel.ChannelManager - Adding key: http://localhost:43905 for channel [id: 0x441c1c9e, L:/127.0.0.1:52274 - R:localhost/127.0.0.1:43905]
20:27:20.954 [main] DEBUG net.thucydides.core.steps.StepInterceptor - STEP DONE: inputPassword
  &amp#27;[32mAnd &amp#27;[0m&amp#27;[32muser input valid password&amp#27;[0m                                        &amp#27;[90m# starter.stepdefinitions.LoginSteps.userInputValidPassword()&amp#27;[0m
20:27:20.969 [main] DEBUG net.thucydides.core.steps.StepInterceptor - STARTING STEP: LoginSteps.userClickLoginButton - ClickLoginBtn
20:27:21.001 [Forwarding findElement on session 9ec12d012017413ff6d417496ddfa621 to remote] DEBUG org.asynchttpclient.netty.request.NettyRequestSender - Using pooled Channel '[id: 0x441c1c9e, L:/127.0.0.1:52274 - R:localhost/127.0.0.1:43905]' for 'POST' to 'http://localhost:43905/session/9ec12d012017413ff6d417496ddfa621/element'
20:27:21.001 [Forwarding findElement on session 9ec12d012017413ff6d417496ddfa621 to remote] DEBUG org.asynchttpclient.netty.request.NettyRequestSender - Using open Channel [id: 0x441c1c9e, L:/127.0.0.1:52274 - R:localhost/127.0.0.1:43905] for POST '/session/9ec12d012017413ff6d417496ddfa621/element'
20:27:21.019 [AsyncHttpClient-1-5] DEBUG org.asynchttpclient.netty.handler.HttpHandler - 

Request DefaultHttpRequest(decodeResult: success, version: HTTP/1.1)
POST /session/9ec12d012017413ff6d417496ddfa621/element HTTP/1.1
User-Agent: selenium/4.8.1 (java windows)
Content-Length: 69
Content-Type: application/json; charset=utf-8
host: localhost:43905
accept: */*

Response DefaultHttpResponse(decodeResult: success, version: HTTP/1.1)
HTTP/1.1 200 OK
Content-Length: 88
Content-Type: application/json; charset=utf-8
cache-control: no-cache

20:27:21.019 [AsyncHttpClient-1-5] DEBUG org.asynchttpclient.netty.channel.ChannelManager - Adding key: http://localhost:43905 for channel [id: 0x441c1c9e, L:/127.0.0.1:52274 - R:localhost/127.0.0.1:43905]
20:27:21.028 [Forwarding getElementTagName on session 9ec12d012017413ff6d417496ddfa621 to remote] DEBUG org.asynchttpclient.netty.request.NettyRequestSender - Using pooled Channel '[id: 0x441c1c9e, L:/127.0.0.1:52274 - R:localhost/127.0.0.1:43905]' for 'GET' to 'http://localhost:43905/session/9ec12d012017413ff6d417496ddfa621/element/f0960bac-d948-4719-8dc9-6aeb131ac6a0/name'
[...]
HTTP/1.1 200 OK
Content-Length: 14
Content-Type: application/json; charset=utf-8
cache-control: no-cache

20:27:39.101 [AsyncHttpClient-1-3] DEBUG org.asynchttpclient.netty.channel.ChannelManager - Adding key: http://localhost:29742 for channel [id: 0xde8b49c5, L:/127.0.0.1:52323 - R:localhost/127.0.0.1:29742]
20:27:39.103 [Forwarding sendKeysToElement on session 58a202e53e6efc16822db8aedfcd20ff to remote] DEBUG org.asynchttpclient.netty.request.NettyRequestSender - Using pooled Channel '[id: 0xde8b49c5, L:/127.0.0.1:52323 - R:localhost/127.0.0.1:29742]' for 'POST' to 'http://localhost:29742/session/58a202e53e6efc16822db8aedfcd20ff/element/57b995b9-7c1c-43c1-91d8-e030c0852337/value'
20:27:39.103 [Forwarding sendKeysToElement on session 58a202e53e6efc16822db8aedfcd20ff to remote] DEBUG org.asynchttpclient.netty.request.NettyRequestSender - Using open Channel [id: 0xde8b49c5, L:/127.0.0.1:52323 - R:localhost/127.0.0.1:29742] for POST '/session/58a202e53e6efc16822db8aedfcd20ff/element/57b995b9-7c1c-43c1-91d8-e030c0852337/value'
20:27:39.159 [AsyncHttpClient-1-3] DEBUG org.asynchttpclient.netty.handler.HttpHandler - 

Request DefaultHttpRequest(decodeResult: success, version: HTTP/1.1)
POST /session/58a202e53e6efc16822db8aedfcd20ff/element/57b995b9-7c1c-43c1-91d8-e030c0852337/value HTTP/1.1
User-Agent: selenium/4.8.1 (java windows)
Content-Length: 82
Content-Type: application/json; charset=utf-8
host: localhost:29742
accept: */*

Response DefaultHttpResponse(decodeResult: success, version: HTTP/1.1)
HTTP/1.1 200 OK
Content-Length: 14
Content-Type: application/json; charset=utf-8
cache-control: no-cache

20:27:39.160 [AsyncHttpClient-1-3] DEBUG org.asynchttpclient.netty.channel.ChannelManager - Adding key: http://localhost:29742 for channel [id: 0xde8b49c5, L:/127.0.0.1:52323 - R:localhost/127.0.0.1:29742]
  &amp#27;[32mAnd &amp#27;[0m&amp#27;[32muser input empty password&amp#27;[0m                                         &amp#27;[90m# starter.stepdefinitions.LoginSteps.userInputEmptyPassword()&amp#27;[0m
20:27:39.178 [main] DEBUG net.thucydides.core.steps.StepInterceptor - STARTING STEP: LoginSteps.userClickLoginButton - ClickLoginBtn
20:27:39.183 [Forwarding findElement on session 58a202e53e6efc16822db8aedfcd20ff to remote] DEBUG org.asynchttpclient.netty.request.NettyRequestSender - Using pooled Channel '[id: 0xde8b49c5, L:/127.0.0.1:52323 - R:localhost/127.0.0.1:29742]' for 'POST' to 'http://localhost:29742/session/58a202e53e6efc16822db8aedfcd20ff/element'
20:27:39.183 [Forwarding findElement on session 58a202e53e6efc16822db8aedfcd20ff to remote] DEBUG org.asynchttpclient.netty.request.NettyRequestSender - Using open Channel [id: 0xde8b49c5, L:/127.0.0.1:52323 - R:localhost/127.0.0.1:29742] for POST '/session/58a202e53e6efc16822db8aedfcd20ff/element'
20:27:39.193 [AsyncHttpClient-1-3] DEBUG org.asynchttpclient.netty.handler.HttpHandler - 

Request DefaultHttpRequest(decodeResult: success, version: HTTP/1.1)
POST /session/58a202e53e6efc16822db8aedfcd20ff/element HTTP/1.1
User-Agent: selenium/4.8.1 (java windows)
Content-Length: 69
Content-Type: application/json; charset=utf-8
host: localhost:29742
accept: */*

Response DefaultHttpResponse(decodeResult: success, version: HTTP/1.1)
HTTP/1.1 200 OK
Content-Length: 88
Content-Type: application/json; charset=utf-8
cache-control: no-cache

20:27:39.194 [AsyncHttpClient-1-3] DEBUG org.asynchttpclient.netty.channel.ChannelManager - Adding key: http://localhost:29742 for channel [id: 0xde8b49c5, L:/127.0.0.1:52323 - R:localhost/127.0.0.1:29742]
20:27:39.196 [Forwarding getElementTagName on session 58a202e53e6efc16822db8aedfcd20ff to remote] DEBUG org.asynchttpclient.netty.request.NettyRequestSender - Using pooled Channel '[id: 0xde8b49c5, L:/127.0.0.1:52323 - R:localhost/127.0.0.1:29742]' for 'GET' to 'http://localhost:29742/session/58a202e53e6efc16822db8aedfcd20ff/element/d598fb25-ab71-46ad-bab3-2d44072481cf/name'
20:27:39.196 [Forwarding getElementTagName on session 58a202e53e6efc16822db8aedfcd20ff to remote] DEBUG org.asynchttpclient.netty.request.NettyRequestSender - Using open Channel [id: 0xde8b49c5, L:/127.0.0.1:52323 - R:localhost/127.0.0.1:29742] for GET '/session/58a202e53e6efc16822db8aedfcd20ff/element/d598fb25-ab71-46ad-bab3-2d44072481cf/name'
20:27:39.202 [AsyncHttpClient-1-3] DEBUG org.asynchttpclient.netty.handler.HttpHandler - 

Request DefaultFullHttpRequest(decodeResult: success, version: HTTP/1.1, content: EmptyByteBufBE)
GET /session/58a202e53e6efc16822db8aedfcd20ff/element/d598fb25-ab71-46ad-bab3-2d44072481cf/name HTTP/1.1
User-Agent: selenium/4.8.1 (java windows)
Cache-Control: no-cache
Content-Type: application/json; charset=utf-8
host: localhost:29742
accept: */*

Response DefaultHttpResponse(decodeResult: success, version: HTTP/1.1)
HTTP/1.1 200 OK
Content-Length: 16
Content-Type: application/json; charset=utf-8
cache-control: no-cache

20:27:39.202 [AsyncHttpClient-1-3] DEBUG org.asynchttpclient.netty.channel.ChannelManager - Adding key: http://localhost:29742 for channel [id: 0xde8b49c5, L:/127.0.0.1:52323 - R:localhost/127.0.0.1:29742]
20:27:39.205 [Forwarding getElementTagName on session 58a202e53e6efc16822db8aedfcd20ff to remote] DEBUG org.asynchttpclient.netty.request.NettyRequestSender - Using pooled Channel '[id: 0xde8b49c5, L:/127.0.0.1:52323 - R:localhost/127.0.0.1:29742]' for 'GET' to 'http://localhost:29742/session/58a202e53e6efc16822db8aedfcd20ff/element/d598fb25-ab71-46ad-bab3-2d44072481cf/name'
20:27:39.206 [Forwarding getElementTagName on session 58a202e53e6efc16822db8aedfcd20ff to remote] DEBUG org.asynchttpclient.netty.request.NettyRequestSender - Using open Channel [id: 0xde8b49c5, L:/127.0.0.1:52323 - R:localhost/127.0.0.1:29742] for GET '/session/58a202e53e6efc16822db8aedfcd20ff/element/d598fb25-ab71-46ad-bab3-2d44072481cf/name'
20:27:39.211 [AsyncHttpClient-1-3] DEBUG org.asynchttpclient.netty.handler.HttpHandler - 

Request DefaultFullHttpRequest(decodeResult: success, version: HTTP/1.1, content: EmptyByteBufBE)
GET /session/58a202e53e6efc16822db8aedfcd20ff/element/d598fb25-ab71-46ad-bab3-2d44072481cf/name HTTP/1.1
User-Agent: selenium/4.8.1 (java windows)
Cache-Control: no-cache
Content-Type: application/json; charset=utf-8
host: localhost:29742
accept: */*

Response DefaultHttpResponse(decodeResult: success, version: HTTP/1.1)
HTTP/1.1 200 OK
Content-Length: 16
Content-Type: application/json; charset=utf-8
cache-control: no-cache

20:27:39.211 [AsyncHttpClient-1-3] DEBUG org.asynchttpclient.netty.channel.ChannelManager - Adding key: http://localhost:29742 for channel [id: 0xde8b49c5, L:/127.0.0.1:52323 - R:localhost/127.0.0.1:29742]
20:27:39.214 [Forwarding findElement on session 58a202e53e6efc16822db8aedfcd20ff to remote] DEBUG org.asynchttpclient.netty.request.NettyRequestSender - Using pooled Channel '[id: 0xde8b49c5, L:/127.0.0.1:52323 - R:localhost/127.0.0.1:29742]' for 'POST' to 'http://localhost:29742/session/58a202e53e6efc16822db8aedfcd20ff/element'
20:27:39.214 [Forwarding findElement on session 58a202e53e6efc16822db8aedfcd20ff to remote] DEBUG org.asynchttpclient.netty.request.NettyRequestSender - Using open Channel [id: 0xde8b49c5, L:/127.0.0.1:52323 - R:localhost/127.0.0.1:29742] for POST '/session/58a202e53e6efc16822db8aedfcd20ff/element'
20:27:39.226 [AsyncHttpClient-1-3] DEBUG org.asynchttpclient.netty.handler.HttpHandler - 

Request DefaultHttpRequest(decodeResult: success, version: HTTP/1.1)
POST /session/58a202e53e6efc16822db8aedfcd20ff/element HTTP/1.1
User-Agent: selenium/4.8.1 (java windows)
Content-Length: 69
Content-Type: application/json; charset=utf-8
host: localhost:29742
accept: */*

Response DefaultHttpResponse(decodeResult: success, version: HTTP/1.1)
HTTP/1.1 200 OK
Content-Length: 88
Content-Type: application/json; charset=utf-8
cache-control: no-cache

20:27:39.226 [AsyncHttpClient-1-3] DEBUG org.asynchttpclient.netty.channel.ChannelManager - Adding key: http://localhost:29742 for channel [id: 0xde8b49c5, L:/127.0.0.1:52323 - R:localhost/127.0.0.1:29742]
20:27:39.228 [Forwarding clickElement on session 58a202e53e6efc16822db8aedfcd20ff to remote] DEBUG org.asynchttpclient.netty.request.NettyRequestSender - Using pooled Channel '[id: 0xde8b49c5, L:/127.0.0.1:52323 - R:localhost/127.0.0.1:29742]' for 'POST' to 'http://localhost:29742/session/58a202e53e6efc16822db8aedfcd20ff/element/d598fb25-ab71-46ad-bab3-2d44072481cf/click'
20:27:39.228 [Forwarding clickElement on session 58a202e53e6efc16822db8aedfcd20ff to remote] DEBUG org.asynchttpclient.netty.request.NettyRequestSender - Using open Channel [id: 0xde8b49c5, L:/127.0.0.1:52323 - R:localhost/127.0.0.1:29742] for POST '/session/58a202e53e6efc16822db8aedfcd20ff/element/d598fb25-ab71-46ad-bab3-2d44072481cf/click'
20:27:39.327 [AsyncHttpClient-1-3] DEBUG org.asynchttpclient.netty.handler.HttpHandler - 

Request DefaultHttpRequest(decodeResult: success, version: HTTP/1.1)
POST /session/58a202e53e6efc16822db8aedfcd20ff/element/d598fb25-ab71-46ad-bab3-2d44072481cf/click HTTP/1.1
User-Agent: selenium/4.8.1 (java windows)
Content-Length: 50
Content-Type: application/json; charset=utf-8
host: localhost:29742
accept: */*

Response DefaultHttpResponse(decodeResult: success, version: HTTP/1.1)
HTTP/1.1 200 OK
Content-Length: 14
Content-Type: application/json; charset=utf-8
cache-control: no-cache

20:27:39.327 [AsyncHttpClient-1-3] DEBUG org.asynchttpclient.netty.channel.ChannelManager - Adding key: http://localhost:29742 for channel [id: 0xde8b49c5, L:/127.0.0.1:52323 - R:localhost/127.0.0.1:29742]
20:27:39.331 [main] DEBUG net.thucydides.core.steps.StepInterceptor - STEP DONE: ClickLoginBtn
  &amp#27;[32mAnd &amp#27;[0m&amp#27;[32muser click login button&amp#27;[0m                                           &amp#27;[90m# starter.stepdefinitions.LoginSteps.userClickLoginButton()&amp#27;[0m
20:27:39.346 [main] DEBUG net.thucydides.core.steps.StepInterceptor - STARTING STEP: LoginSteps.userSeeErrorMessage - errorMessageIsDispalyed
20:27:39.350 [Forwarding findElement on session 58a202e53e6efc16822db8aedfcd20ff to remote] DEBUG org.asynchttpclient.netty.request.NettyRequestSender - Using pooled Channel '[id: 0xde8b49c5, L:/127.0.0.1:52323 - R:localhost/127.0.0.1:29742]' for 'POST' to 'http://localhost:29742/session/58a202e53e6efc16822db8aedfcd20ff/element'
20:27:39.350 [Forwarding findElement on session 58a202e53e6efc16822db8aedfcd20ff to remote] DEBUG org.asynchttpclient.netty.request.NettyRequestSender - Using open Channel [id: 0xde8b49c5, L:/127.0.0.1:52323 - R:localhost/127.0.0.1:29742] for POST '/session/58a202e53e6efc16822db8aedfcd20ff/element'
20:27:39.529 [AsyncHttpClient-1-1] DEBUG org.asynchttpclient.netty.channel.DefaultChannelPool - Entry count for : http://localhost:52324 : 1
20:27:40.098 [AsyncHttpClient-1-3] DEBUG org.asynchttpclient.netty.handler.HttpHandler - 

Request DefaultHttpRequest(decodeResult: success, version: HTTP/1.1)
POST /session/58a202e53e6efc16822db8aedfcd20ff/element HTTP/1.1
User-Agent: selenium/4.8.1 (java windows)
Content-Length: 79
Content-Type: application/json; charset=utf-8
host: localhost:29742
accept: */*

Response DefaultHttpResponse(decodeResult: success, version: HTTP/1.1)
HTTP/1.1 200 OK
Content-Length: 88
Content-Type: application/json; charset=utf-8
cache-control: no-cache

20:27:40.098 [AsyncHttpClient-1-3] DEBUG org.asynchttpclient.netty.channel.ChannelManager - Adding key: http://localhost:29742 for channel [id: 0xde8b49c5, L:/127.0.0.1:52323 - R:localhost/127.0.0.1:29742]
20:27:40.108 [Forwarding isElementDisplayed on session 58a202e53e6efc16822db8aedfcd20ff to remote] DEBUG org.asynchttpclient.netty.request.NettyRequestSender - Using pooled Channel '[id: 0xde8b49c5, L:/127.0.0.1:52323 - R:localhost/127.0.0.1:29742]' for 'POST' to 'http://localhost:29742/session/58a202e53e6efc16822db8aedfcd20ff/execute/sync'
20:27:40.108 [Forwarding isElementDisplayed on session 58a202e53e6efc16822db8aedfcd20ff to remote] DEBUG org.asynchttpclient.netty.request.NettyRequestSender - Using open Channel [id: 0xde8b49c5, L:/127.0.0.1:52323 - R:localhost/127.0.0.1:29742] for POST '/session/58a202e53e6efc16822db8aedfcd20ff/execute/sync'
20:27:40.153 [AsyncHttpClient-1-3] DEBUG org.asynchttpclient.netty.handler.HttpHandler - 

Request DefaultHttpRequest(decodeResult: success, version: HTTP/1.1)
POST /session/58a202e53e6efc16822db8aedfcd20ff/execute/sync HTTP/1.1
User-Agent: selenium/4.8.1 (java windows)
Content-Length: 48807
Content-Type: application/json; charset=utf-8
host: localhost:29742
accept: */*

Response DefaultHttpResponse(decodeResult: success, version: HTTP/1.1)
HTTP/1.1 200 OK
Content-Length: 14
Content-Type: application/json; charset=utf-8
cache-control: no-cache

20:27:40.154 [AsyncHttpClient-1-3] DEBUG org.asynchttpclient.netty.channel.ChannelManager - Adding key: http://localhost:29742 for channel [id: 0xde8b49c5, L:/127.0.0.1:52323 - R:localhost/127.0.0.1:29742]
20:27:40.164 [Forwarding isElementDisplayed on session 58a202e53e6efc16822db8aedfcd20ff to remote] DEBUG org.asynchttpclient.netty.request.NettyRequestSender - Using pooled Channel '[id: 0xde8b49c5, L:/127.0.0.1:52323 - R:localhost/127.0.0.1:29742]' for 'POST' to 'http://localhost:29742/session/58a202e53e6efc16822db8aedfcd20ff/execute/sync'
20:27:40.164 [Forwarding isElementDisplayed on session 58a202e53e6efc16822db8aedfcd20ff to remote] DEBUG org.asynchttpclient.netty.request.NettyRequestSender - Using open Channel [id: 0xde8b49c5, L:/127.0.0.1:52323 - R:localhost/127.0.0.1:29742] for POST '/session/58a202e53e6efc16822db8aedfcd20ff/execute/sync'
20:27:40.182 [AsyncHttpClient-1-3] DEBUG org.asynchttpclient.netty.handler.HttpHandler - 

Request DefaultHttpRequest(decodeResult: success, version: HTTP/1.1)
POST /session/58a202e53e6efc16822db8aedfcd20ff/execute/sync HTTP/1.1
User-Agent: selenium/4.8.1 (java windows)
Content-Length: 48807
Content-Type: application/json; charset=utf-8
host: localhost:29742
accept: */*

Response DefaultHttpResponse(decodeResult: success, version: HTTP/1.1)
HTTP/1.1 200 OK
Content-Length: 14
Content-Type: application/json; charset=utf-8
cache-control: no-cache

20:27:40.182 [AsyncHttpClient-1-3] DEBUG org.asynchttpclient.netty.channel.ChannelManager - Adding key: http://localhost:29742 for channel [id: 0xde8b49c5, L:/127.0.0.1:52323 - R:localhost/127.0.0.1:29742]
20:27:40.191 [main] DEBUG net.thucydides.core.steps.StepInterceptor - STEP DONE: errorMessageIsDispalyed
  &amp#27;[32mThen &amp#27;[0m&amp#27;[32muser see error message&amp#27;[0m                                           &amp#27;[90m# starter.stepdefinitions.LoginSteps.userSeeErrorMessage()&amp#27;[0m
20:27:40.202 [main] INFO  - 
  _____   ___   ___   _____     ___     _     ___   ___   ___   ___  
 |_   _| | __| / __| |_   _|   | _ \   /_\   / __| / __| | __| |   \ 
   | |   | _|  \__ \   | |     |  _/  / _ \  \__ \ \__ \ | _|  | |) |
   |_|   |___| |___/   |_|     |_|   /_/ \_\ |___/ |___/ |___| |___/ 

as user i want to input empty password then get error message
----------------------------------------------------------------------
20:27:40.209 [AsyncHttpClient-1-5] DEBUG org.asynchttpclient.netty.handler.WebSocketHandler - Channel Closed: [id: 0xc206371d, L:/127.0.0.1:52330 ! R:localhost/127.0.0.1:52324] with attribute NettyResponseFuture{currentRetry=0,
	isDone=1,
	isCancelled=0,
	asyncHandler=org.asynchttpclient.ws.WebSocketUpgradeHandler@1046b7be,
	nettyRequest=org.asynchttpclient.netty.request.NettyRequest@7591fed0,
	future=java.util.concurrent.CompletableFuture@7a8325[Completed normally],
	uri=ws://localhost:52324/devtools/browser/75ed3215-c195-4de3-9442-739e13d3bcf7,
	keepAlive=true,
	redirectCount=0,
	timeoutsHolder=null,
	inAuth=0,
	touch=1683552454850}
20:27:40.209 [AsyncHttpClient-1-5] DEBUG org.asynchttpclient.netty.channel.ChannelManager - Closing Channel [id: 0xc206371d, L:/127.0.0.1:52330 ! R:localhost/127.0.0.1:52324] 
20:27:40.212 [Driver Command Executor] DEBUG org.asynchttpclient.netty.request.NettyRequestSender - Using pooled Channel '[id: 0xde8b49c5, L:/127.0.0.1:52323 - R:localhost/127.0.0.1:29742]' for 'DELETE' to 'http://localhost:29742/session/58a202e53e6efc16822db8aedfcd20ff'
20:27:40.212 [Driver Command Executor] DEBUG org.asynchttpclient.netty.request.NettyRequestSender - Using open Channel [id: 0xde8b49c5, L:/127.0.0.1:52323 - R:localhost/127.0.0.1:29742] for DELETE '/session/58a202e53e6efc16822db8aedfcd20ff'
20:27:40.639 [AsyncHttpClient-1-1] DEBUG org.asynchttpclient.netty.channel.DefaultChannelPool - Entry count for : http://localhost:52324 : 1
20:27:40.861 [AsyncHttpClient-1-4] DEBUG org.asynchttpclient.netty.handler.HttpHandler - Unexpected I/O exception on channel [id: 0xb1a63202, L:/127.0.0.1:52329 - R:localhost/127.0.0.1:52324]
java.io.IOException: An existing connection was forcibly closed by the remote host
	at sun.nio.ch.SocketDispatcher.read0(Native Method)
	at sun.nio.ch.SocketDispatcher.read(SocketDispatcher.java:43)
	at sun.nio.ch.IOUtil.readIntoNativeBuffer(IOUtil.java:223)
	at sun.nio.ch.IOUtil.read(IOUtil.java:192)
	at sun.nio.ch.SocketChannelImpl.read(SocketChannelImpl.java:380)
	at io.netty.buffer.PooledByteBuf.setBytes(PooledByteBuf.java:259)
	at io.netty.buffer.AbstractByteBuf.writeBytes(AbstractByteBuf.java:1132)
	at io.netty.channel.socket.nio.NioSocketChannel.doReadBytes(NioSocketChannel.java:357)
	at io.netty.channel.nio.AbstractNioByteChannel$NioByteUnsafe.read(AbstractNioByteChannel.java:151)
	at io.netty.channel.nio.NioEventLoop.processSelectedKey(NioEventLoop.java:788)
	at io.netty.channel.nio.NioEventLoop.processSelectedKeysOptimized(NioEventLoop.java:724)
	at io.netty.channel.nio.NioEventLoop.processSelectedKeys(NioEventLoop.java:650)
	at io.netty.channel.nio.NioEventLoop.run(NioEventLoop.java:562)
	at io.netty.util.concurrent.SingleThreadEventExecutor$4.run(SingleThreadEventExecutor.java:997)
	at io.netty.util.internal.ThreadExecutorMap$2.run(ThreadExecutorMap.java:74)
	at io.netty.util.concurrent.FastThreadLocalRunnable.run(FastThreadLocalRunnable.java:30)
	at java.lang.Thread.run(Thread.java:748)
20:27:40.861 [AsyncHttpClient-1-4] DEBUG org.asynchttpclient.netty.channel.ChannelManager - Closing Channel [id: 0xb1a63202, L:/127.0.0.1:52329 - R:localhost/127.0.0.1:52324] 
20:27:40.862 [AsyncHttpClient-1-4] DEBUG org.asynchttpclient.netty.handler.HttpHandler - Channel Closed: [id: 0xb1a63202, L:/127.0.0.1:52329 ! R:localhost/127.0.0.1:52324] with attribute DISCARD
20:27:40.985 [AsyncHttpClient-1-3] DEBUG org.asynchttpclient.netty.handler.HttpHandler - 

Request DefaultFullHttpRequest(decodeResult: success, version: HTTP/1.1, content: EmptyByteBufBE)
DELETE /session/58a202e53e6efc16822db8aedfcd20ff HTTP/1.1
User-Agent: selenium/4.8.1 (java windows)
Content-Type: application/json; charset=utf-8
host: localhost:29742
accept: */*

Response DefaultHttpResponse(decodeResult: success, version: HTTP/1.1)
HTTP/1.1 200 OK
Content-Length: 14
Content-Type: application/json; charset=utf-8
cache-control: no-cache

20:27:40.985 [AsyncHttpClient-1-3] DEBUG org.asynchttpclient.netty.channel.ChannelManager - Adding key: http://localhost:29742 for channel [id: 0xde8b49c5, L:/127.0.0.1:52323 - R:localhost/127.0.0.1:29742]
20:27:41.086 [AsyncHttpClient-1-3] DEBUG org.asynchttpclient.netty.handler.HttpHandler - Channel Closed: [id: 0xde8b49c5, L:/127.0.0.1:52323 ! R:localhost/127.0.0.1:29742] with attribute DISCARD
]]></system-out>
    <system-err><![CDATA[Starting ChromeDriver 112.0.5615.49 (bd2a7bcb881c11e8cfe3078709382934e3916914-refs/branch-heads/5615@{#936}) on port 29742
Only local connections are allowed.
Please see https://chromedriver.chromium.org/security-considerations for suggestions on keeping ChromeDriver safe.
ChromeDriver was started successfully.
May 08, 2023 8:27:34 PM org.openqa.selenium.devtools.CdpVersionFinder findNearestMatch
WARNING: Unable to find an exact match for CDP version 112, so returning the closest version found: 110
]]></system-err>
  </testcase>
</testsuite>