<?xml version="1.0" encoding="UTF-8" standalone="no"?><testsuite errors="0" failures="0" name="As a user i can success login so that i can see main page" skipped="0" tests="4" time="49.56" timestamp="2023-05-08 08:26:48"><testcase name="as user i want to input valid so that i can see product page"/><testcase name="as user i want to input invalid email then get error message"/><testcase name="as user i want to input empty email then get error message"/><testcase name="as user i want to input empty password then get error message"/></testsuite>