<?xml version="1.0" encoding="UTF-8"?>
<testsuite xmlns:xsi="http://www.w3.org/2001/XMLSchema-instance" xsi:noNamespaceSchemaLocation="https://maven.apache.org/surefire/maven-failsafe-plugin/xsd/failsafe-test-report-3.0.xsd" version="3.0" name="starter.CucumberTestSuite" time="17.805" tests="1" errors="0" skipped="0" failures="0">
  <properties>
[...]
</properties>
  <testcase name="as user i want to input invalid endpoint product" classname="As a user i want to get detail product by id" time="10.959">
    <system-out><![CDATA[21:30:37.865 [main] DEBUG net.thucydides.core.guice.Injectors - Created injector for module net.thucydides.core.guice.ThucydidesModule
21:30:38.874 [main] INFO io.cucumber.core.plugin.SerenityReporter - Running feature from file:///D:/D/QE_Alta/mini-project-nisa/API/Altashop-Products/src/test/resources/features/Products/AllProducts.feature
21:30:39.268 [main] DEBUG net.thucydides.core.guice.Injectors - Created injector for module net.thucydides.core.guice.webdriver.WebDriverModule
21:30:39.330 [main] INFO  - 

-------------------------------------------------------------------------------------
     _______. _______ .______       _______ .__   __.  __  .___________.____    ____ 
    /       ||   ____||   _  \     |   ____||  \ |  | |  | |           |\   \  /   / 
   |   (----`|  |__   |  |_)  |    |  |__   |   \|  | |  | `---|  |----` \   \/   /  
    \   \    |   __|  |      /     |   __|  |  . `  | |  |     |  |       \_    _/   
.----)   |   |  |____ |  |\  \----.|  |____ |  |\   | |  |     |  |         |  |     
|_______/    |_______|| _| `._____||_______||__| \__| |__|     |__|         |__|    
                                                                                     
 News and tutorials at http://www.serenity-bdd.info                                  
 Documentation at https://wakaleo.gitbooks.io/the-serenity-book/content/             
 Join the Serenity Community on Gitter: https://gitter.im/serenity-bdd/serenity-core 
 Serenity BDD Support and Training at http://serenity-bdd.info/#/trainingandsupport  
-------------------------------------------------------------------------------------

21:30:39.339 [main] DEBUG net.thucydides.core.steps.StepEventBus - Test suite started for story net.thucydides.core.model.Story@c7c0c098
21:30:39.342 [main] INFO  - Test Suite Started: As a user i want to get all detail product
21:30:39.384 [main] INFO io.cucumber.core.plugin.SerenityReporter - Running feature from file:///D:/D/QE_Alta/mini-project-nisa/API/Altashop-Products/src/test/resources/features/Products/CreateCommentProduct.feature
21:30:39.391 [main] DEBUG net.thucydides.core.steps.StepEventBus - Test suite started for story net.thucydides.core.model.Story@a62240a8
21:30:39.392 [main] INFO  - Test Suite Started: As a user i want to create new comment product
21:30:39.393 [main] INFO io.cucumber.core.plugin.SerenityReporter - Running feature from file:///D:/D/QE_Alta/mini-project-nisa/API/Altashop-Products/src/test/resources/features/Products/CreateNewProduct.feature
21:30:39.401 [main] DEBUG net.thucydides.core.steps.StepEventBus - Test suite started for story net.thucydides.core.model.Story@8b0ee119
21:30:39.401 [main] INFO  - Test Suite Started: As a user i want to create new product
21:30:39.402 [main] INFO io.cucumber.core.plugin.SerenityReporter - Running feature from file:///D:/D/QE_Alta/mini-project-nisa/API/Altashop-Products/src/test/resources/features/Products/CreateProductRatings.feature
21:30:39.409 [main] DEBUG net.thucydides.core.steps.StepEventBus - Test suite started for story net.thucydides.core.model.Story@8bed1182
21:30:39.410 [main] INFO  - Test Suite Started: As a user i want to create new rating of products
21:30:39.410 [main] INFO io.cucumber.core.plugin.SerenityReporter - Running feature from file:///D:/D/QE_Alta/mini-project-nisa/API/Altashop-Products/src/test/resources/features/Products/Delete.feature
21:30:39.417 [main] DEBUG net.thucydides.core.steps.StepEventBus - Test suite started for story net.thucydides.core.model.Story@6d7f885d
21:30:39.418 [main] INFO  - Test Suite Started: As a user i want to delete product
21:30:39.419 [main] INFO io.cucumber.core.plugin.SerenityReporter - Running feature from file:///D:/D/QE_Alta/mini-project-nisa/API/Altashop-Products/src/test/resources/features/Products/ProductComments.feature
21:30:39.426 [main] DEBUG net.thucydides.core.steps.StepEventBus - Test suite started for story net.thucydides.core.model.Story@9c72c5a3
21:30:39.427 [main] INFO  - Test Suite Started: As a user i want to get product comments
21:30:39.427 [main] INFO io.cucumber.core.plugin.SerenityReporter - Running feature from file:///D:/D/QE_Alta/mini-project-nisa/API/Altashop-Products/src/test/resources/features/Products/ProductID.feature
21:30:39.434 [main] DEBUG net.thucydides.core.steps.StepEventBus - Test suite started for story net.thucydides.core.model.Story@42e0b465
21:30:39.435 [main] INFO  - Test Suite Started: As a user i want to get detail product by id
21:30:39.435 [main] INFO io.cucumber.core.plugin.SerenityReporter - Running feature from file:///D:/D/QE_Alta/mini-project-nisa/API/Altashop-Products/src/test/resources/features/Products/ProductRating.feature
21:30:39.501 [main] DEBUG net.thucydides.core.steps.StepEventBus - Test suite started for story net.thucydides.core.model.Story@d052edf9
21:30:39.501 [main] INFO  - Test Suite Started: As a user i want to get detail product rating by id
21:30:39.503 [main] INFO io.cucumber.core.plugin.SerenityReporter - Running feature from file:///D:/D/QE_Alta/mini-project-nisa/API/Altashop-Products/src/test/resources/features/Products/ProductID.feature
21:30:39.507 [main] DEBUG net.thucydides.core.steps.StepEventBus - Test suite started for story net.thucydides.core.model.Story@42e0b465
21:30:39.508 [main] INFO  - Test Suite Started: As a user i want to get detail product by id

@NegativeCaseGetProductByID
Scenario: as user i want to input invalid endpoint product &amp#27;[90m# src/test/resources/features/Products/ProductID.feature:10&amp#27;[0m
21:30:39.776 [main] INFO io.cucumber.core.plugin.SerenityReporter - Running feature from file:///D:/D/QE_Alta/mini-project-nisa/API/Altashop-Products/src/test/resources/features/Products/ProductID.feature
21:30:40.121 [main] INFO  - 
  _____   ___   ___   _____     ___   _____     _     ___   _____   ___   ___  
 |_   _| | __| / __| |_   _|   / __| |_   _|   /_\   | _ \ |_   _| | __| |   \ 
   | |   | _|  \__ \   | |     \__ \   | |    / _ \  |   /   | |   | _|  | |) |
   |_|   |___| |___/   |_|     |___/   |_|   /_/ \_\ |_|_\   |_|   |___| |___/ 

as user i want to input invalid endpoint product(as-a-user-i-want-to-get-detail-product-by-id;as-user-i-want-to-input-invalid-endpoint-product)
--------------------------------------------------------------------------------
21:30:40.226 [main] DEBUG net.thucydides.core.requirements.FileSystemRequirementsTagProvider - Loading requirements from directory: D:\D\QE_Alta\mini-project-nisa\API\Altashop-Products\src\test\resources\features\Products (D:\D\QE_Alta\mini-project-nisa\API\Altashop-Products\src\test\resources\features\Products)
21:30:40.227 [main] DEBUG net.thucydides.core.requirements.FileSystemRequirementsTagProvider - Get requirements type for: D:\D\QE_Alta\mini-project-nisa\API\Altashop-Products\src\test\resources\features\Products (D:\D\QE_Alta\mini-project-nisa\API\Altashop-Products\src\test\resources\features\Products)
21:30:41.440 [main] DEBUG net.thucydides.core.steps.StepInterceptor - STARTING STEP: AllProductSteps.HasInvalidEndpoint - setInvalidApiEndpoint
21:30:41.447 [main] DEBUG net.thucydides.core.steps.StepInterceptor - STEP DONE: setInvalidApiEndpoint
  &amp#27;[32mGiven &amp#27;[0m&amp#27;[32muser has invalid endpoint product&amp#27;[0m                  &amp#27;[90m# starter.stepdefinitions.AllProductSteps.HasInvalidEndpoint()&amp#27;[0m
21:30:46.382 [main] DEBUG net.thucydides.core.steps.StepInterceptor - STARTING STEP: CreateNewProductPage.InvalidEndpoint - setInvalidEndpoint
21:30:46.382 [main] DEBUG net.thucydides.core.steps.StepInterceptor - STEP DONE: setInvalidEndpoint
21:30:49.299 [main] DEBUG org.apache.http.impl.conn.BasicClientConnectionManager - Get connection for route {s}->https://altashop-api.fly.dev:443
21:30:49.726 [main] DEBUG org.apache.http.impl.conn.DefaultClientConnectionOperator - Connecting to altashop-api.fly.dev:443
21:30:50.221 [main] DEBUG org.apache.http.client.protocol.RequestAddCookies - CookieSpec selected: ignoreCookies
21:30:50.227 [main] DEBUG org.apache.http.client.protocol.RequestAuthCache - Auth cache not set in the context
21:30:50.227 [main] DEBUG org.apache.http.client.protocol.RequestTargetAuthentication - Target auth state: UNCHALLENGED
21:30:50.228 [main] DEBUG org.apache.http.client.protocol.RequestProxyAuthentication - Proxy auth state: UNCHALLENGED
21:30:50.228 [main] DEBUG org.apache.http.impl.client.DefaultHttpClient - Attempt 1 to execute request
21:30:50.229 [main] DEBUG org.apache.http.impl.conn.DefaultClientConnection - Sending request: POST /api/product HTTP/1.1
21:30:50.229 [main] DEBUG org.apache.http.wire -  >> "POST /api/product HTTP/1.1[\r][\n]"
21:30:50.231 [main] DEBUG org.apache.http.wire -  >> "Accept: */*[\r][\n]"
21:30:50.231 [main] DEBUG org.apache.http.wire -  >> "Content-Type: application/json[\r][\n]"
21:30:50.231 [main] DEBUG org.apache.http.wire -  >> "Content-Length: 55[\r][\n]"
21:30:50.231 [main] DEBUG org.apache.http.wire -  >> "Host: altashop-api.fly.dev[\r][\n]"
21:30:50.231 [main] DEBUG org.apache.http.wire -  >> "Connection: Keep-Alive[\r][\n]"
21:30:50.231 [main] DEBUG org.apache.http.wire -  >> "User-Agent: Apache-HttpClient/4.5.13 (Java/1.8.0_202)[\r][\n]"
21:30:50.232 [main] DEBUG org.apache.http.wire -  >> "Accept-Encoding: gzip,deflate[\r][\n]"
21:30:50.232 [main] DEBUG org.apache.http.wire -  >> "[\r][\n]"
21:30:50.232 [main] DEBUG org.apache.http.headers - >> POST /api/product HTTP/1.1
21:30:50.233 [main] DEBUG org.apache.http.headers - >> Accept: */*
21:30:50.233 [main] DEBUG org.apache.http.headers - >> Content-Type: application/json
21:30:50.233 [main] DEBUG org.apache.http.headers - >> Content-Length: 55
21:30:50.233 [main] DEBUG org.apache.http.headers - >> Host: altashop-api.fly.dev
21:30:50.233 [main] DEBUG org.apache.http.headers - >> Connection: Keep-Alive
21:30:50.233 [main] DEBUG org.apache.http.headers - >> User-Agent: Apache-HttpClient/4.5.13 (Java/1.8.0_202)
21:30:50.233 [main] DEBUG org.apache.http.headers - >> Accept-Encoding: gzip,deflate
21:30:50.234 [main] DEBUG org.apache.http.wire -  >> "{"name":"Product","description":"ini deskripsi produk"}"
21:30:50.269 [main] DEBUG org.apache.http.wire -  << "HTTP/1.1 404 Not Found[\r][\n]"
21:30:50.271 [main] DEBUG org.apache.http.wire -  << "date: Thu, 04 May 2023 14:30:52 GMT[\r][\n]"
21:30:50.272 [main] DEBUG org.apache.http.wire -  << "content-encoding: gzip[\r][\n]"
21:30:50.272 [main] DEBUG org.apache.http.wire -  << "content-type: text/plain; charset=utf-8[\r][\n]"
21:30:50.272 [main] DEBUG org.apache.http.wire -  << "transfer-encoding: chunked[\r][\n]"
21:30:50.272 [main] DEBUG org.apache.http.wire -  << "server: Fly/199ec4d3 (2023-04-25)[\r][\n]"
21:30:50.272 [main] DEBUG org.apache.http.wire -  << "via: 1.1 fly.io[\r][\n]"
21:30:50.272 [main] DEBUG org.apache.http.wire -  << "fly-request-id: 01GZKJRK3DK5GPSGQDMCJDXVJK-sin[\r][\n]"
21:30:50.272 [main] DEBUG org.apache.http.wire -  << "[\r][\n]"
21:30:50.273 [main] DEBUG org.apache.http.impl.conn.DefaultClientConnection - Receiving response: HTTP/1.1 404 Not Found
21:30:50.273 [main] DEBUG org.apache.http.headers - << HTTP/1.1 404 Not Found
21:30:50.273 [main] DEBUG org.apache.http.headers - << date: Thu, 04 May 2023 14:30:52 GMT
21:30:50.274 [main] DEBUG org.apache.http.headers - << content-encoding: gzip
21:30:50.274 [main] DEBUG org.apache.http.headers - << content-type: text/plain; charset=utf-8
21:30:50.274 [main] DEBUG org.apache.http.headers - << transfer-encoding: chunked
21:30:50.274 [main] DEBUG org.apache.http.headers - << server: Fly/199ec4d3 (2023-04-25)
21:30:50.274 [main] DEBUG org.apache.http.headers - << via: 1.1 fly.io
21:30:50.274 [main] DEBUG org.apache.http.headers - << fly-request-id: 01GZKJRK3DK5GPSGQDMCJDXVJK-sin
21:30:50.284 [main] DEBUG org.apache.http.impl.client.DefaultHttpClient - Connection can be kept alive indefinitely
21:30:50.293 [main] DEBUG io.restassured.internal.RestAssuredHttpBuilder - Parsing response as: text/plain; charset=utf-8
21:30:50.294 [main] DEBUG org.apache.http.wire -  << "1E[\r][\n]"
21:30:50.294 [main] DEBUG org.apache.http.wire -  << "[0x1f][0x8b][0x8][0x0][0x0][0x0][0x0][0x0][0x4][0xff][0xcb][0xcb]/QH[0xcb]/[0xcd]K[0xe1][0x2][0x0][0xd4]I[0xfa]r[\n]"
21:30:50.294 [main] DEBUG org.apache.http.wire -  << "[0x0][0x0][0x0]"
21:30:50.294 [main] DEBUG org.apache.http.wire -  << "[\r][\n]"
21:30:50.295 [main] DEBUG org.apache.http.wire -  << "0[\r][\n]"
21:30:50.295 [main] DEBUG org.apache.http.wire -  << "[\r][\n]"
21:30:50.295 [main] DEBUG io.restassured.internal.RestAssuredHttpBuilder - Parsed data to instance of: class org.apache.http.conn.EofSensorInputStream
21:30:50.377 [main] DEBUG org.apache.http.impl.conn.BasicClientConnectionManager - Releasing connection org.apache.http.impl.conn.ManagedClientConnectionImpl@19e21f89
21:30:50.379 [main] DEBUG org.apache.http.impl.conn.BasicClientConnectionManager - Connection can be kept alive indefinitely
  &amp#27;[32mWhen &amp#27;[0m&amp#27;[32muser send request to invalid endpoint product&amp#27;[0m       &amp#27;[90m# starter.stepdefinitions.CreateNewProductSteps.userSendRequestToInvalidEndpointProduct()&amp#27;[0m
  &amp#27;[32mThen &amp#27;[0m&amp#27;[32muser see error message with status code &amp#27;[0m&amp#27;[32m&amp#27;[1m404&amp#27;[0m         &amp#27;[90m# starter.stepdefinitions.CreateNewProductSteps.userSeeErrorMessageWithStatusCode(int)&amp#27;[0m
21:30:50.462 [main] INFO  - 
  _____   ___   ___   _____     ___     _     ___   ___   ___   ___  
 |_   _| | __| / __| |_   _|   | _ \   /_\   / __| / __| | __| |   \ 
   | |   | _|  \__ \   | |     |  _/  / _ \  \__ \ \__ \ | _|  | |) |
   |_|   |___| |___/   |_|     |_|   /_/ \_\ |___/ |___/ |___| |___/ 

as user i want to input invalid endpoint product
----------------------------------------------------------------------
]]></system-out>
  </testcase>
</testsuite>