<?xml version="1.0" encoding="UTF-8" standalone="no"?><testsuite errors="0" failures="0" name="As a user i can be success register so that i can used my account for login" skipped="0" tests="5" time="61.54" timestamp="2023-05-08 08:45:39"><testcase name="as user i want to register with complete values"/><testcase name="as user i want to register with empty name"/><testcase name="as user i want to register with using existing email"/><testcase name="as user i want to register with empty password"/><testcase name="as user i want to register with empty email"/></testsuite>