<?xml version="1.0" encoding="UTF-8"?>
<testsuite xmlns:xsi="http://www.w3.org/2001/XMLSchema-instance" xsi:noNamespaceSchemaLocation="https://maven.apache.org/surefire/maven-failsafe-plugin/xsd/failsafe-test-report-3.0.xsd" version="3.0" name="starter.CucumberTestSuite" time="61.511" tests="3" errors="0" skipped="0" failures="0">
  <properties>
[...]
</properties>
  <testcase name="as user i want to choose product and add product to cart" classname="As a user i can choose product so that i can see transactions page" time="27.915">
    <system-out><![CDATA[21:01:45.096 [main] DEBUG net.thucydides.core.guice.Injectors - Created injector for module net.thucydides.core.guice.ThucydidesModule
21:01:45.591 [main] DEBUG io.cucumber.core.plugin.SerenityReporter - Running feature from file:///D:/D/QE_Alta/mini-project-nisa/Web/Altashop-Transaksi/src/test/resources/features/PilihProduk.feature
21:01:46.028 [main] DEBUG net.thucydides.core.guice.Injectors - Created injector for module net.thucydides.core.guice.webdriver.WebDriverModule
21:01:46.061 [main] INFO  - 

-------------------------------------------------------------------------------------
     _______. _______ .______       _______ .__   __.  __  .___________.____    ____ 
    /       ||   ____||   _  \     |   ____||  \ |  | |  | |           |\   \  /   / 
   |   (----`|  |__   |  |_)  |    |  |__   |   \|  | |  | `---|  |----` \   \/   /  
    \   \    |   __|  |      /     |   __|  |  . `  | |  |     |  |       \_    _/   
.----)   |   |  |____ |  |\  \----.|  |____ |  |\   | |  |     |  |         |  |     
|_______/    |_______|| _| `._____||_______||__| \__| |__|     |__|         |__|    
                                                                                     
 News and tutorials at http://www.serenity-bdd.info                                  
 Documentation at https://wakaleo.gitbooks.io/the-serenity-book/content/             
 Join the Serenity Community on Gitter: https://gitter.im/serenity-bdd/serenity-core 
 Serenity BDD Support and Training at http://serenity-bdd.info/#/trainingandsupport  
-------------------------------------------------------------------------------------

21:01:46.067 [main] DEBUG net.thucydides.core.steps.StepEventBus - Test suite started for story net.thucydides.core.model.Story@bbb2fbc8
21:01:46.069 [main] INFO  - Test Suite Started: As a user i can choose product so that i can see transactions page
21:01:46.099 [main] DEBUG io.cucumber.core.plugin.SerenityReporter - Running feature from file:///D:/D/QE_Alta/mini-project-nisa/Web/Altashop-Transaksi/src/test/resources/features/PilihProduk.feature
21:01:46.103 [main] DEBUG net.thucydides.core.steps.StepEventBus - Test suite started for story net.thucydides.core.model.Story@bbb2fbc8
21:01:46.103 [main] INFO  - Test Suite Started: As a user i can choose product so that i can see transactions page

@ChooseProducts
Scenario: as user i want to choose product and add product to cart &amp#27;[90m# src/test/resources/features/PilihProduk.feature:4&amp#27;[0m
21:01:46.293 [main] DEBUG io.cucumber.core.plugin.SerenityReporter - Running feature from file:///D:/D/QE_Alta/mini-project-nisa/Web/Altashop-Transaksi/src/test/resources/features/PilihProduk.feature
21:01:46.633 [main] INFO  - 
  _____   ___   ___   _____     ___   _____     _     ___   _____   ___   ___  
 |_   _| | __| / __| |_   _|   / __| |_   _|   /_\   | _ \ |_   _| | __| |   \ 
   | |   | _|  \__ \   | |     \__ \   | |    / _ \  |   /   | |   | _|  | |) |
   |_|   |___| |___/   |_|     |___/   |_|   /_/ \_\ |_|_\   |_|   |___| |___/ 

as user i want to choose product and add product to cart(as-a-user-i-can-choose-product-so-that-i-can-see-transactions-page;as-user-i-want-to-choose-product-and-add-product-to-cart)
--------------------------------------------------------------------------------
21:01:46.795 [main] DEBUG net.thucydides.core.requirements.model.cucumber.CucumberParser - Loading feature D:\D\QE_Alta\mini-project-nisa\Web\Altashop-Transaksi\src\test\resources\features\PilihProduk.feature
21:01:48.318 [main] DEBUG net.thucydides.core.steps.StepInterceptor - STARTING STEP: LoginSteps.userOnLoginPage - onLoginPage
21:01:48.372 [main] INFO net.serenitybdd.core.webdriver.driverproviders.DriverProvider - Using WebDriverManager configuration for chrome
21:01:49.577 [main] DEBUG io.github.bonigarcia.wdm.cache.ResolutionCache - Resolution chrome=112 in cache (valid until 21:21:21 08/05/2023 ICT)
21:01:49.579 [main] DEBUG io.github.bonigarcia.wdm.cache.ResolutionCache - Resolution chrome112=112.0.5615.49 in cache (valid until 14:13:59 09/05/2023 ICT)
21:01:49.580 [main] INFO io.github.bonigarcia.wdm.WebDriverManager - Using chromedriver 112.0.5615.49 (resolved driver for Chrome 112)
21:01:49.607 [main] DEBUG io.github.bonigarcia.wdm.WebDriverManager - Driver chromedriver 112.0.5615.49 found in cache
21:01:49.609 [main] INFO io.github.bonigarcia.wdm.WebDriverManager - Exporting webdriver.chrome.driver as C:\Users\ADW User ACR\.cache\selenium\chromedriver\win32\112.0.5615.49\chromedriver.exe
21:01:49.884 [main] INFO net.serenitybdd.core.webdriver.driverproviders.ChromeDriverProvider - Starting Chrome driver instance with capabilities:
21:01:49.892 [main] INFO net.serenitybdd.core.webdriver.driverproviders.ChromeDriverProvider - Capabilities {acceptInsecureCerts: true, browserName: chrome, goog:chromeOptions: {args: [remote-allow-origins=*, test-type, no-sandbox, ignore-certificate-errors, start-maximized, incognito, disable-infobars, disable-gpu, disable-default-apps, disable-popup-blocking, remote-allow-origins=*, test-type, no-sandbox, ignore-certificate-errors, start-maximized, incognito, disable-infobars, disable-gpu, disable-default-apps, disable-popup-blocking, remote-allow-origins=*], extensions: []}}
21:01:50.080 [main] DEBUG io.netty.util.internal.logging.InternalLoggerFactory - Using SLF4J as the default logging framework
21:01:50.086 [main] DEBUG io.netty.util.ResourceLeakDetector - -Dio.netty.leakDetection.level: simple
21:01:50.086 [main] DEBUG io.netty.util.ResourceLeakDetector - -Dio.netty.leakDetection.targetRecords: 4
21:01:50.094 [main] DEBUG io.netty.util.ResourceLeakDetectorFactory - Loaded default ResourceLeakDetector: io.netty.util.ResourceLeakDetector@2ae62bb6
21:01:50.141 [main] DEBUG io.netty.util.internal.PlatformDependent0 - -Dio.netty.noUnsafe: false
21:01:50.141 [main] DEBUG io.netty.util.internal.PlatformDependent0 - Java version: 8
21:01:50.143 [main] DEBUG io.netty.util.internal.PlatformDependent0 - sun.misc.Unsafe.theUnsafe: available
21:01:50.145 [main] DEBUG io.netty.util.internal.PlatformDependent0 - sun.misc.Unsafe.copyMemory: available
21:01:50.146 [main] DEBUG io.netty.util.internal.PlatformDependent0 - sun.misc.Unsafe.storeFence: available
21:01:50.147 [main] DEBUG io.netty.util.internal.PlatformDependent0 - java.nio.Buffer.address: available
21:01:50.148 [main] DEBUG io.netty.util.internal.PlatformDependent0 - direct buffer constructor: available
21:01:50.149 [main] DEBUG io.netty.util.internal.PlatformDependent0 - java.nio.Bits.unaligned: available, true
21:01:50.150 [main] DEBUG io.netty.util.internal.PlatformDependent0 - jdk.internal.misc.Unsafe.allocateUninitializedArray(int): unavailable prior to Java9
21:01:50.150 [main] DEBUG io.netty.util.internal.PlatformDependent0 - java.nio.DirectByteBuffer.<init>(long, int): available
21:01:50.150 [main] DEBUG io.netty.util.internal.PlatformDependent - sun.misc.Unsafe: available
21:01:50.151 [main] DEBUG io.netty.util.internal.PlatformDependent - -Dio.netty.tmpdir: C:\Users\ADWUSE~1\AppData\Local\Temp (java.io.tmpdir)
21:01:50.151 [main] DEBUG io.netty.util.internal.PlatformDependent - -Dio.netty.bitMode: 64 (sun.arch.data.model)
21:01:50.152 [main] DEBUG io.netty.util.internal.PlatformDependent - Platform: Windows
21:01:50.154 [main] DEBUG io.netty.util.internal.PlatformDependent - -Dio.netty.maxDirectMemory: 1840250880 bytes
21:01:50.154 [main] DEBUG io.netty.util.internal.PlatformDependent - -Dio.netty.uninitializedArrayAllocationThreshold: -1
21:01:50.156 [main] DEBUG io.netty.util.internal.CleanerJava6 - java.nio.ByteBuffer.cleaner(): available
21:01:50.157 [main] DEBUG io.netty.util.internal.PlatformDependent - -Dio.netty.noPreferDirect: false
21:01:50.190 [main] DEBUG io.netty.util.internal.PlatformDependent - org.jctools-core.MpscChunkedArrayQueue: available
21:01:50.230 [main] DEBUG io.netty.util.internal.InternalThreadLocalMap - -Dio.netty.threadLocalMap.stringBuilder.initialSize: 1024
21:01:50.230 [main] DEBUG io.netty.util.internal.InternalThreadLocalMap - -Dio.netty.threadLocalMap.stringBuilder.maxSize: 4096
21:01:50.287 [main] DEBUG io.netty.handler.ssl.JdkSslContext - Default protocols (JDK): [TLSv1.2, TLSv1.1, TLSv1] 
21:01:50.288 [main] DEBUG io.netty.handler.ssl.JdkSslContext - Default cipher suites (JDK): [TLS_ECDHE_ECDSA_WITH_AES_256_GCM_SHA384, TLS_ECDHE_ECDSA_WITH_AES_128_GCM_SHA256, TLS_ECDHE_RSA_WITH_AES_128_GCM_SHA256, TLS_ECDHE_RSA_WITH_AES_256_GCM_SHA384, TLS_ECDHE_RSA_WITH_AES_128_CBC_SHA, TLS_ECDHE_RSA_WITH_AES_256_CBC_SHA, TLS_RSA_WITH_AES_128_GCM_SHA256, TLS_RSA_WITH_AES_128_CBC_SHA, TLS_RSA_WITH_AES_256_CBC_SHA]
21:01:50.335 [main] DEBUG io.netty.channel.MultithreadEventLoopGroup - -Dio.netty.eventLoopThreads: 8
21:01:50.358 [main] DEBUG io.netty.channel.nio.NioEventLoop - -Dio.netty.noKeySetOptimization: false
21:01:50.358 [main] DEBUG io.netty.channel.nio.NioEventLoop - -Dio.netty.selectorAutoRebuildThreshold: 512
21:01:50.564 [main] DEBUG io.netty.buffer.PooledByteBufAllocator - -Dio.netty.allocator.numHeapArenas: 8
21:01:50.564 [main] DEBUG io.netty.buffer.PooledByteBufAllocator - -Dio.netty.allocator.numDirectArenas: 8
21:01:50.564 [main] DEBUG io.netty.buffer.PooledByteBufAllocator - -Dio.netty.allocator.pageSize: 8192
21:01:50.565 [main] DEBUG io.netty.buffer.PooledByteBufAllocator - -Dio.netty.allocator.maxOrder: 9
21:01:50.565 [main] DEBUG io.netty.buffer.PooledByteBufAllocator - -Dio.netty.allocator.chunkSize: 4194304
21:01:50.565 [main] DEBUG io.netty.buffer.PooledByteBufAllocator - -Dio.netty.allocator.smallCacheSize: 256
21:01:50.565 [main] DEBUG io.netty.buffer.PooledByteBufAllocator - -Dio.netty.allocator.normalCacheSize: 64
21:01:50.565 [main] DEBUG io.netty.buffer.PooledByteBufAllocator - -Dio.netty.allocator.maxCachedBufferCapacity: 32768
21:01:50.565 [main] DEBUG io.netty.buffer.PooledByteBufAllocator - -Dio.netty.allocator.cacheTrimInterval: 8192
21:01:50.565 [main] DEBUG io.netty.buffer.PooledByteBufAllocator - -Dio.netty.allocator.cacheTrimIntervalMillis: 0
21:01:50.565 [main] DEBUG io.netty.buffer.PooledByteBufAllocator - -Dio.netty.allocator.useCacheForAllThreads: false
21:01:50.565 [main] DEBUG io.netty.buffer.PooledByteBufAllocator - -Dio.netty.allocator.maxCachedByteBuffersPerChunk: 1023
21:01:50.583 [main] DEBUG io.netty.buffer.ByteBufUtil - -Dio.netty.allocator.type: pooled
21:01:50.583 [main] DEBUG io.netty.buffer.ByteBufUtil - -Dio.netty.threadLocalDirectBufferSize: 0
21:01:50.583 [main] DEBUG io.netty.buffer.ByteBufUtil - -Dio.netty.maxThreadLocalCharBufferSize: 16384
21:01:51.854 [Forwarding newSession on session null to remote] DEBUG io.netty.channel.DefaultChannelId - -Dio.netty.processId: 2260 (auto-detected)
21:01:51.857 [Forwarding newSession on session null to remote] DEBUG io.netty.util.NetUtil - -Djava.net.preferIPv4Stack: false
21:01:51.858 [Forwarding newSession on session null to remote] DEBUG io.netty.util.NetUtil - -Djava.net.preferIPv6Addresses: false
21:01:52.355 [Forwarding newSession on session null to remote] DEBUG io.netty.util.NetUtilInitializations - Loopback interface: lo (Software Loopback Interface 1, 127.0.0.1)
21:01:52.356 [Forwarding newSession on session null to remote] DEBUG io.netty.util.NetUtil - Failed to get SOMAXCONN from sysctl and file \proc\sys\net\core\somaxconn. Default: 200
21:01:52.392 [Forwarding newSession on session null to remote] DEBUG io.netty.channel.DefaultChannelId - -Dio.netty.machineId: a4:02:b9:ff:fe:26:7f:1e (auto-detected)
21:01:52.493 [AsyncHttpClient-1-2] DEBUG io.netty.buffer.AbstractByteBuf - -Dio.netty.buffer.checkAccessible: true
21:01:52.493 [AsyncHttpClient-1-2] DEBUG io.netty.buffer.AbstractByteBuf - -Dio.netty.buffer.checkBounds: true
21:01:52.493 [AsyncHttpClient-1-2] DEBUG io.netty.util.ResourceLeakDetectorFactory - Loaded default ResourceLeakDetector: io.netty.util.ResourceLeakDetector@7da83386
21:01:52.520 [AsyncHttpClient-1-2] DEBUG org.asynchttpclient.netty.channel.NettyConnectListener - Using new Channel '[id: 0x38be39b1, L:/127.0.0.1:53624 - R:localhost/127.0.0.1:32501]' for 'POST' to '/session'
21:01:52.558 [AsyncHttpClient-1-2] DEBUG io.netty.util.Recycler - -Dio.netty.recycler.maxCapacityPerThread: 4096
21:01:52.558 [AsyncHttpClient-1-2] DEBUG io.netty.util.Recycler - -Dio.netty.recycler.ratio: 8
21:01:52.558 [AsyncHttpClient-1-2] DEBUG io.netty.util.Recycler - -Dio.netty.recycler.chunkSize: 32
21:01:52.558 [AsyncHttpClient-1-2] DEBUG io.netty.util.Recycler - -Dio.netty.recycler.blocking: false
21:01:55.479 [AsyncHttpClient-1-2] DEBUG io.netty.handler.codec.compression.Brotli - brotli4j not in the classpath; Brotli support will be unavailable.
21:01:55.480 [AsyncHttpClient-1-2] DEBUG org.asynchttpclient.netty.handler.HttpHandler - 

Request DefaultHttpRequest(decodeResult: success, version: HTTP/1.1)
POST /session HTTP/1.1
User-Agent: selenium/4.8.1 (java windows)
Content-Length: 1701
Content-Type: application/json; charset=utf-8
host: localhost:32501
accept: */*

Response DefaultHttpResponse(decodeResult: success, version: HTTP/1.1)
HTTP/1.1 200 OK
Content-Length: 862
Content-Type: application/json; charset=utf-8
cache-control: no-cache

21:01:55.497 [AsyncHttpClient-1-2] DEBUG org.asynchttpclient.netty.channel.ChannelManager - Adding key: http://localhost:32501 for channel [id: 0x38be39b1, L:/127.0.0.1:53624 - R:localhost/127.0.0.1:32501]
21:01:55.677 [AsyncHttpClient-1-3] DEBUG org.asynchttpclient.netty.channel.NettyConnectListener - Using new Channel '[id: 0xc2aedda0, L:/127.0.0.1:53631 - R:localhost/127.0.0.1:53625]' for 'GET' to '/json/version'
21:01:55.681 [AsyncHttpClient-1-3] DEBUG org.asynchttpclient.netty.handler.HttpHandler - 

Request DefaultFullHttpRequest(decodeResult: success, version: HTTP/1.1, content: EmptyByteBufBE)
GET /json/version HTTP/1.1
User-Agent: selenium/4.8.1 (java windows)
host: localhost:53625
accept: */*

Response DefaultHttpResponse(decodeResult: success, version: HTTP/1.1)
HTTP/1.1 200 OK
Content-Security-Policy: frame-ancestors 'none'
Content-Length: 424
Content-Type: application/json; charset=UTF-8

21:01:55.682 [AsyncHttpClient-1-3] DEBUG org.asynchttpclient.netty.channel.ChannelManager - Adding key: http://localhost:53625 for channel [id: 0xc2aedda0, L:/127.0.0.1:53631 - R:localhost/127.0.0.1:53625]
21:01:55.699 [main] DEBUG io.netty.util.internal.ThreadLocalRandom - -Dio.netty.initialSeedUniquifier: 0x4525f352ea536c3f
21:01:55.707 [AsyncHttpClient-1-1] DEBUG org.asynchttpclient.netty.channel.DefaultChannelPool - Entry count for : http://localhost:53625 : 1
21:01:55.708 [AsyncHttpClient-1-1] DEBUG org.asynchttpclient.netty.channel.DefaultChannelPool - Entry count for : http://localhost:32501 : 1
21:01:55.711 [AsyncHttpClient-1-4] DEBUG org.asynchttpclient.netty.channel.NettyConnectListener - Using new Channel '[id: 0x3c6bf272, L:/127.0.0.1:53632 - R:localhost/127.0.0.1:53625]' for 'GET' to '/devtools/browser/f327dd1d-f469-42f9-b2ca-89f5057f5922'
21:01:55.714 [AsyncHttpClient-1-4] DEBUG org.asynchttpclient.netty.handler.WebSocketHandler - 

Request DefaultFullHttpRequest(decodeResult: success, version: HTTP/1.1, content: EmptyByteBufBE)
GET /devtools/browser/f327dd1d-f469-42f9-b2ca-89f5057f5922 HTTP/1.1
upgrade: websocket
connection: upgrade
sec-websocket-key: kQrYaaheALPvNXN2ixb96A==
sec-websocket-version: 13
origin: http://localhost:53625
host: localhost:53625
accept: */*
user-agent: AHC/2.1

Response DefaultHttpResponse(decodeResult: success, version: HTTP/1.1)
HTTP/1.1 101 WebSocket Protocol Handshake
Upgrade: WebSocket
Connection: Upgrade
Sec-WebSocket-Accept: z3OC7dw6WEPOcWV46x3Jjan2JY0=

21:01:56.082 [Forwarding get on session 698a376df15a46922bb2f431108262f6 to remote] DEBUG org.asynchttpclient.netty.request.NettyRequestSender - Using pooled Channel '[id: 0x38be39b1, L:/127.0.0.1:53624 - R:localhost/127.0.0.1:32501]' for 'POST' to 'http://localhost:32501/session/698a376df15a46922bb2f431108262f6/url'
21:01:56.082 [Forwarding get on session 698a376df15a46922bb2f431108262f6 to remote] DEBUG org.asynchttpclient.netty.request.NettyRequestSender - Using open Channel [id: 0x38be39b1, L:/127.0.0.1:53624 - R:localhost/127.0.0.1:32501] for POST '/session/698a376df15a46922bb2f431108262f6/url'
21:01:56.862 [AsyncHttpClient-1-1] DEBUG org.asynchttpclient.netty.channel.DefaultChannelPool - Entry count for : http://localhost:53625 : 1
21:01:57.917 [AsyncHttpClient-1-1] DEBUG org.asynchttpclient.netty.channel.DefaultChannelPool - Entry count for : http://localhost:53625 : 1
21:01:59.014 [AsyncHttpClient-1-1] DEBUG org.asynchttpclient.netty.channel.DefaultChannelPool - Entry count for : http://localhost:53625 : 1
21:02:00.115 [AsyncHttpClient-1-1] DEBUG org.asynchttpclient.netty.channel.DefaultChannelPool - Entry count for : http://localhost:53625 : 1
21:02:01.205 [AsyncHttpClient-1-1] DEBUG org.asynchttpclient.netty.channel.DefaultChannelPool - Entry count for : http://localhost:53625 : 1
21:02:02.301 [AsyncHttpClient-1-1] DEBUG org.asynchttpclient.netty.channel.DefaultChannelPool - Entry count for : http://localhost:53625 : 1
21:02:03.401 [AsyncHttpClient-1-1] DEBUG org.asynchttpclient.netty.channel.DefaultChannelPool - Entry count for : http://localhost:53625 : 1
21:02:04.499 [AsyncHttpClient-1-1] DEBUG org.asynchttpclient.netty.channel.DefaultChannelPool - Entry count for : http://localhost:53625 : 1
21:02:05.601 [AsyncHttpClient-1-1] DEBUG org.asynchttpclient.netty.channel.DefaultChannelPool - Entry count for : http://localhost:53625 : 1
21:02:06.433 [AsyncHttpClient-1-2] DEBUG org.asynchttpclient.netty.handler.HttpHandler - 

Request DefaultHttpRequest(decodeResult: success, version: HTTP/1.1)
POST /session/698a376df15a46922bb2f431108262f6/url HTTP/1.1
User-Agent: selenium/4.8.1 (java windows)
Content-Length: 74
Content-Type: application/json; charset=utf-8
host: localhost:32501
accept: */*

Response DefaultHttpResponse(decodeResult: success, version: HTTP/1.1)
HTTP/1.1 200 OK
Content-Length: 14
Content-Type: application/json; charset=utf-8
cache-control: no-cache

21:02:06.434 [AsyncHttpClient-1-2] DEBUG org.asynchttpclient.netty.channel.ChannelManager - Adding key: http://localhost:32501 for channel [id: 0x38be39b1, L:/127.0.0.1:53624 - R:localhost/127.0.0.1:32501]
21:02:06.444 [Forwarding setTimeout on session 698a376df15a46922bb2f431108262f6 to remote] DEBUG org.asynchttpclient.netty.request.NettyRequestSender - Using pooled Channel '[id: 0x38be39b1, L:/127.0.0.1:53624 - R:localhost/127.0.0.1:32501]' for 'POST' to 'http://localhost:32501/session/698a376df15a46922bb2f431108262f6/timeouts'
21:02:06.445 [Forwarding setTimeout on session 698a376df15a46922bb2f431108262f6 to remote] DEBUG org.asynchttpclient.netty.request.NettyRequestSender - Using open Channel [id: 0x38be39b1, L:/127.0.0.1:53624 - R:localhost/127.0.0.1:32501] for POST '/session/698a376df15a46922bb2f431108262f6/timeouts'
21:02:06.448 [AsyncHttpClient-1-2] DEBUG org.asynchttpclient.netty.handler.HttpHandler - 

Request DefaultHttpRequest(decodeResult: success, version: HTTP/1.1)
POST /session/698a376df15a46922bb2f431108262f6/timeouts HTTP/1.1
User-Agent: selenium/4.8.1 (java windows)
Content-Length: 22
Content-Type: application/json; charset=utf-8
host: localhost:32501
accept: */*

Response DefaultHttpResponse(decodeResult: success, version: HTTP/1.1)
HTTP/1.1 200 OK
Content-Length: 14
Content-Type: application/json; charset=utf-8
cache-control: no-cache

21:02:06.448 [AsyncHttpClient-1-2] DEBUG org.asynchttpclient.netty.channel.ChannelManager - Adding key: http://localhost:32501 for channel [id: 0x38be39b1, L:/127.0.0.1:53624 - R:localhost/127.0.0.1:32501]
21:02:06.481 [Forwarding findElement on session 698a376df15a46922bb2f431108262f6 to remote] DEBUG org.asynchttpclient.netty.request.NettyRequestSender - Using pooled Channel '[id: 0x38be39b1, L:/127.0.0.1:53624 - R:localhost/127.0.0.1:32501]' for 'POST' to 'http://localhost:32501/session/698a376df15a46922bb2f431108262f6/element'
21:02:06.481 [Forwarding findElement on session 698a376df15a46922bb2f431108262f6 to remote] DEBUG org.asynchttpclient.netty.request.NettyRequestSender - Using open Channel [id: 0x38be39b1, L:/127.0.0.1:53624 - R:localhost/127.0.0.1:32501] for POST '/session/698a376df15a46922bb2f431108262f6/element'
21:02:06.514 [AsyncHttpClient-1-2] DEBUG org.asynchttpclient.netty.handler.HttpHandler - 

Request DefaultHttpRequest(decodeResult: success, version: HTTP/1.1)
POST /session/698a376df15a46922bb2f431108262f6/element HTTP/1.1
User-Agent: selenium/4.8.1 (java windows)
Content-Length: 69
Content-Type: application/json; charset=utf-8
host: localhost:32501
accept: */*

Response DefaultHttpResponse(decodeResult: success, version: HTTP/1.1)
HTTP/1.1 200 OK
Content-Length: 88
Content-Type: application/json; charset=utf-8
cache-control: no-cache

21:02:06.515 [AsyncHttpClient-1-2] DEBUG org.asynchttpclient.netty.channel.ChannelManager - Adding key: http://localhost:32501 for channel [id: 0x38be39b1, L:/127.0.0.1:53624 - R:localhost/127.0.0.1:32501]
21:02:06.544 [Forwarding isElementDisplayed on session 698a376df15a46922bb2f431108262f6 to remote] DEBUG org.asynchttpclient.netty.request.NettyRequestSender - Using pooled Channel '[id: 0x38be39b1, L:/127.0.0.1:53624 - R:localhost/127.0.0.1:32501]' for 'POST' to 'http://localhost:32501/session/698a376df15a46922bb2f431108262f6/execute/sync'
21:02:06.545 [Forwarding isElementDisplayed on session 698a376df15a46922bb2f431108262f6 to remote] DEBUG org.asynchttpclient.netty.request.NettyRequestSender - Using open Channel [id: 0x38be39b1, L:/127.0.0.1:53624 - R:localhost/127.0.0.1:32501] for POST '/session/698a376df15a46922bb2f431108262f6/execute/sync'
21:02:06.568 [AsyncHttpClient-1-2] DEBUG org.asynchttpclient.netty.handler.HttpHandler - 

Request DefaultHttpRequest(decodeResult: success, version: HTTP/1.1)
POST /session/698a376df15a46922bb2f431108262f6/execute/sync HTTP/1.1
User-Agent: selenium/4.8.1 (java windows)
Content-Length: 48807
Content-Type: application/json; charset=utf-8
host: localhost:32501
accept: */*

Response DefaultHttpResponse(decodeResult: success, version: HTTP/1.1)
HTTP/1.1 200 OK
Content-Length: 14
Content-Type: application/json; charset=utf-8
cache-control: no-cache

21:02:06.569 [AsyncHttpClient-1-2] DEBUG org.asynchttpclient.netty.channel.ChannelManager - Adding key: http://localhost:32501 for channel [id: 0x38be39b1, L:/127.0.0.1:53624 - R:localhost/127.0.0.1:32501]
21:02:06.576 [Forwarding isElementDisplayed on session 698a376df15a46922bb2f431108262f6 to remote] DEBUG org.asynchttpclient.netty.request.NettyRequestSender - Using pooled Channel '[id: 0x38be39b1, L:/127.0.0.1:53624 - R:localhost/127.0.0.1:32501]' for 'POST' to 'http://localhost:32501/session/698a376df15a46922bb2f431108262f6/execute/sync'
21:02:06.576 [Forwarding isElementDisplayed on session 698a376df15a46922bb2f431108262f6 to remote] DEBUG org.asynchttpclient.netty.request.NettyRequestSender - Using open Channel [id: 0x38be39b1, L:/127.0.0.1:53624 - R:localhost/127.0.0.1:32501] for POST '/session/698a376df15a46922bb2f431108262f6/execute/sync'
21:02:06.592 [AsyncHttpClient-1-2] DEBUG org.asynchttpclient.netty.handler.HttpHandler - 

Request DefaultHttpRequest(decodeResult: success, version: HTTP/1.1)
POST /session/698a376df15a46922bb2f431108262f6/execute/sync HTTP/1.1
User-Agent: selenium/4.8.1 (java windows)
Content-Length: 48807
Content-Type: application/json; charset=utf-8
host: localhost:32501
accept: */*

Response DefaultHttpResponse(decodeResult: success, version: HTTP/1.1)
HTTP/1.1 200 OK
Content-Length: 14
Content-Type: application/json; charset=utf-8
cache-control: no-cache

21:02:06.593 [AsyncHttpClient-1-2] DEBUG org.asynchttpclient.netty.channel.ChannelManager - Adding key: http://localhost:32501 for channel [id: 0x38be39b1, L:/127.0.0.1:53624 - R:localhost/127.0.0.1:32501]
21:02:06.622 [main] DEBUG net.thucydides.core.steps.StepInterceptor - STEP DONE: onLoginPage
  &amp#27;[32mGiven &amp#27;[0m&amp#27;[32muser on login page&amp#27;[0m                                         &amp#27;[90m# starter.stepdefinitions.LoginSteps.userOnLoginPage()&amp#27;[0m
21:02:06.675 [main] DEBUG net.thucydides.core.steps.StepInterceptor - STARTING STEP: LoginSteps.userInputValidEmail - inputEmail
21:02:06.690 [Forwarding findElement on session 698a376df15a46922bb2f431108262f6 to remote] DEBUG org.asynchttpclient.netty.request.NettyRequestSender - Using pooled Channel '[id: 0x38be39b1, L:/127.0.0.1:53624 - R:localhost/127.0.0.1:32501]' for 'POST' to 'http://localhost:32501/session/698a376df15a46922bb2f431108262f6/element'
21:02:06.690 [Forwarding findElement on session 698a376df15a46922bb2f431108262f6 to remote] DEBUG org.asynchttpclient.netty.request.NettyRequestSender - Using open Channel [id: 0x38be39b1, L:/127.0.0.1:53624 - R:localhost/127.0.0.1:32501] for POST '/session/698a376df15a46922bb2f431108262f6/element'
21:02:06.703 [AsyncHttpClient-1-1] DEBUG org.asynchttpclient.netty.channel.DefaultChannelPool - Entry count for : http://localhost:53625 : 1
21:02:06.715 [AsyncHttpClient-1-2] DEBUG org.asynchttpclient.netty.handler.HttpHandler - 

Request DefaultHttpRequest(decodeResult: success, version: HTTP/1.1)
POST /session/698a376df15a46922bb2f431108262f6/element HTTP/1.1
User-Agent: selenium/4.8.1 (java windows)
Content-Length: 55
Content-Type: application/json; charset=utf-8
host: localhost:32501
accept: */*

Response DefaultHttpResponse(decodeResult: success, version: HTTP/1.1)
HTTP/1.1 200 OK
Content-Length: 88
Content-Type: application/json; charset=utf-8
cache-control: no-cache

21:02:06.715 [AsyncHttpClient-1-2] DEBUG org.asynchttpclient.netty.channel.ChannelManager - Adding key: http://localhost:32501 for channel [id: 0x38be39b1, L:/127.0.0.1:53624 - R:localhost/127.0.0.1:32501]
21:02:06.723 [Forwarding clearElement on session 698a376df15a46922bb2f431108262f6 to remote] DEBUG org.asynchttpclient.netty.request.NettyRequestSender - Using pooled Channel '[id: 0x38be39b1, L:/127.0.0.1:53624 - R:localhost/127.0.0.1:32501]' for 'POST' to 'http://localhost:32501/session/698a376df15a46922bb2f431108262f6/element/08c9ad59-4d47-4530-aef0-a819e6a54c4f/clear'
21:02:06.724 [Forwarding clearElement on session 698a376df15a46922bb2f431108262f6 to remote] DEBUG org.asynchttpclient.netty.request.NettyRequestSender - Using open Channel [id: 0x38be39b1, L:/127.0.0.1:53624 - R:localhost/127.0.0.1:32501] for POST '/session/698a376df15a46922bb2f431108262f6/element/08c9ad59-4d47-4530-aef0-a819e6a54c4f/clear'
21:02:06.781 [AsyncHttpClient-1-2] DEBUG org.asynchttpclient.netty.handler.HttpHandler - 

Request DefaultHttpRequest(decodeResult: success, version: HTTP/1.1)
POST /session/698a376df15a46922bb2f431108262f6/element/08c9ad59-4d47-4530-aef0-a819e6a54c4f/clear HTTP/1.1
User-Agent: selenium/4.8.1 (java windows)
Content-Length: 50
Content-Type: application/json; charset=utf-8
host: localhost:32501
accept: */*

Response DefaultHttpResponse(decodeResult: success, version: HTTP/1.1)
HTTP/1.1 200 OK
Content-Length: 14
Content-Type: application/json; charset=utf-8
cache-control: no-cache

21:02:06.782 [AsyncHttpClient-1-2] DEBUG org.asynchttpclient.netty.channel.ChannelManager - Adding key: http://localhost:32501 for channel [id: 0x38be39b1, L:/127.0.0.1:53624 - R:localhost/127.0.0.1:32501]
21:02:06.794 [Forwarding sendKeysToElement on session 698a376df15a46922bb2f431108262f6 to remote] DEBUG org.asynchttpclient.netty.request.NettyRequestSender - Using pooled Channel '[id: 0x38be39b1, L:/127.0.0.1:53624 - R:localhost/127.0.0.1:32501]' for 'POST' to 'http://localhost:32501/session/698a376df15a46922bb2f431108262f6/element/08c9ad59-4d47-4530-aef0-a819e6a54c4f/value'
21:02:06.794 [Forwarding sendKeysToElement on session 698a376df15a46922bb2f431108262f6 to remote] DEBUG org.asynchttpclient.netty.request.NettyRequestSender - Using open Channel [id: 0x38be39b1, L:/127.0.0.1:53624 - R:localhost/127.0.0.1:32501] for POST '/session/698a376df15a46922bb2f431108262f6/element/08c9ad59-4d47-4530-aef0-a819e6a54c4f/value'
21:02:06.997 [AsyncHttpClient-1-2] DEBUG org.asynchttpclient.netty.handler.HttpHandler - 

Request DefaultHttpRequest(decodeResult: success, version: HTTP/1.1)
POST /session/698a376df15a46922bb2f431108262f6/element/08c9ad59-4d47-4530-aef0-a819e6a54c4f/value HTTP/1.1
User-Agent: selenium/4.8.1 (java windows)
Content-Length: 251
Content-Type: application/json; charset=utf-8
host: localhost:32501
accept: */*

Response DefaultHttpResponse(decodeResult: success, version: HTTP/1.1)
HTTP/1.1 200 OK
Content-Length: 14
Content-Type: application/json; charset=utf-8
cache-control: no-cache

21:02:06.998 [AsyncHttpClient-1-2] DEBUG org.asynchttpclient.netty.channel.ChannelManager - Adding key: http://localhost:32501 for channel [id: 0x38be39b1, L:/127.0.0.1:53624 - R:localhost/127.0.0.1:32501]
21:02:07.011 [main] DEBUG net.thucydides.core.steps.StepInterceptor - STEP DONE: inputEmail
  &amp#27;[32mWhen &amp#27;[0m&amp#27;[32muser input valid email&amp#27;[0m                                      &amp#27;[90m# starter.stepdefinitions.LoginSteps.userInputValidEmail()&amp#27;[0m
21:02:07.026 [main] DEBUG net.thucydides.core.steps.StepInterceptor - STARTING STEP: LoginSteps.userInputValidPassword - inputPassword
21:02:07.032 [Forwarding findElement on session 698a376df15a46922bb2f431108262f6 to remote] DEBUG org.asynchttpclient.netty.request.NettyRequestSender - Using pooled Channel '[id: 0x38be39b1, L:/127.0.0.1:53624 - R:localhost/127.0.0.1:32501]' for 'POST' to 'http://localhost:32501/session/698a376df15a46922bb2f431108262f6/element'
21:02:07.032 [Forwarding findElement on session 698a376df15a46922bb2f431108262f6 to remote] DEBUG org.asynchttpclient.netty.request.NettyRequestSender - Using open Channel [id: 0x38be39b1, L:/127.0.0.1:53624 - R:localhost/127.0.0.1:32501] for POST '/session/698a376df15a46922bb2f431108262f6/element'
21:02:07.046 [AsyncHttpClient-1-2] DEBUG org.asynchttpclient.netty.handler.HttpHandler - 

Request DefaultHttpRequest(decodeResult: success, version: HTTP/1.1)
POST /session/698a376df15a46922bb2f431108262f6/element HTTP/1.1
User-Agent: selenium/4.8.1 (java windows)
Content-Length: 55
Content-Type: application/json; charset=utf-8
host: localhost:32501
accept: */*

Response DefaultHttpResponse(decodeResult: success, version: HTTP/1.1)
HTTP/1.1 200 OK
Content-Length: 88
Content-Type: application/json; charset=utf-8
cache-control: no-cache

21:02:07.047 [AsyncHttpClient-1-2] DEBUG org.asynchttpclient.netty.channel.ChannelManager - Adding key: http://localhost:32501 for channel [id: 0x38be39b1, L:/127.0.0.1:53624 - R:localhost/127.0.0.1:32501]
21:02:07.049 [Forwarding clearElement on session 698a376df15a46922bb2f431108262f6 to remote] DEBUG org.asynchttpclient.netty.request.NettyRequestSender - Using pooled Channel '[id: 0x38be39b1, L:/127.0.0.1:53624 - R:localhost/127.0.0.1:32501]' for 'POST' to 'http://localhost:32501/session/698a376df15a46922bb2f431108262f6/element/4239b001-9436-4167-8581-66ad5b320a7d/clear'
21:02:07.049 [Forwarding clearElement on session 698a376df15a46922bb2f431108262f6 to remote] DEBUG org.asynchttpclient.netty.request.NettyRequestSender - Using open Channel [id: 0x38be39b1, L:/127.0.0.1:53624 - R:localhost/127.0.0.1:32501] for POST '/session/698a376df15a46922bb2f431108262f6/element/4239b001-9436-4167-8581-66ad5b320a7d/clear'
21:02:07.132 [AsyncHttpClient-1-2] DEBUG org.asynchttpclient.netty.handler.HttpHandler - 

Request DefaultHttpRequest(decodeResult: success, version: HTTP/1.1)
POST /session/698a376df15a46922bb2f431108262f6/element/4239b001-9436-4167-8581-66ad5b320a7d/clear HTTP/1.1
User-Agent: selenium/4.8.1 (java windows)
Content-Length: 50
Content-Type: application/json; charset=utf-8
host: localhost:32501
accept: */*

Response DefaultHttpResponse(decodeResult: success, version: HTTP/1.1)
HTTP/1.1 200 OK
Content-Length: 14
Content-Type: application/json; charset=utf-8
cache-control: no-cache

21:02:07.132 [AsyncHttpClient-1-2] DEBUG org.asynchttpclient.netty.channel.ChannelManager - Adding key: http://localhost:32501 for channel [id: 0x38be39b1, L:/127.0.0.1:53624 - R:localhost/127.0.0.1:32501]
21:02:07.137 [Forwarding sendKeysToElement on session 698a376df15a46922bb2f431108262f6 to remote] DEBUG org.asynchttpclient.netty.request.NettyRequestSender - Using pooled Channel '[id: 0x38be39b1, L:/127.0.0.1:53624 - R:localhost/127.0.0.1:32501]' for 'POST' to 'http://localhost:32501/session/698a376df15a46922bb2f431108262f6/element/4239b001-9436-4167-8581-66ad5b320a7d/value'
21:02:07.137 [Forwarding sendKeysToElement on session 698a376df15a46922bb2f431108262f6 to remote] DEBUG org.asynchttpclient.netty.request.NettyRequestSender - Using open Channel [id: 0x38be39b1, L:/127.0.0.1:53624 - R:localhost/127.0.0.1:32501] for POST '/session/698a376df15a46922bb2f431108262f6/element/4239b001-9436-4167-8581-66ad5b320a7d/value'
21:02:07.230 [AsyncHttpClient-1-2] DEBUG org.asynchttpclient.netty.handler.HttpHandler - 

Request DefaultHttpRequest(decodeResult: success, version: HTTP/1.1)
POST /session/698a376df15a46922bb2f431108262f6/element/4239b001-9436-4167-8581-66ad5b320a7d/value HTTP/1.1
User-Agent: selenium/4.8.1 (java windows)
Content-Length: 111
Content-Type: application/json; charset=utf-8
host: localhost:32501
accept: */*

Response DefaultHttpResponse(decodeResult: success, version: HTTP/1.1)
HTTP/1.1 200 OK
Content-Length: 14
Content-Type: application/json; charset=utf-8
cache-control: no-cache

21:02:07.230 [AsyncHttpClient-1-2] DEBUG org.asynchttpclient.netty.channel.ChannelManager - Adding key: http://localhost:32501 for channel [id: 0x38be39b1, L:/127.0.0.1:53624 - R:localhost/127.0.0.1:32501]
21:02:07.238 [main] DEBUG net.thucydides.core.steps.StepInterceptor - STEP DONE: inputPassword
  &amp#27;[32mAnd &amp#27;[0m&amp#27;[32muser input valid password&amp#27;[0m                                    &amp#27;[90m# starter.stepdefinitions.LoginSteps.userInputValidPassword()&amp#27;[0m
21:02:07.255 [main] DEBUG net.thucydides.core.steps.StepInterceptor - STARTING STEP: LoginSteps.userClickLoginButton - ClickLoginBtn
21:02:07.270 [Forwarding findElement on session 698a376df15a46922bb2f431108262f6 to remote] DEBUG org.asynchttpclient.netty.request.NettyRequestSender - Using pooled Channel '[id: 0x38be39b1, L:/127.0.0.1:53624 - R:localhost/127.0.0.1:32501]' for 'POST' to 'http://localhost:32501/session/698a376df15a46922bb2f431108262f6/element'
21:02:07.271 [Forwarding findElement on session 698a376df15a46922bb2f431108262f6 to remote] DEBUG org.asynchttpclient.netty.request.NettyRequestSender - Using open Channel [id: 0x38be39b1, L:/127.0.0.1:53624 - R:localhost/127.0.0.1:32501] for POST '/session/698a376df15a46922bb2f431108262f6/element'
21:02:07.282 [AsyncHttpClient-1-2] DEBUG org.asynchttpclient.netty.handler.HttpHandler - 

Request DefaultHttpRequest(decodeResult: success, version: HTTP/1.1)
POST /session/698a376df15a46922bb2f431108262f6/element HTTP/1.1
User-Agent: selenium/4.8.1 (java windows)
Content-Length: 69
Content-Type: application/json; charset=utf-8
host: localhost:32501
accept: */*

Response DefaultHttpResponse(decodeResult: success, version: HTTP/1.1)
HTTP/1.1 200 OK
Content-Length: 88
Content-Type: application/json; charset=utf-8
cache-control: no-cache

21:02:07.283 [AsyncHttpClient-1-2] DEBUG org.asynchttpclient.netty.channel.ChannelManager - Adding key: http://localhost:32501 for channel [id: 0x38be39b1, L:/127.0.0.1:53624 - R:localhost/127.0.0.1:32501]
21:02:07.288 [Forwarding getElementTagName on session 698a376df15a46922bb2f431108262f6 to remote] DEBUG org.asynchttpclient.netty.request.NettyRequestSender - Using pooled Channel '[id: 0x38be39b1, L:/127.0.0.1:53624 - R:localhost/127.0.0.1:32501]' for 'GET' to 'http://localhost:32501/session/698a376df15a46922bb2f431108262f6/element/af23f431-92cc-4b35-8899-8ebdb5ce634d/name'
21:02:07.288 [Forwarding getElementTagName on session 698a376df15a46922bb2f431108262f6 to remote] DEBUG org.asynchttpclient.netty.request.NettyRequestSender - Using open Channel [id: 0x38be39b1, L:/127.0.0.1:53624 - R:localhost/127.0.0.1:32501] for GET '/session/698a376df15a46922bb2f431108262f6/element/af23f431-92cc-4b35-8899-8ebdb5ce634d/name'
21:02:07.296 [AsyncHttpClient-1-2] DEBUG org.asynchttpclient.netty.handler.HttpHandler - 

Request DefaultFullHttpRequest(decodeResult: success, version: HTTP/1.1, content: EmptyByteBufBE)
GET /session/698a376df15a46922bb2f431108262f6/element/af23f431-92cc-4b35-8899-8ebdb5ce634d/name HTTP/1.1
User-Agent: selenium/4.8.1 (java windows)
Cache-Control: no-cache
Content-Type: application/json; charset=utf-8
host: localhost:32501
accept: */*

Response DefaultHttpResponse(decodeResult: success, version: HTTP/1.1)
HTTP/1.1 200 OK
Content-Length: 16
Content-Type: application/json; charset=utf-8
cache-control: no-cache

21:02:07.296 [AsyncHttpClient-1-2] DEBUG org.asynchttpclient.netty.channel.ChannelManager - Adding key: http://localhost:32501 for channel [id: 0x38be39b1, L:/127.0.0.1:53624 - R:localhost/127.0.0.1:32501]
21:02:07.300 [Forwarding getElementTagName on session 698a376df15a46922bb2f431108262f6 to remote] DEBUG org.asynchttpclient.netty.request.NettyRequestSender - Using pooled Channel '[id: 0x38be39b1, L:/127.0.0.1:53624 - R:localhost/127.0.0.1:32501]' for 'GET' to 'http://localhost:32501/session/698a376df15a46922bb2f431108262f6/element/af23f431-92cc-4b35-8899-8ebdb5ce634d/name'
21:02:07.301 [Forwarding getElementTagName on session 698a376df15a46922bb2f431108262f6 to remote] DEBUG org.asynchttpclient.netty.request.NettyRequestSender - Using open Channel [id: 0x38be39b1, L:/127.0.0.1:53624 - R:localhost/127.0.0.1:32501] for GET '/session/698a376df15a46922bb2f431108262f6/element/af23f431-92cc-4b35-8899-8ebdb5ce634d/name'
21:02:07.307 [AsyncHttpClient-1-2] DEBUG org.asynchttpclient.netty.handler.HttpHandler - 

Request DefaultFullHttpRequest(decodeResult: success, version: HTTP/1.1, content: EmptyByteBufBE)
GET /session/698a376df15a46922bb2f431108262f6/element/af23f431-92cc-4b35-8899-8ebdb5ce634d/name HTTP/1.1
User-Agent: selenium/4.8.1 (java windows)
Cache-Control: no-cache
Content-Type: application/json; charset=utf-8
host: localhost:32501
accept: */*

Response DefaultHttpResponse(decodeResult: success, version: HTTP/1.1)
HTTP/1.1 200 OK
Content-Length: 16
Content-Type: application/json; charset=utf-8
cache-control: no-cache

21:02:07.308 [AsyncHttpClient-1-2] DEBUG org.asynchttpclient.netty.channel.ChannelManager - Adding key: http://localhost:32501 for channel [id: 0x38be39b1, L:/127.0.0.1:53624 - R:localhost/127.0.0.1:32501]
21:02:07.311 [Forwarding findElement on session 698a376df15a46922bb2f431108262f6 to remote] DEBUG org.asynchttpclient.netty.request.NettyRequestSender - Using pooled Channel '[id: 0x38be39b1, L:/127.0.0.1:53624 - R:localhost/127.0.0.1:32501]' for 'POST' to 'http://localhost:32501/session/698a376df15a46922bb2f431108262f6/element'
21:02:07.311 [Forwarding findElement on session 698a376df15a46922bb2f431108262f6 to remote] DEBUG org.asynchttpclient.netty.request.NettyRequestSender - Using open Channel [id: 0x38be39b1, L:/127.0.0.1:53624 - R:localhost/127.0.0.1:32501] for POST '/session/698a376df15a46922bb2f431108262f6/element'
21:02:07.319 [AsyncHttpClient-1-2] DEBUG org.asynchttpclient.netty.handler.HttpHandler - 

Request DefaultHttpRequest(decodeResult: success, version: HTTP/1.1)
POST /session/698a376df15a46922bb2f431108262f6/element HTTP/1.1
User-Agent: selenium/4.8.1 (java windows)
Content-Length: 69
Content-Type: application/json; charset=utf-8
host: localhost:32501
accept: */*

Response DefaultHttpResponse(decodeResult: success, version: HTTP/1.1)
HTTP/1.1 200 OK
Content-Length: 88
Content-Type: application/json; charset=utf-8
cache-control: no-cache

21:02:07.320 [AsyncHttpClient-1-2] DEBUG org.asynchttpclient.netty.channel.ChannelManager - Adding key: http://localhost:32501 for channel [id: 0x38be39b1, L:/127.0.0.1:53624 - R:localhost/127.0.0.1:32501]
21:02:07.323 [Forwarding clickElement on session 698a376df15a46922bb2f431108262f6 to remote] DEBUG org.asynchttpclient.netty.request.NettyRequestSender - Using pooled Channel '[id: 0x38be39b1, L:/127.0.0.1:53624 - R:localhost/127.0.0.1:32501]' for 'POST' to 'http://localhost:32501/session/698a376df15a46922bb2f431108262f6/element/af23f431-92cc-4b35-8899-8ebdb5ce634d/click'
21:02:07.323 [Forwarding clickElement on session 698a376df15a46922bb2f431108262f6 to remote] DEBUG org.asynchttpclient.netty.request.NettyRequestSender - Using open Channel [id: 0x38be39b1, L:/127.0.0.1:53624 - R:localhost/127.0.0.1:32501] for POST '/session/698a376df15a46922bb2f431108262f6/element/af23f431-92cc-4b35-8899-8ebdb5ce634d/click'
21:02:07.398 [AsyncHttpClient-1-2] DEBUG org.asynchttpclient.netty.handler.HttpHandler - 

Request DefaultHttpRequest(decodeResult: success, version: HTTP/1.1)
POST /session/698a376df15a46922bb2f431108262f6/element/af23f431-92cc-4b35-8899-8ebdb5ce634d/click HTTP/1.1
User-Agent: selenium/4.8.1 (java windows)
Content-Length: 50
Content-Type: application/json; charset=utf-8
host: localhost:32501
accept: */*

Response DefaultHttpResponse(decodeResult: success, version: HTTP/1.1)
HTTP/1.1 200 OK
Content-Length: 14
Content-Type: application/json; charset=utf-8
cache-control: no-cache

21:02:07.398 [AsyncHttpClient-1-2] DEBUG org.asynchttpclient.netty.channel.ChannelManager - Adding key: http://localhost:32501 for channel [id: 0x38be39b1, L:/127.0.0.1:53624 - R:localhost/127.0.0.1:32501]
21:02:07.404 [main] DEBUG net.thucydides.core.steps.StepInterceptor - STEP DONE: ClickLoginBtn
  &amp#27;[32mAnd &amp#27;[0m&amp#27;[32muser click login button&amp#27;[0m                                      &amp#27;[90m# starter.stepdefinitions.LoginSteps.userClickLoginButton()&amp#27;[0m
21:02:07.418 [main] DEBUG net.thucydides.core.steps.StepInterceptor - STARTING STEP: LoginSteps.userOnProductsPage - onProductPage
21:02:07.427 [Forwarding findElement on session 698a376df15a46922bb2f431108262f6 to remote] DEBUG org.asynchttpclient.netty.request.NettyRequestSender - Using pooled Channel '[id: 0x38be39b1, L:/127.0.0.1:53624 - R:localhost/127.0.0.1:32501]' for 'POST' to 'http://localhost:32501/session/698a376df15a46922bb2f431108262f6/element'
21:02:07.428 [Forwarding findElement on session 698a376df15a46922bb2f431108262f6 to remote] DEBUG org.asynchttpclient.netty.request.NettyRequestSender - Using open Channel [id: 0x38be39b1, L:/127.0.0.1:53624 - R:localhost/127.0.0.1:32501] for POST '/session/698a376df15a46922bb2f431108262f6/element'
21:02:07.808 [AsyncHttpClient-1-1] DEBUG org.asynchttpclient.netty.channel.DefaultChannelPool - Entry count for : http://localhost:53625 : 1
21:02:08.900 [AsyncHttpClient-1-1] DEBUG org.asynchttpclient.netty.channel.DefaultChannelPool - Entry count for : http://localhost:53625 : 1
21:02:10.003 [AsyncHttpClient-1-1] DEBUG org.asynchttpclient.netty.channel.DefaultChannelPool - Entry count for : http://localhost:53625 : 1
21:02:11.110 [AsyncHttpClient-1-1] DEBUG org.asynchttpclient.netty.channel.DefaultChannelPool - Entry count for : http://localhost:53625 : 1
21:02:11.968 [AsyncHttpClient-1-2] DEBUG org.asynchttpclient.netty.handler.HttpHandler - 

Request DefaultHttpRequest(decodeResult: success, version: HTTP/1.1)
POST /session/698a376df15a46922bb2f431108262f6/element HTTP/1.1
User-Agent: selenium/4.8.1 (java windows)
Content-Length: 54
Content-Type: application/json; charset=utf-8
host: localhost:32501
accept: */*

Response DefaultHttpResponse(decodeResult: success, version: HTTP/1.1)
HTTP/1.1 200 OK
Content-Length: 88
Content-Type: application/json; charset=utf-8
cache-control: no-cache

21:02:11.969 [AsyncHttpClient-1-2] DEBUG org.asynchttpclient.netty.channel.ChannelManager - Adding key: http://localhost:32501 for channel [id: 0x38be39b1, L:/127.0.0.1:53624 - R:localhost/127.0.0.1:32501]
21:02:11.987 [Forwarding isElementDisplayed on session 698a376df15a46922bb2f431108262f6 to remote] DEBUG org.asynchttpclient.netty.request.NettyRequestSender - Using pooled Channel '[id: 0x38be39b1, L:/127.0.0.1:53624 - R:localhost/127.0.0.1:32501]' for 'POST' to 'http://localhost:32501/session/698a376df15a46922bb2f431108262f6/execute/sync'
21:02:11.987 [Forwarding isElementDisplayed on session 698a376df15a46922bb2f431108262f6 to remote] DEBUG org.asynchttpclient.netty.request.NettyRequestSender - Using open Channel [id: 0x38be39b1, L:/127.0.0.1:53624 - R:localhost/127.0.0.1:32501] for POST '/session/698a376df15a46922bb2f431108262f6/execute/sync'
21:02:12.004 [AsyncHttpClient-1-2] DEBUG org.asynchttpclient.netty.handler.HttpHandler - 

Request DefaultHttpRequest(decodeResult: success, version: HTTP/1.1)
POST /session/698a376df15a46922bb2f431108262f6/execute/sync HTTP/1.1
User-Agent: selenium/4.8.1 (java windows)
Content-Length: 48807
Content-Type: application/json; charset=utf-8
host: localhost:32501
accept: */*

Response DefaultHttpResponse(decodeResult: success, version: HTTP/1.1)
HTTP/1.1 200 OK
Content-Length: 14
Content-Type: application/json; charset=utf-8
cache-control: no-cache

21:02:12.005 [AsyncHttpClient-1-2] DEBUG org.asynchttpclient.netty.channel.ChannelManager - Adding key: http://localhost:32501 for channel [id: 0x38be39b1, L:/127.0.0.1:53624 - R:localhost/127.0.0.1:32501]
21:02:12.013 [Forwarding isElementDisplayed on session 698a376df15a46922bb2f431108262f6 to remote] DEBUG org.asynchttpclient.netty.request.NettyRequestSender - Using pooled Channel '[id: 0x38be39b1, L:/127.0.0.1:53624 - R:localhost/127.0.0.1:32501]' for 'POST' to 'http://localhost:32501/session/698a376df15a46922bb2f431108262f6/execute/sync'
21:02:12.014 [Forwarding isElementDisplayed on session 698a376df15a46922bb2f431108262f6 to remote] DEBUG org.asynchttpclient.netty.request.NettyRequestSender - Using open Channel [id: 0x38be39b1, L:/127.0.0.1:53624 - R:localhost/127.0.0.1:32501] for POST '/session/698a376df15a46922bb2f431108262f6/execute/sync'
21:02:12.029 [AsyncHttpClient-1-2] DEBUG org.asynchttpclient.netty.handler.HttpHandler - 

Request DefaultHttpRequest(decodeResult: success, version: HTTP/1.1)
POST /session/698a376df15a46922bb2f431108262f6/execute/sync HTTP/1.1
User-Agent: selenium/4.8.1 (java windows)
Content-Length: 48807
Content-Type: application/json; charset=utf-8
host: localhost:32501
accept: */*

Response DefaultHttpResponse(decodeResult: success, version: HTTP/1.1)
HTTP/1.1 200 OK
Content-Length: 14
Content-Type: application/json; charset=utf-8
cache-control: no-cache

21:02:12.029 [AsyncHttpClient-1-2] DEBUG org.asynchttpclient.netty.channel.ChannelManager - Adding key: http://localhost:32501 for channel [id: 0x38be39b1, L:/127.0.0.1:53624 - R:localhost/127.0.0.1:32501]
21:02:12.036 [main] DEBUG net.thucydides.core.steps.StepInterceptor - STEP DONE: onProductPage
  &amp#27;[32mAnd &amp#27;[0m&amp#27;[32muser on products page&amp#27;[0m                                        &amp#27;[90m# starter.stepdefinitions.LoginSteps.userOnProductsPage()&amp#27;[0m
21:02:12.200 [AsyncHttpClient-1-1] DEBUG org.asynchttpclient.netty.channel.DefaultChannelPool - Entry count for : http://localhost:53625 : 1
21:02:12.200 [AsyncHttpClient-1-1] DEBUG org.asynchttpclient.netty.channel.DefaultChannelPool - Entry count for : http://localhost:32501 : 1
21:02:12.404 [Forwarding findElement on session 698a376df15a46922bb2f431108262f6 to remote] DEBUG org.asynchttpclient.netty.request.NettyRequestSender - Using pooled Channel '[id: 0x38be39b1, L:/127.0.0.1:53624 - R:localhost/127.0.0.1:32501]' for 'POST' to 'http://localhost:32501/session/698a376df15a46922bb2f431108262f6/element'
21:02:12.405 [Forwarding findElement on session 698a376df15a46922bb2f431108262f6 to remote] DEBUG org.asynchttpclient.netty.request.NettyRequestSender - Using open Channel [id: 0x38be39b1, L:/127.0.0.1:53624 - R:localhost/127.0.0.1:32501] for POST '/session/698a376df15a46922bb2f431108262f6/element'
21:02:12.425 [AsyncHttpClient-1-2] DEBUG org.asynchttpclient.netty.handler.HttpHandler - 

Request DefaultHttpRequest(decodeResult: success, version: HTTP/1.1)
POST /session/698a376df15a46922bb2f431108262f6/element HTTP/1.1
User-Agent: selenium/4.8.1 (java windows)
Content-Length: 68
Content-Type: application/json; charset=utf-8
host: localhost:32501
accept: */*

Response DefaultHttpResponse(decodeResult: success, version: HTTP/1.1)
HTTP/1.1 200 OK
Content-Length: 88
Content-Type: application/json; charset=utf-8
cache-control: no-cache

21:02:12.425 [AsyncHttpClient-1-2] DEBUG org.asynchttpclient.netty.channel.ChannelManager - Adding key: http://localhost:32501 for channel [id: 0x38be39b1, L:/127.0.0.1:53624 - R:localhost/127.0.0.1:32501]
21:02:12.428 [Forwarding getElementTagName on session 698a376df15a46922bb2f431108262f6 to remote] DEBUG org.asynchttpclient.netty.request.NettyRequestSender - Using pooled Channel '[id: 0x38be39b1, L:/127.0.0.1:53624 - R:localhost/127.0.0.1:32501]' for 'GET' to 'http://localhost:32501/session/698a376df15a46922bb2f431108262f6/element/3dd511da-d23b-49e4-8db2-f35cbf16020c/name'
21:02:12.428 [Forwarding getElementTagName on session 698a376df15a46922bb2f431108262f6 to remote] DEBUG org.asynchttpclient.netty.request.NettyRequestSender - Using open Channel [id: 0x38be39b1, L:/127.0.0.1:53624 - R:localhost/127.0.0.1:32501] for GET '/session/698a376df15a46922bb2f431108262f6/element/3dd511da-d23b-49e4-8db2-f35cbf16020c/name'
21:02:12.434 [AsyncHttpClient-1-2] DEBUG org.asynchttpclient.netty.handler.HttpHandler - 

Request DefaultFullHttpRequest(decodeResult: success, version: HTTP/1.1, content: EmptyByteBufBE)
GET /session/698a376df15a46922bb2f431108262f6/element/3dd511da-d23b-49e4-8db2-f35cbf16020c/name HTTP/1.1
User-Agent: selenium/4.8.1 (java windows)
Cache-Control: no-cache
Content-Type: application/json; charset=utf-8
host: localhost:32501
accept: */*

Response DefaultHttpResponse(decodeResult: success, version: HTTP/1.1)
HTTP/1.1 200 OK
Content-Length: 16
Content-Type: application/json; charset=utf-8
cache-control: no-cache

21:02:12.435 [AsyncHttpClient-1-2] DEBUG org.asynchttpclient.netty.channel.ChannelManager - Adding key: http://localhost:32501 for channel [id: 0x38be39b1, L:/127.0.0.1:53624 - R:localhost/127.0.0.1:32501]
21:02:12.438 [Forwarding getElementTagName on session 698a376df15a46922bb2f431108262f6 to remote] DEBUG org.asynchttpclient.netty.request.NettyRequestSender - Using pooled Channel '[id: 0x38be39b1, L:/127.0.0.1:53624 - R:localhost/127.0.0.1:32501]' for 'GET' to 'http://localhost:32501/session/698a376df15a46922bb2f431108262f6/element/3dd511da-d23b-49e4-8db2-f35cbf16020c/name'
21:02:12.438 [Forwarding getElementTagName on session 698a376df15a46922bb2f431108262f6 to remote] DEBUG org.asynchttpclient.netty.request.NettyRequestSender - Using open Channel [id: 0x38be39b1, L:/127.0.0.1:53624 - R:localhost/127.0.0.1:32501] for GET '/session/698a376df15a46922bb2f431108262f6/element/3dd511da-d23b-49e4-8db2-f35cbf16020c/name'
21:02:12.443 [AsyncHttpClient-1-2] DEBUG org.asynchttpclient.netty.handler.HttpHandler - 

Request DefaultFullHttpRequest(decodeResult: success, version: HTTP/1.1, content: EmptyByteBufBE)
GET /session/698a376df15a46922bb2f431108262f6/element/3dd511da-d23b-49e4-8db2-f35cbf16020c/name HTTP/1.1
User-Agent: selenium/4.8.1 (java windows)
Cache-Control: no-cache
Content-Type: application/json; charset=utf-8
host: localhost:32501
accept: */*

Response DefaultHttpResponse(decodeResult: success, version: HTTP/1.1)
HTTP/1.1 200 OK
Content-Length: 16
Content-Type: application/json; charset=utf-8
cache-control: no-cache

21:02:12.444 [AsyncHttpClient-1-2] DEBUG org.asynchttpclient.netty.channel.ChannelManager - Adding key: http://localhost:32501 for channel [id: 0x38be39b1, L:/127.0.0.1:53624 - R:localhost/127.0.0.1:32501]
21:02:12.448 [Forwarding findElement on session 698a376df15a46922bb2f431108262f6 to remote] DEBUG org.asynchttpclient.netty.request.NettyRequestSender - Using pooled Channel '[id: 0x38be39b1, L:/127.0.0.1:53624 - R:localhost/127.0.0.1:32501]' for 'POST' to 'http://localhost:32501/session/698a376df15a46922bb2f431108262f6/element'
21:02:12.448 [Forwarding findElement on session 698a376df15a46922bb2f431108262f6 to remote] DEBUG org.asynchttpclient.netty.request.NettyRequestSender - Using open Channel [id: 0x38be39b1, L:/127.0.0.1:53624 - R:localhost/127.0.0.1:32501] for POST '/session/698a376df15a46922bb2f431108262f6/element'
21:02:12.461 [AsyncHttpClient-1-2] DEBUG org.asynchttpclient.netty.handler.HttpHandler - 

Request DefaultHttpRequest(decodeResult: success, version: HTTP/1.1)
POST /session/698a376df15a46922bb2f431108262f6/element HTTP/1.1
User-Agent: selenium/4.8.1 (java windows)
Content-Length: 68
Content-Type: application/json; charset=utf-8
host: localhost:32501
accept: */*

Response DefaultHttpResponse(decodeResult: success, version: HTTP/1.1)
HTTP/1.1 200 OK
Content-Length: 88
Content-Type: application/json; charset=utf-8
cache-control: no-cache

21:02:12.462 [AsyncHttpClient-1-2] DEBUG org.asynchttpclient.netty.channel.ChannelManager - Adding key: http://localhost:32501 for channel [id: 0x38be39b1, L:/127.0.0.1:53624 - R:localhost/127.0.0.1:32501]
21:02:12.464 [Forwarding clickElement on session 698a376df15a46922bb2f431108262f6 to remote] DEBUG org.asynchttpclient.netty.request.NettyRequestSender - Using pooled Channel '[id: 0x38be39b1, L:/127.0.0.1:53624 - R:localhost/127.0.0.1:32501]' for 'POST' to 'http://localhost:32501/session/698a376df15a46922bb2f431108262f6/element/3dd511da-d23b-49e4-8db2-f35cbf16020c/click'
21:02:12.464 [Forwarding clickElement on session 698a376df15a46922bb2f431108262f6 to remote] DEBUG org.asynchttpclient.netty.request.NettyRequestSender - Using open Channel [id: 0x38be39b1, L:/127.0.0.1:53624 - R:localhost/127.0.0.1:32501] for POST '/session/698a376df15a46922bb2f431108262f6/element/3dd511da-d23b-49e4-8db2-f35cbf16020c/click'
21:02:12.582 [AsyncHttpClient-1-2] DEBUG org.asynchttpclient.netty.handler.HttpHandler - 

Request DefaultHttpRequest(decodeResult: success, version: HTTP/1.1)
POST /session/698a376df15a46922bb2f431108262f6/element/3dd511da-d23b-49e4-8db2-f35cbf16020c/click HTTP/1.1
User-Agent: selenium/4.8.1 (java windows)
Content-Length: 50
Content-Type: application/json; charset=utf-8
host: localhost:32501
accept: */*

Response DefaultHttpResponse(decodeResult: success, version: HTTP/1.1)
HTTP/1.1 200 OK
Content-Length: 14
Content-Type: application/json; charset=utf-8
cache-control: no-cache

21:02:12.583 [AsyncHttpClient-1-2] DEBUG org.asynchttpclient.netty.channel.ChannelManager - Adding key: http://localhost:32501 for channel [id: 0x38be39b1, L:/127.0.0.1:53624 - R:localhost/127.0.0.1:32501]
  &amp#27;[32mWhen &amp#27;[0m&amp#27;[32muser click button Beli&amp#27;[0m                                      &amp#27;[90m# starter.stepdefinitions.ChooseProductSteps.userClickButtonBeli()&amp#27;[0m
21:02:12.601 [Forwarding findElement on session 698a376df15a46922bb2f431108262f6 to remote] DEBUG org.asynchttpclient.netty.request.NettyRequestSender - Using pooled Channel '[id: 0x38be39b1, L:/127.0.0.1:53624 - R:localhost/127.0.0.1:32501]' for 'POST' to 'http://localhost:32501/session/698a376df15a46922bb2f431108262f6/element'
21:02:12.603 [Forwarding findElement on session 698a376df15a46922bb2f431108262f6 to remote] DEBUG org.asynchttpclient.netty.request.NettyRequestSender - Using open Channel [id: 0x38be39b1, L:/127.0.0.1:53624 - R:localhost/127.0.0.1:32501] for POST '/session/698a376df15a46922bb2f431108262f6/element'
21:02:12.633 [AsyncHttpClient-1-2] DEBUG org.asynchttpclient.netty.handler.HttpHandler - 

Request DefaultHttpRequest(decodeResult: success, version: HTTP/1.1)
POST /session/698a376df15a46922bb2f431108262f6/element HTTP/1.1
User-Agent: selenium/4.8.1 (java windows)
Content-Length: 71
Content-Type: application/json; charset=utf-8
host: localhost:32501
accept: */*

Response DefaultHttpResponse(decodeResult: success, version: HTTP/1.1)
HTTP/1.1 200 OK
Content-Length: 88
Content-Type: application/json; charset=utf-8
cache-control: no-cache

21:02:12.633 [AsyncHttpClient-1-2] DEBUG org.asynchttpclient.netty.channel.ChannelManager - Adding key: http://localhost:32501 for channel [id: 0x38be39b1, L:/127.0.0.1:53624 - R:localhost/127.0.0.1:32501]
21:02:12.638 [Forwarding getElementTagName on session 698a376df15a46922bb2f431108262f6 to remote] DEBUG org.asynchttpclient.netty.request.NettyRequestSender - Using pooled Channel '[id: 0x38be39b1, L:/127.0.0.1:53624 - R:localhost/127.0.0.1:32501]' for 'GET' to 'http://localhost:32501/session/698a376df15a46922bb2f431108262f6/element/7abc08e1-b79c-488a-b8d1-24fa4289adb9/name'
21:02:12.638 [Forwarding getElementTagName on session 698a376df15a46922bb2f431108262f6 to remote] DEBUG org.asynchttpclient.netty.request.NettyRequestSender - Using open Channel [id: 0x38be39b1, L:/127.0.0.1:53624 - R:localhost/127.0.0.1:32501] for GET '/session/698a376df15a46922bb2f431108262f6/element/7abc08e1-b79c-488a-b8d1-24fa4289adb9/name'
21:02:12.644 [AsyncHttpClient-1-2] DEBUG org.asynchttpclient.netty.handler.HttpHandler - 

Request DefaultFullHttpRequest(decodeResult: success, version: HTTP/1.1, content: EmptyByteBufBE)
GET /session/698a376df15a46922bb2f431108262f6/element/7abc08e1-b79c-488a-b8d1-24fa4289adb9/name HTTP/1.1
User-Agent: selenium/4.8.1 (java windows)
Cache-Control: no-cache
Content-Type: application/json; charset=utf-8
host: localhost:32501
accept: */*

Response DefaultHttpResponse(decodeResult: success, version: HTTP/1.1)
HTTP/1.1 200 OK
Content-Length: 13
Content-Type: application/json; charset=utf-8
cache-control: no-cache

21:02:12.644 [AsyncHttpClient-1-2] DEBUG org.asynchttpclient.netty.channel.ChannelManager - Adding key: http://localhost:32501 for channel [id: 0x38be39b1, L:/127.0.0.1:53624 - R:localhost/127.0.0.1:32501]
21:02:12.647 [Forwarding getElementTagName on session 698a376df15a46922bb2f431108262f6 to remote] DEBUG org.asynchttpclient.netty.request.NettyRequestSender - Using pooled Channel '[id: 0x38be39b1, L:/127.0.0.1:53624 - R:localhost/127.0.0.1:32501]' for 'GET' to 'http://localhost:32501/session/698a376df15a46922bb2f431108262f6/element/7abc08e1-b79c-488a-b8d1-24fa4289adb9/name'
21:02:12.647 [Forwarding getElementTagName on session 698a376df15a46922bb2f431108262f6 to remote] DEBUG org.asynchttpclient.netty.request.NettyRequestSender - Using open Channel [id: 0x38be39b1, L:/127.0.0.1:53624 - R:localhost/127.0.0.1:32501] for GET '/session/698a376df15a46922bb2f431108262f6/element/7abc08e1-b79c-488a-b8d1-24fa4289adb9/name'
21:02:12.651 [AsyncHttpClient-1-2] DEBUG org.asynchttpclient.netty.handler.HttpHandler - 

Request DefaultFullHttpRequest(decodeResult: success, version: HTTP/1.1, content: EmptyByteBufBE)
GET /session/698a376df15a46922bb2f431108262f6/element/7abc08e1-b79c-488a-b8d1-24fa4289adb9/name HTTP/1.1
User-Agent: selenium/4.8.1 (java windows)
Cache-Control: no-cache
Content-Type: application/json; charset=utf-8
host: localhost:32501
accept: */*

Response DefaultHttpResponse(decodeResult: success, version: HTTP/1.1)
HTTP/1.1 200 OK
Content-Length: 13
Content-Type: application/json; charset=utf-8
cache-control: no-cache

21:02:12.652 [AsyncHttpClient-1-2] DEBUG org.asynchttpclient.netty.channel.ChannelManager - Adding key: http://localhost:32501 for channel [id: 0x38be39b1, L:/127.0.0.1:53624 - R:localhost/127.0.0.1:32501]
21:02:12.657 [Forwarding findElement on session 698a376df15a46922bb2f431108262f6 to remote] DEBUG org.asynchttpclient.netty.request.NettyRequestSender - Using pooled Channel '[id: 0x38be39b1, L:/127.0.0.1:53624 - R:localhost/127.0.0.1:32501]' for 'POST' to 'http://localhost:32501/session/698a376df15a46922bb2f431108262f6/element'
21:02:12.657 [Forwarding findElement on session 698a376df15a46922bb2f431108262f6 to remote] DEBUG org.asynchttpclient.netty.request.NettyRequestSender - Using open Channel [id: 0x38be39b1, L:/127.0.0.1:53624 - R:localhost/127.0.0.1:32501] for POST '/session/698a376df15a46922bb2f431108262f6/element'
21:02:12.667 [AsyncHttpClient-1-2] DEBUG org.asynchttpclient.netty.handler.HttpHandler - 

Request DefaultHttpRequest(decodeResult: success, version: HTTP/1.1)
POST /session/698a376df15a46922bb2f431108262f6/element HTTP/1.1
User-Agent: selenium/4.8.1 (java windows)
Content-Length: 71
Content-Type: application/json; charset=utf-8
host: localhost:32501
accept: */*

Response DefaultHttpResponse(decodeResult: success, version: HTTP/1.1)
HTTP/1.1 200 OK
Content-Length: 88
Content-Type: application/json; charset=utf-8
cache-control: no-cache

21:02:12.667 [AsyncHttpClient-1-2] DEBUG org.asynchttpclient.netty.channel.ChannelManager - Adding key: http://localhost:32501 for channel [id: 0x38be39b1, L:/127.0.0.1:53624 - R:localhost/127.0.0.1:32501]
21:02:12.671 [Forwarding clickElement on session 698a376df15a46922bb2f431108262f6 to remote] DEBUG org.asynchttpclient.netty.request.NettyRequestSender - Using pooled Channel '[id: 0x38be39b1, L:/127.0.0.1:53624 - R:localhost/127.0.0.1:32501]' for 'POST' to 'http://localhost:32501/session/698a376df15a46922bb2f431108262f6/element/7abc08e1-b79c-488a-b8d1-24fa4289adb9/click'
21:02:12.671 [Forwarding clickElement on session 698a376df15a46922bb2f431108262f6 to remote] DEBUG org.asynchttpclient.netty.request.NettyRequestSender - Using open Channel [id: 0x38be39b1, L:/127.0.0.1:53624 - R:localhost/127.0.0.1:32501] for POST '/session/698a376df15a46922bb2f431108262f6/element/7abc08e1-b79c-488a-b8d1-24fa4289adb9/click'
21:02:12.741 [AsyncHttpClient-1-2] DEBUG org.asynchttpclient.netty.handler.HttpHandler - 

Request DefaultHttpRequest(decodeResult: success, version: HTTP/1.1)
POST /session/698a376df15a46922bb2f431108262f6/element/7abc08e1-b79c-488a-b8d1-24fa4289adb9/click HTTP/1.1
User-Agent: selenium/4.8.1 (java windows)
Content-Length: 50
Content-Type: application/json; charset=utf-8
host: localhost:32501
accept: */*

Response DefaultHttpResponse(decodeResult: success, version: HTTP/1.1)
HTTP/1.1 200 OK
Content-Length: 14
Content-Type: application/json; charset=utf-8
cache-control: no-cache

21:02:12.741 [AsyncHttpClient-1-2] DEBUG org.asynchttpclient.netty.channel.ChannelManager - Adding key: http://localhost:32501 for channel [id: 0x38be39b1, L:/127.0.0.1:53624 - R:localhost/127.0.0.1:32501]
  &amp#27;[32mAnd &amp#27;[0m&amp#27;[32muser click cart&amp#27;[0m                                              &amp#27;[90m# starter.stepdefinitions.ChooseProductSteps.userClickCart()&amp#27;[0m
21:02:12.774 [Forwarding findElement on session 698a376df15a46922bb2f431108262f6 to remote] DEBUG org.asynchttpclient.netty.request.NettyRequestSender - Using pooled Channel '[id: 0x38be39b1, L:/127.0.0.1:53624 - R:localhost/127.0.0.1:32501]' for 'POST' to 'http://localhost:32501/session/698a376df15a46922bb2f431108262f6/element'
21:02:12.774 [Forwarding findElement on session 698a376df15a46922bb2f431108262f6 to remote] DEBUG org.asynchttpclient.netty.request.NettyRequestSender - Using open Channel [id: 0x38be39b1, L:/127.0.0.1:53624 - R:localhost/127.0.0.1:32501] for POST '/session/698a376df15a46922bb2f431108262f6/element'
21:02:13.006 [AsyncHttpClient-1-2] DEBUG org.asynchttpclient.netty.handler.HttpHandler - 

Request DefaultHttpRequest(decodeResult: success, version: HTTP/1.1)
POST /session/698a376df15a46922bb2f431108262f6/element HTTP/1.1
User-Agent: selenium/4.8.1 (java windows)
Content-Length: 71
Content-Type: application/json; charset=utf-8
host: localhost:32501
accept: */*

Response DefaultHttpResponse(decodeResult: success, version: HTTP/1.1)
HTTP/1.1 200 OK
Content-Length: 88
Content-Type: application/json; charset=utf-8
cache-control: no-cache

21:02:13.007 [AsyncHttpClient-1-2] DEBUG org.asynchttpclient.netty.channel.ChannelManager - Adding key: http://localhost:32501 for channel [id: 0x38be39b1, L:/127.0.0.1:53624 - R:localhost/127.0.0.1:32501]
21:02:13.013 [Forwarding isElementDisplayed on session 698a376df15a46922bb2f431108262f6 to remote] DEBUG org.asynchttpclient.netty.request.NettyRequestSender - Using pooled Channel '[id: 0x38be39b1, L:/127.0.0.1:53624 - R:localhost/127.0.0.1:32501]' for 'POST' to 'http://localhost:32501/session/698a376df15a46922bb2f431108262f6/execute/sync'
21:02:13.013 [Forwarding isElementDisplayed on session 698a376df15a46922bb2f431108262f6 to remote] DEBUG org.asynchttpclient.netty.request.NettyRequestSender - Using open Channel [id: 0x38be39b1, L:/127.0.0.1:53624 - R:localhost/127.0.0.1:32501] for POST '/session/698a376df15a46922bb2f431108262f6/execute/sync'
21:02:13.032 [AsyncHttpClient-1-2] DEBUG org.asynchttpclient.netty.handler.HttpHandler - 

Request DefaultHttpRequest(decodeResult: success, version: HTTP/1.1)
POST /session/698a376df15a46922bb2f431108262f6/execute/sync HTTP/1.1
User-Agent: selenium/4.8.1 (java windows)
Content-Length: 48807
Content-Type: application/json; charset=utf-8
host: localhost:32501
accept: */*

Response DefaultHttpResponse(decodeResult: success, version: HTTP/1.1)
HTTP/1.1 200 OK
Content-Length: 14
Content-Type: application/json; charset=utf-8
cache-control: no-cache

21:02:13.032 [AsyncHttpClient-1-2] DEBUG org.asynchttpclient.netty.channel.ChannelManager - Adding key: http://localhost:32501 for channel [id: 0x38be39b1, L:/127.0.0.1:53624 - R:localhost/127.0.0.1:32501]
21:02:13.039 [Forwarding isElementDisplayed on session 698a376df15a46922bb2f431108262f6 to remote] DEBUG org.asynchttpclient.netty.request.NettyRequestSender - Using pooled Channel '[id: 0x38be39b1, L:/127.0.0.1:53624 - R:localhost/127.0.0.1:32501]' for 'POST' to 'http://localhost:32501/session/698a376df15a46922bb2f431108262f6/execute/sync'
21:02:13.039 [Forwarding isElementDisplayed on session 698a376df15a46922bb2f431108262f6 to remote] DEBUG org.asynchttpclient.netty.request.NettyRequestSender - Using open Channel [id: 0x38be39b1, L:/127.0.0.1:53624 - R:localhost/127.0.0.1:32501] for POST '/session/698a376df15a46922bb2f431108262f6/execute/sync'
21:02:13.052 [AsyncHttpClient-1-2] DEBUG org.asynchttpclient.netty.handler.HttpHandler - 

Request DefaultHttpRequest(decodeResult: success, version: HTTP/1.1)
POST /session/698a376df15a46922bb2f431108262f6/execute/sync HTTP/1.1
User-Agent: selenium/4.8.1 (java windows)
Content-Length: 48807
Content-Type: application/json; charset=utf-8
host: localhost:32501
accept: */*

Response DefaultHttpResponse(decodeResult: success, version: HTTP/1.1)
HTTP/1.1 200 OK
Content-Length: 14
Content-Type: application/json; charset=utf-8
cache-control: no-cache

21:02:13.052 [AsyncHttpClient-1-2] DEBUG org.asynchttpclient.netty.channel.ChannelManager - Adding key: http://localhost:32501 for channel [id: 0x38be39b1, L:/127.0.0.1:53624 - R:localhost/127.0.0.1:32501]
  &amp#27;[32mThen &amp#27;[0m&amp#27;[32mthe product has been successfully selected&amp#27;[0m                  &amp#27;[90m# starter.stepdefinitions.ChooseProductSteps.theProductHasBeenSuccessfullySelected()&amp#27;[0m
21:02:13.065 [main] INFO  - 
  _____   ___   ___   _____     ___     _     ___   ___   ___   ___  
 |_   _| | __| / __| |_   _|   | _ \   /_\   / __| / __| | __| |   \ 
   | |   | _|  \__ \   | |     |  _/  / _ \  \__ \ \__ \ | _|  | |) |
   |_|   |___| |___/   |_|     |_|   /_/ \_\ |___/ |___/ |___| |___/ 

as user i want to choose product and add product to cart
----------------------------------------------------------------------
21:02:13.196 [AsyncHttpClient-1-4] DEBUG org.asynchttpclient.netty.handler.WebSocketHandler - Channel Closed: [id: 0x3c6bf272, L:/127.0.0.1:53632 ! R:localhost/127.0.0.1:53625] with attribute NettyResponseFuture{currentRetry=0,
	isDone=1,
	isCancelled=0,
	asyncHandler=org.asynchttpclient.ws.WebSocketUpgradeHandler@7c92ac29,
	nettyRequest=org.asynchttpclient.netty.request.NettyRequest@4b90641,
	future=java.util.concurrent.CompletableFuture@79daa735[Completed normally],
	uri=ws://localhost:53625/devtools/browser/f327dd1d-f469-42f9-b2ca-89f5057f5922,
	keepAlive=true,
	redirectCount=0,
	timeoutsHolder=null,
	inAuth=0,
	touch=1683554515739}
21:02:13.197 [AsyncHttpClient-1-4] DEBUG org.asynchttpclient.netty.channel.ChannelManager - Closing Channel [id: 0x3c6bf272, L:/127.0.0.1:53632 ! R:localhost/127.0.0.1:53625] 
21:02:13.198 [Driver Command Executor] DEBUG org.asynchttpclient.netty.request.NettyRequestSender - Using pooled Channel '[id: 0x38be39b1, L:/127.0.0.1:53624 - R:localhost/127.0.0.1:32501]' for 'DELETE' to 'http://localhost:32501/session/698a376df15a46922bb2f431108262f6'
21:02:13.198 [Driver Command Executor] DEBUG org.asynchttpclient.netty.request.NettyRequestSender - Using open Channel [id: 0x38be39b1, L:/127.0.0.1:53624 - R:localhost/127.0.0.1:32501] for DELETE '/session/698a376df15a46922bb2f431108262f6'
21:02:13.299 [AsyncHttpClient-1-1] DEBUG org.asynchttpclient.netty.channel.DefaultChannelPool - Entry count for : http://localhost:53625 : 1
21:02:13.312 [AsyncHttpClient-1-3] DEBUG org.asynchttpclient.netty.handler.HttpHandler - Unexpected I/O exception on channel [id: 0xc2aedda0, L:/127.0.0.1:53631 - R:localhost/127.0.0.1:53625]
java.io.IOException: An existing connection was forcibly closed by the remote host
	at sun.nio.ch.SocketDispatcher.read0(Native Method)
	at sun.nio.ch.SocketDispatcher.read(SocketDispatcher.java:43)
	at sun.nio.ch.IOUtil.readIntoNativeBuffer(IOUtil.java:223)
	at sun.nio.ch.IOUtil.read(IOUtil.java:192)
	at sun.nio.ch.SocketChannelImpl.read(SocketChannelImpl.java:380)
	at io.netty.buffer.PooledByteBuf.setBytes(PooledByteBuf.java:259)
	at io.netty.buffer.AbstractByteBuf.writeBytes(AbstractByteBuf.java:1132)
	at io.netty.channel.socket.nio.NioSocketChannel.doReadBytes(NioSocketChannel.java:357)
	at io.netty.channel.nio.AbstractNioByteChannel$NioByteUnsafe.read(AbstractNioByteChannel.java:151)
	at io.netty.channel.nio.NioEventLoop.processSelectedKey(NioEventLoop.java:788)
	at io.netty.channel.nio.NioEventLoop.processSelectedKeysOptimized(NioEventLoop.java:724)
	at io.netty.channel.nio.NioEventLoop.processSelectedKeys(NioEventLoop.java:650)
	at io.netty.channel.nio.NioEventLoop.run(NioEventLoop.java:562)
	at io.netty.util.concurrent.SingleThreadEventExecutor$4.run(SingleThreadEventExecutor.java:997)
	at io.netty.util.internal.ThreadExecutorMap$2.run(ThreadExecutorMap.java:74)
	at io.netty.util.concurrent.FastThreadLocalRunnable.run(FastThreadLocalRunnable.java:30)
	at java.lang.Thread.run(Thread.java:748)
21:02:13.312 [AsyncHttpClient-1-3] DEBUG org.asynchttpclient.netty.channel.ChannelManager - Closing Channel [id: 0xc2aedda0, L:/127.0.0.1:53631 - R:localhost/127.0.0.1:53625] 
21:02:13.314 [AsyncHttpClient-1-3] DEBUG org.asynchttpclient.netty.handler.HttpHandler - Channel Closed: [id: 0xc2aedda0, L:/127.0.0.1:53631 ! R:localhost/127.0.0.1:53625] with attribute DISCARD
21:02:13.371 [AsyncHttpClient-1-2] DEBUG org.asynchttpclient.netty.handler.HttpHandler - 

Request DefaultFullHttpRequest(decodeResult: success, version: HTTP/1.1, content: EmptyByteBufBE)
DELETE /session/698a376df15a46922bb2f431108262f6 HTTP/1.1
User-Agent: selenium/4.8.1 (java windows)
Content-Type: application/json; charset=utf-8
host: localhost:32501
accept: */*

Response DefaultHttpResponse(decodeResult: success, version: HTTP/1.1)
HTTP/1.1 200 OK
Content-Length: 14
Content-Type: application/json; charset=utf-8
cache-control: no-cache

21:02:13.371 [AsyncHttpClient-1-2] DEBUG org.asynchttpclient.netty.channel.ChannelManager - Adding key: http://localhost:32501 for channel [id: 0x38be39b1, L:/127.0.0.1:53624 - R:localhost/127.0.0.1:32501]
21:02:13.490 [AsyncHttpClient-1-2] DEBUG org.asynchttpclient.netty.handler.HttpHandler - Channel Closed: [id: 0x38be39b1, L:/127.0.0.1:53624 ! R:localhost/127.0.0.1:32501] with attribute DISCARD
]]></system-out>
    <system-err><![CDATA[Starting ChromeDriver 112.0.5615.49 (bd2a7bcb881c11e8cfe3078709382934e3916914-refs/branch-heads/5615@{#936}) on port 32501
Only local connections are allowed.
Please see https://chromedriver.chromium.org/security-considerations for suggestions on keeping ChromeDriver safe.
ChromeDriver was started successfully.
May 08, 2023 9:01:55 PM org.openqa.selenium.devtools.CdpVersionFinder findNearestMatch
WARNING: Unable to find an exact match for CDP version 112, so returning the closest version found: 110
]]></system-err>
  </testcase>
  <testcase name="as user i can see detail product" classname="As a user i can choose product so that i can see transactions page" time="13.057">
    <system-out><![CDATA[
@SeeDetailProduct
Scenario: as user i can see detail product &amp#27;[90m# src/test/resources/features/PilihProduk.feature:15&amp#27;[0m
21:02:14.054 [main] DEBUG io.cucumber.core.plugin.SerenityReporter - Running feature from file:///D:/D/QE_Alta/mini-project-nisa/Web/Altashop-Transaksi/src/test/resources/features/PilihProduk.feature
21:02:14.058 [main] INFO  - 
  _____   ___   ___   _____     ___   _____     _     ___   _____   ___   ___  
 |_   _| | __| / __| |_   _|   / __| |_   _|   /_\   | _ \ |_   _| | __| |   \ 
   | |   | _|  \__ \   | |     \__ \   | |    / _ \  |   /   | |   | _|  | |) |
   |_|   |___| |___/   |_|     |___/   |_|   /_/ \_\ |_|_\   |_|   |___| |___/ 

as user i can see detail product(as-a-user-i-can-choose-product-so-that-i-can-see-transactions-page;as-user-i-can-see-detail-product)
--------------------------------------------------------------------------------
21:02:14.128 [main] DEBUG net.thucydides.core.steps.StepInterceptor - STARTING STEP: LoginSteps.userOnLoginPage - onLoginPage
21:02:14.294 [main] INFO net.serenitybdd.core.webdriver.driverproviders.ChromeDriverProvider - Starting Chrome driver instance with capabilities:
21:02:14.294 [main] INFO net.serenitybdd.core.webdriver.driverproviders.ChromeDriverProvider - Capabilities {acceptInsecureCerts: true, browserName: chrome, goog:chromeOptions: {args: [remote-allow-origins=*, test-type, no-sandbox, ignore-certificate-errors, start-maximized, incognito, disable-infobars, disable-gpu, disable-default-apps, disable-popup-blocking, remote-allow-origins=*, test-type, no-sandbox, ignore-certificate-errors, start-maximized, incognito, disable-infobars, disable-gpu, disable-default-apps, disable-popup-blocking, remote-allow-origins=*], extensions: []}}
21:02:14.409 [AsyncHttpClient-1-1] DEBUG org.asynchttpclient.netty.channel.DefaultChannelPool - Entry count for : http://localhost:53625 : 1
21:02:14.409 [AsyncHttpClient-1-1] DEBUG org.asynchttpclient.netty.channel.DefaultChannelPool - Entry count for : http://localhost:32501 : 1
21:02:14.409 [AsyncHttpClient-1-1] DEBUG org.asynchttpclient.netty.channel.DefaultChannelPool - Adding Candidate expired Channel [id: 0xc2aedda0, L:/127.0.0.1:53631 ! R:localhost/127.0.0.1:53625] isIdleTimeoutExpired=false isRemotelyClosed=true isTtlExpired=false
21:02:14.409 [AsyncHttpClient-1-1] DEBUG org.asynchttpclient.netty.channel.DefaultChannelPool - Closing Idle Channel [id: 0xc2aedda0, L:/127.0.0.1:53631 ! R:localhost/127.0.0.1:53625]
21:02:14.409 [AsyncHttpClient-1-1] DEBUG org.asynchttpclient.netty.channel.DefaultChannelPool - Adding Candidate expired Channel [id: 0x38be39b1, L:/127.0.0.1:53624 ! R:localhost/127.0.0.1:32501] isIdleTimeoutExpired=false isRemotelyClosed=true isTtlExpired=false
21:02:14.409 [AsyncHttpClient-1-1] DEBUG org.asynchttpclient.netty.channel.DefaultChannelPool - Closing Idle Channel [id: 0x38be39b1, L:/127.0.0.1:53624 ! R:localhost/127.0.0.1:32501]
21:02:14.410 [AsyncHttpClient-1-1] DEBUG org.asynchttpclient.netty.channel.DefaultChannelPool - Closed 2 connections out of 2 in 0 ms
21:02:14.921 [AsyncHttpClient-1-5] DEBUG org.asynchttpclient.netty.channel.NettyConnectListener - Using new Channel '[id: 0x33d8b7e2, L:/127.0.0.1:53651 - R:localhost/127.0.0.1:36995]' for 'POST' to '/session'
21:02:16.194 [AsyncHttpClient-1-5] DEBUG org.asynchttpclient.netty.handler.HttpHandler - 

Request DefaultHttpRequest(decodeResult: success, version: HTTP/1.1)
POST /session HTTP/1.1
User-Agent: selenium/4.8.1 (java windows)
Content-Length: 1701
Content-Type: application/json; charset=utf-8
host: localhost:36995
accept: */*

Response DefaultHttpResponse(decodeResult: success, version: HTTP/1.1)
HTTP/1.1 200 OK
Content-Length: 861
Content-Type: application/json; charset=utf-8
cache-control: no-cache

21:02:16.194 [AsyncHttpClient-1-5] DEBUG org.asynchttpclient.netty.channel.ChannelManager - Adding key: http://localhost:36995 for channel [id: 0x33d8b7e2, L:/127.0.0.1:53651 - R:localhost/127.0.0.1:36995]
21:02:16.220 [AsyncHttpClient-1-6] DEBUG org.asynchttpclient.netty.channel.NettyConnectListener - Using new Channel '[id: 0xee5c9e33, L:/127.0.0.1:53658 - R:localhost/127.0.0.1:53652]' for 'GET' to '/json/version'
21:02:16.221 [AsyncHttpClient-1-6] DEBUG org.asynchttpclient.netty.handler.HttpHandler - 

Request DefaultFullHttpRequest(decodeResult: success, version: HTTP/1.1, content: EmptyByteBufBE)
GET /json/version HTTP/1.1
User-Agent: selenium/4.8.1 (java windows)
host: localhost:53652
accept: */*

Response DefaultHttpResponse(decodeResult: success, version: HTTP/1.1)
HTTP/1.1 200 OK
Content-Security-Policy: frame-ancestors 'none'
Content-Length: 424
Content-Type: application/json; charset=UTF-8

21:02:16.222 [AsyncHttpClient-1-6] DEBUG org.asynchttpclient.netty.channel.ChannelManager - Adding key: http://localhost:53652 for channel [id: 0xee5c9e33, L:/127.0.0.1:53658 - R:localhost/127.0.0.1:53652]
21:02:16.230 [AsyncHttpClient-1-7] DEBUG org.asynchttpclient.netty.channel.NettyConnectListener - Using new Channel '[id: 0xc2ad1ad3, L:/127.0.0.1:53659 - R:localhost/127.0.0.1:53652]' for 'GET' to '/devtools/browser/2c389db9-d2ec-4bff-bfcf-7a6da3cf07d4'
21:02:16.232 [AsyncHttpClient-1-7] DEBUG org.asynchttpclient.netty.handler.WebSocketHandler - 

Request DefaultFullHttpRequest(decodeResult: success, version: HTTP/1.1, content: EmptyByteBufBE)
GET /devtools/browser/2c389db9-d2ec-4bff-bfcf-7a6da3cf07d4 HTTP/1.1
upgrade: websocket
connection: upgrade
sec-websocket-key: 1Km+vS8OsXFWJPY1cyXCqg==
sec-websocket-version: 13
origin: http://localhost:53652
host: localhost:53652
accept: */*
user-agent: AHC/2.1

Response DefaultHttpResponse(decodeResult: success, version: HTTP/1.1)
HTTP/1.1 101 WebSocket Protocol Handshake
Upgrade: WebSocket
Connection: Upgrade
Sec-WebSocket-Accept: zn88JSAa3vaus/2bjU88np/BWrY=

21:02:16.242 [Forwarding get on session 004bd94b387040dc9f6042e842492b0e to remote] DEBUG org.asynchttpclient.netty.request.NettyRequestSender - Using pooled Channel '[id: 0x33d8b7e2, L:/127.0.0.1:53651 - R:localhost/127.0.0.1:36995]' for 'POST' to 'http://localhost:36995/session/004bd94b387040dc9f6042e842492b0e/url'
21:02:16.242 [Forwarding get on session 004bd94b387040dc9f6042e842492b0e to remote] DEBUG org.asynchttpclient.netty.request.NettyRequestSender - Using open Channel [id: 0x33d8b7e2, L:/127.0.0.1:53651 - R:localhost/127.0.0.1:36995] for POST '/session/004bd94b387040dc9f6042e842492b0e/url'
21:02:16.612 [AsyncHttpClient-1-1] DEBUG org.asynchttpclient.netty.channel.DefaultChannelPool - Entry count for : http://localhost:53652 : 1
21:02:17.702 [AsyncHttpClient-1-1] DEBUG org.asynchttpclient.netty.channel.DefaultChannelPool - Entry count for : http://localhost:53652 : 1
21:02:18.786 [AsyncHttpClient-1-5] DEBUG org.asynchttpclient.netty.handler.HttpHandler - 

Request DefaultHttpRequest(decodeResult: success, version: HTTP/1.1)
POST /session/004bd94b387040dc9f6042e842492b0e/url HTTP/1.1
User-Agent: selenium/4.8.1 (java windows)
Content-Length: 74
Content-Type: application/json; charset=utf-8
host: localhost:36995
accept: */*

Response DefaultHttpResponse(decodeResult: success, version: HTTP/1.1)
HTTP/1.1 200 OK
Content-Length: 14
[...]

Request DefaultFullHttpRequest(decodeResult: success, version: HTTP/1.1, content: EmptyByteBufBE)
GET /session/ee125c7b212de80c08a5aac956fcc3fc/element/af2b6d57-eb12-4eb3-b79c-c14047ecf6ef/name HTTP/1.1
User-Agent: selenium/4.8.1 (java windows)
Cache-Control: no-cache
Content-Type: application/json; charset=utf-8
host: localhost:48308
accept: */*

Response DefaultHttpResponse(decodeResult: success, version: HTTP/1.1)
HTTP/1.1 200 OK
Content-Length: 18
Content-Type: application/json; charset=utf-8
cache-control: no-cache

21:02:38.260 [AsyncHttpClient-1-8] DEBUG org.asynchttpclient.netty.channel.ChannelManager - Adding key: http://localhost:48308 for channel [id: 0xd8d607bd, L:/127.0.0.1:53675 - R:localhost/127.0.0.1:48308]
21:02:38.265 [Forwarding isElementEnabled on session ee125c7b212de80c08a5aac956fcc3fc to remote] DEBUG org.asynchttpclient.netty.request.NettyRequestSender - Using pooled Channel '[id: 0xd8d607bd, L:/127.0.0.1:53675 - R:localhost/127.0.0.1:48308]' for 'GET' to 'http://localhost:48308/session/ee125c7b212de80c08a5aac956fcc3fc/element/af2b6d57-eb12-4eb3-b79c-c14047ecf6ef/enabled'
21:02:38.265 [Forwarding isElementEnabled on session ee125c7b212de80c08a5aac956fcc3fc to remote] DEBUG org.asynchttpclient.netty.request.NettyRequestSender - Using open Channel [id: 0xd8d607bd, L:/127.0.0.1:53675 - R:localhost/127.0.0.1:48308] for GET '/session/ee125c7b212de80c08a5aac956fcc3fc/element/af2b6d57-eb12-4eb3-b79c-c14047ecf6ef/enabled'
21:02:38.274 [AsyncHttpClient-1-8] DEBUG org.asynchttpclient.netty.handler.HttpHandler - 

Request DefaultFullHttpRequest(decodeResult: success, version: HTTP/1.1, content: EmptyByteBufBE)
GET /session/ee125c7b212de80c08a5aac956fcc3fc/element/af2b6d57-eb12-4eb3-b79c-c14047ecf6ef/enabled HTTP/1.1
User-Agent: selenium/4.8.1 (java windows)
Cache-Control: no-cache
Content-Type: application/json; charset=utf-8
host: localhost:48308
accept: */*

Response DefaultHttpResponse(decodeResult: success, version: HTTP/1.1)
HTTP/1.1 200 OK
Content-Length: 14
Content-Type: application/json; charset=utf-8
cache-control: no-cache

21:02:38.275 [AsyncHttpClient-1-8] DEBUG org.asynchttpclient.netty.channel.ChannelManager - Adding key: http://localhost:48308 for channel [id: 0xd8d607bd, L:/127.0.0.1:53675 - R:localhost/127.0.0.1:48308]
21:02:38.277 [Forwarding isElementEnabled on session ee125c7b212de80c08a5aac956fcc3fc to remote] DEBUG org.asynchttpclient.netty.request.NettyRequestSender - Using pooled Channel '[id: 0xd8d607bd, L:/127.0.0.1:53675 - R:localhost/127.0.0.1:48308]' for 'GET' to 'http://localhost:48308/session/ee125c7b212de80c08a5aac956fcc3fc/element/af2b6d57-eb12-4eb3-b79c-c14047ecf6ef/enabled'
21:02:38.277 [Forwarding isElementEnabled on session ee125c7b212de80c08a5aac956fcc3fc to remote] DEBUG org.asynchttpclient.netty.request.NettyRequestSender - Using open Channel [id: 0xd8d607bd, L:/127.0.0.1:53675 - R:localhost/127.0.0.1:48308] for GET '/session/ee125c7b212de80c08a5aac956fcc3fc/element/af2b6d57-eb12-4eb3-b79c-c14047ecf6ef/enabled'
21:02:38.284 [AsyncHttpClient-1-8] DEBUG org.asynchttpclient.netty.handler.HttpHandler - 

Request DefaultFullHttpRequest(decodeResult: success, version: HTTP/1.1, content: EmptyByteBufBE)
GET /session/ee125c7b212de80c08a5aac956fcc3fc/element/af2b6d57-eb12-4eb3-b79c-c14047ecf6ef/enabled HTTP/1.1
User-Agent: selenium/4.8.1 (java windows)
Cache-Control: no-cache
Content-Type: application/json; charset=utf-8
host: localhost:48308
accept: */*

Response DefaultHttpResponse(decodeResult: success, version: HTTP/1.1)
HTTP/1.1 200 OK
Content-Length: 14
Content-Type: application/json; charset=utf-8
cache-control: no-cache

21:02:38.284 [AsyncHttpClient-1-8] DEBUG org.asynchttpclient.netty.channel.ChannelManager - Adding key: http://localhost:48308 for channel [id: 0xd8d607bd, L:/127.0.0.1:53675 - R:localhost/127.0.0.1:48308]
21:02:38.286 [Forwarding findElement on session ee125c7b212de80c08a5aac956fcc3fc to remote] DEBUG org.asynchttpclient.netty.request.NettyRequestSender - Using pooled Channel '[id: 0xd8d607bd, L:/127.0.0.1:53675 - R:localhost/127.0.0.1:48308]' for 'POST' to 'http://localhost:48308/session/ee125c7b212de80c08a5aac956fcc3fc/element'
21:02:38.286 [Forwarding findElement on session ee125c7b212de80c08a5aac956fcc3fc to remote] DEBUG org.asynchttpclient.netty.request.NettyRequestSender - Using open Channel [id: 0xd8d607bd, L:/127.0.0.1:53675 - R:localhost/127.0.0.1:48308] for POST '/session/ee125c7b212de80c08a5aac956fcc3fc/element'
21:02:38.294 [AsyncHttpClient-1-8] DEBUG org.asynchttpclient.netty.handler.HttpHandler - 

Request DefaultHttpRequest(decodeResult: success, version: HTTP/1.1)
POST /session/ee125c7b212de80c08a5aac956fcc3fc/element HTTP/1.1
User-Agent: selenium/4.8.1 (java windows)
Content-Length: 59
Content-Type: application/json; charset=utf-8
host: localhost:48308
accept: */*

Response DefaultHttpResponse(decodeResult: success, version: HTTP/1.1)
HTTP/1.1 200 OK
Content-Length: 88
Content-Type: application/json; charset=utf-8
cache-control: no-cache

21:02:38.294 [AsyncHttpClient-1-8] DEBUG org.asynchttpclient.netty.channel.ChannelManager - Adding key: http://localhost:48308 for channel [id: 0xd8d607bd, L:/127.0.0.1:53675 - R:localhost/127.0.0.1:48308]
21:02:38.297 [Forwarding clickElement on session ee125c7b212de80c08a5aac956fcc3fc to remote] DEBUG org.asynchttpclient.netty.request.NettyRequestSender - Using pooled Channel '[id: 0xd8d607bd, L:/127.0.0.1:53675 - R:localhost/127.0.0.1:48308]' for 'POST' to 'http://localhost:48308/session/ee125c7b212de80c08a5aac956fcc3fc/element/af2b6d57-eb12-4eb3-b79c-c14047ecf6ef/click'
21:02:38.297 [Forwarding clickElement on session ee125c7b212de80c08a5aac956fcc3fc to remote] DEBUG org.asynchttpclient.netty.request.NettyRequestSender - Using open Channel [id: 0xd8d607bd, L:/127.0.0.1:53675 - R:localhost/127.0.0.1:48308] for POST '/session/ee125c7b212de80c08a5aac956fcc3fc/element/af2b6d57-eb12-4eb3-b79c-c14047ecf6ef/click'
21:02:38.338 [AsyncHttpClient-1-8] DEBUG org.asynchttpclient.netty.handler.HttpHandler - 

Request DefaultHttpRequest(decodeResult: success, version: HTTP/1.1)
POST /session/ee125c7b212de80c08a5aac956fcc3fc/element/af2b6d57-eb12-4eb3-b79c-c14047ecf6ef/click HTTP/1.1
User-Agent: selenium/4.8.1 (java windows)
Content-Length: 50
Content-Type: application/json; charset=utf-8
host: localhost:48308
accept: */*

Response DefaultHttpResponse(decodeResult: success, version: HTTP/1.1)
HTTP/1.1 200 OK
Content-Length: 14
Content-Type: application/json; charset=utf-8
cache-control: no-cache

21:02:38.339 [AsyncHttpClient-1-8] DEBUG org.asynchttpclient.netty.channel.ChannelManager - Adding key: http://localhost:48308 for channel [id: 0xd8d607bd, L:/127.0.0.1:53675 - R:localhost/127.0.0.1:48308]
  &amp#27;[32mAnd &amp#27;[0m&amp#27;[32muser click Bayar&amp#27;[0m                                                   &amp#27;[90m# starter.stepdefinitions.ChooseProductSteps.userClickBayar()&amp#27;[0m
21:02:38.359 [Forwarding findElement on session ee125c7b212de80c08a5aac956fcc3fc to remote] DEBUG org.asynchttpclient.netty.request.NettyRequestSender - Using pooled Channel '[id: 0xd8d607bd, L:/127.0.0.1:53675 - R:localhost/127.0.0.1:48308]' for 'POST' to 'http://localhost:48308/session/ee125c7b212de80c08a5aac956fcc3fc/element'
21:02:38.359 [Forwarding findElement on session ee125c7b212de80c08a5aac956fcc3fc to remote] DEBUG org.asynchttpclient.netty.request.NettyRequestSender - Using open Channel [id: 0xd8d607bd, L:/127.0.0.1:53675 - R:localhost/127.0.0.1:48308] for POST '/session/ee125c7b212de80c08a5aac956fcc3fc/element'
21:02:38.420 [AsyncHttpClient-1-8] DEBUG org.asynchttpclient.netty.handler.HttpHandler - 

Request DefaultHttpRequest(decodeResult: success, version: HTTP/1.1)
POST /session/ee125c7b212de80c08a5aac956fcc3fc/element HTTP/1.1
User-Agent: selenium/4.8.1 (java windows)
Content-Length: 84
Content-Type: application/json; charset=utf-8
host: localhost:48308
accept: */*

Response DefaultHttpResponse(decodeResult: success, version: HTTP/1.1)
HTTP/1.1 200 OK
Content-Length: 88
Content-Type: application/json; charset=utf-8
cache-control: no-cache

21:02:38.421 [AsyncHttpClient-1-8] DEBUG org.asynchttpclient.netty.channel.ChannelManager - Adding key: http://localhost:48308 for channel [id: 0xd8d607bd, L:/127.0.0.1:53675 - R:localhost/127.0.0.1:48308]
21:02:38.422 [Forwarding getElementTagName on session ee125c7b212de80c08a5aac956fcc3fc to remote] DEBUG org.asynchttpclient.netty.request.NettyRequestSender - Using pooled Channel '[id: 0xd8d607bd, L:/127.0.0.1:53675 - R:localhost/127.0.0.1:48308]' for 'GET' to 'http://localhost:48308/session/ee125c7b212de80c08a5aac956fcc3fc/element/40ed2405-2f1d-43a8-9be7-e89df7ecc771/name'
21:02:38.422 [Forwarding getElementTagName on session ee125c7b212de80c08a5aac956fcc3fc to remote] DEBUG org.asynchttpclient.netty.request.NettyRequestSender - Using open Channel [id: 0xd8d607bd, L:/127.0.0.1:53675 - R:localhost/127.0.0.1:48308] for GET '/session/ee125c7b212de80c08a5aac956fcc3fc/element/40ed2405-2f1d-43a8-9be7-e89df7ecc771/name'
21:02:38.427 [AsyncHttpClient-1-8] DEBUG org.asynchttpclient.netty.handler.HttpHandler - 

Request DefaultFullHttpRequest(decodeResult: success, version: HTTP/1.1, content: EmptyByteBufBE)
GET /session/ee125c7b212de80c08a5aac956fcc3fc/element/40ed2405-2f1d-43a8-9be7-e89df7ecc771/name HTTP/1.1
User-Agent: selenium/4.8.1 (java windows)
Cache-Control: no-cache
Content-Type: application/json; charset=utf-8
host: localhost:48308
accept: */*

Response DefaultHttpResponse(decodeResult: success, version: HTTP/1.1)
HTTP/1.1 200 OK
Content-Length: 15
Content-Type: application/json; charset=utf-8
cache-control: no-cache

21:02:38.428 [AsyncHttpClient-1-8] DEBUG org.asynchttpclient.netty.channel.ChannelManager - Adding key: http://localhost:48308 for channel [id: 0xd8d607bd, L:/127.0.0.1:53675 - R:localhost/127.0.0.1:48308]
21:02:38.430 [Forwarding getElementTagName on session ee125c7b212de80c08a5aac956fcc3fc to remote] DEBUG org.asynchttpclient.netty.request.NettyRequestSender - Using pooled Channel '[id: 0xd8d607bd, L:/127.0.0.1:53675 - R:localhost/127.0.0.1:48308]' for 'GET' to 'http://localhost:48308/session/ee125c7b212de80c08a5aac956fcc3fc/element/40ed2405-2f1d-43a8-9be7-e89df7ecc771/name'
21:02:38.431 [Forwarding getElementTagName on session ee125c7b212de80c08a5aac956fcc3fc to remote] DEBUG org.asynchttpclient.netty.request.NettyRequestSender - Using open Channel [id: 0xd8d607bd, L:/127.0.0.1:53675 - R:localhost/127.0.0.1:48308] for GET '/session/ee125c7b212de80c08a5aac956fcc3fc/element/40ed2405-2f1d-43a8-9be7-e89df7ecc771/name'
21:02:38.435 [AsyncHttpClient-1-8] DEBUG org.asynchttpclient.netty.handler.HttpHandler - 

Request DefaultFullHttpRequest(decodeResult: success, version: HTTP/1.1, content: EmptyByteBufBE)
GET /session/ee125c7b212de80c08a5aac956fcc3fc/element/40ed2405-2f1d-43a8-9be7-e89df7ecc771/name HTTP/1.1
User-Agent: selenium/4.8.1 (java windows)
Cache-Control: no-cache
Content-Type: application/json; charset=utf-8
host: localhost:48308
accept: */*

Response DefaultHttpResponse(decodeResult: success, version: HTTP/1.1)
HTTP/1.1 200 OK
Content-Length: 15
Content-Type: application/json; charset=utf-8
cache-control: no-cache

21:02:38.435 [AsyncHttpClient-1-8] DEBUG org.asynchttpclient.netty.channel.ChannelManager - Adding key: http://localhost:48308 for channel [id: 0xd8d607bd, L:/127.0.0.1:53675 - R:localhost/127.0.0.1:48308]
21:02:38.437 [Forwarding findElement on session ee125c7b212de80c08a5aac956fcc3fc to remote] DEBUG org.asynchttpclient.netty.request.NettyRequestSender - Using pooled Channel '[id: 0xd8d607bd, L:/127.0.0.1:53675 - R:localhost/127.0.0.1:48308]' for 'POST' to 'http://localhost:48308/session/ee125c7b212de80c08a5aac956fcc3fc/element'
21:02:38.437 [Forwarding findElement on session ee125c7b212de80c08a5aac956fcc3fc to remote] DEBUG org.asynchttpclient.netty.request.NettyRequestSender - Using open Channel [id: 0xd8d607bd, L:/127.0.0.1:53675 - R:localhost/127.0.0.1:48308] for POST '/session/ee125c7b212de80c08a5aac956fcc3fc/element'
21:02:38.445 [AsyncHttpClient-1-8] DEBUG org.asynchttpclient.netty.handler.HttpHandler - 

Request DefaultHttpRequest(decodeResult: success, version: HTTP/1.1)
POST /session/ee125c7b212de80c08a5aac956fcc3fc/element HTTP/1.1
User-Agent: selenium/4.8.1 (java windows)
Content-Length: 84
Content-Type: application/json; charset=utf-8
host: localhost:48308
accept: */*

Response DefaultHttpResponse(decodeResult: success, version: HTTP/1.1)
HTTP/1.1 200 OK
Content-Length: 88
Content-Type: application/json; charset=utf-8
cache-control: no-cache

21:02:38.445 [AsyncHttpClient-1-8] DEBUG org.asynchttpclient.netty.channel.ChannelManager - Adding key: http://localhost:48308 for channel [id: 0xd8d607bd, L:/127.0.0.1:53675 - R:localhost/127.0.0.1:48308]
21:02:38.448 [Forwarding clickElement on session ee125c7b212de80c08a5aac956fcc3fc to remote] DEBUG org.asynchttpclient.netty.request.NettyRequestSender - Using pooled Channel '[id: 0xd8d607bd, L:/127.0.0.1:53675 - R:localhost/127.0.0.1:48308]' for 'POST' to 'http://localhost:48308/session/ee125c7b212de80c08a5aac956fcc3fc/element/40ed2405-2f1d-43a8-9be7-e89df7ecc771/click'
21:02:38.448 [Forwarding clickElement on session ee125c7b212de80c08a5aac956fcc3fc to remote] DEBUG org.asynchttpclient.netty.request.NettyRequestSender - Using open Channel [id: 0xd8d607bd, L:/127.0.0.1:53675 - R:localhost/127.0.0.1:48308] for POST '/session/ee125c7b212de80c08a5aac956fcc3fc/element/40ed2405-2f1d-43a8-9be7-e89df7ecc771/click'
21:02:38.487 [AsyncHttpClient-1-8] DEBUG org.asynchttpclient.netty.handler.HttpHandler - 

Request DefaultHttpRequest(decodeResult: success, version: HTTP/1.1)
POST /session/ee125c7b212de80c08a5aac956fcc3fc/element/40ed2405-2f1d-43a8-9be7-e89df7ecc771/click HTTP/1.1
User-Agent: selenium/4.8.1 (java windows)
Content-Length: 50
Content-Type: application/json; charset=utf-8
host: localhost:48308
accept: */*

Response DefaultHttpResponse(decodeResult: success, version: HTTP/1.1)
HTTP/1.1 200 OK
Content-Length: 14
Content-Type: application/json; charset=utf-8
cache-control: no-cache

21:02:38.487 [AsyncHttpClient-1-8] DEBUG org.asynchttpclient.netty.channel.ChannelManager - Adding key: http://localhost:48308 for channel [id: 0xd8d607bd, L:/127.0.0.1:53675 - R:localhost/127.0.0.1:48308]
  &amp#27;[32mThen &amp#27;[0m&amp#27;[32mthe order has been successfully and user see history transactions&amp#27;[0m &amp#27;[90m# starter.stepdefinitions.ChooseProductSteps.theOrderHasBeenSuccessfullyAndUserSeeHistoryTransactions()&amp#27;[0m
21:02:38.499 [main] INFO  - 
  _____   ___   ___   _____     ___     _     ___   ___   ___   ___  
 |_   _| | __| / __| |_   _|   | _ \   /_\   / __| / __| | __| |   \ 
   | |   | _|  \__ \   | |     |  _/  / _ \  \__ \ \__ \ | _|  | |) |
   |_|   |___| |___/   |_|     |_|   /_/ \_\ |___/ |___/ |___| |___/ 

as user i want to order and pay product
----------------------------------------------------------------------
21:02:38.501 [AsyncHttpClient-1-2] DEBUG org.asynchttpclient.netty.handler.WebSocketHandler - Channel Closed: [id: 0x63a5b87f, L:/127.0.0.1:53683 ! R:localhost/127.0.0.1:53676] with attribute NettyResponseFuture{currentRetry=0,
	isDone=1,
	isCancelled=0,
	asyncHandler=org.asynchttpclient.ws.WebSocketUpgradeHandler@79b94eca,
	nettyRequest=org.asynchttpclient.netty.request.NettyRequest@5417b119,
	future=java.util.concurrent.CompletableFuture@184400f7[Completed normally],
	uri=ws://localhost:53676/devtools/browser/b53e3f13-a79e-464f-b49a-2e40b9971b85,
	keepAlive=true,
	redirectCount=0,
	timeoutsHolder=null,
	inAuth=0,
	touch=1683554548921}
21:02:38.501 [AsyncHttpClient-1-2] DEBUG org.asynchttpclient.netty.channel.ChannelManager - Closing Channel [id: 0x63a5b87f, L:/127.0.0.1:53683 ! R:localhost/127.0.0.1:53676] 
21:02:38.507 [Driver Command Executor] DEBUG org.asynchttpclient.netty.request.NettyRequestSender - Using pooled Channel '[id: 0xd8d607bd, L:/127.0.0.1:53675 - R:localhost/127.0.0.1:48308]' for 'DELETE' to 'http://localhost:48308/session/ee125c7b212de80c08a5aac956fcc3fc'
21:02:38.507 [Driver Command Executor] DEBUG org.asynchttpclient.netty.request.NettyRequestSender - Using open Channel [id: 0xd8d607bd, L:/127.0.0.1:53675 - R:localhost/127.0.0.1:48308] for DELETE '/session/ee125c7b212de80c08a5aac956fcc3fc'
21:02:38.601 [AsyncHttpClient-1-1] DEBUG org.asynchttpclient.netty.channel.DefaultChannelPool - Entry count for : http://localhost:53676 : 1
21:02:38.846 [AsyncHttpClient-1-9] DEBUG org.asynchttpclient.netty.handler.HttpHandler - Unexpected I/O exception on channel [id: 0xc8484805, L:/127.0.0.1:53682 - R:localhost/127.0.0.1:53676]
java.io.IOException: An existing connection was forcibly closed by the remote host
	at sun.nio.ch.SocketDispatcher.read0(Native Method)
	at sun.nio.ch.SocketDispatcher.read(SocketDispatcher.java:43)
	at sun.nio.ch.IOUtil.readIntoNativeBuffer(IOUtil.java:223)
	at sun.nio.ch.IOUtil.read(IOUtil.java:192)
	at sun.nio.ch.SocketChannelImpl.read(SocketChannelImpl.java:380)
	at io.netty.buffer.PooledByteBuf.setBytes(PooledByteBuf.java:259)
	at io.netty.buffer.AbstractByteBuf.writeBytes(AbstractByteBuf.java:1132)
	at io.netty.buffer.WrappedByteBuf.writeBytes(WrappedByteBuf.java:821)
	at io.netty.channel.socket.nio.NioSocketChannel.doReadBytes(NioSocketChannel.java:357)
	at io.netty.channel.nio.AbstractNioByteChannel$NioByteUnsafe.read(AbstractNioByteChannel.java:151)
	at io.netty.channel.nio.NioEventLoop.processSelectedKey(NioEventLoop.java:788)
	at io.netty.channel.nio.NioEventLoop.processSelectedKeysOptimized(NioEventLoop.java:724)
	at io.netty.channel.nio.NioEventLoop.processSelectedKeys(NioEventLoop.java:650)
	at io.netty.channel.nio.NioEventLoop.run(NioEventLoop.java:562)
	at io.netty.util.concurrent.SingleThreadEventExecutor$4.run(SingleThreadEventExecutor.java:997)
	at io.netty.util.internal.ThreadExecutorMap$2.run(ThreadExecutorMap.java:74)
	at io.netty.util.concurrent.FastThreadLocalRunnable.run(FastThreadLocalRunnable.java:30)
	at java.lang.Thread.run(Thread.java:748)
21:02:38.846 [AsyncHttpClient-1-9] DEBUG org.asynchttpclient.netty.channel.ChannelManager - Closing Channel [id: 0xc8484805, L:/127.0.0.1:53682 - R:localhost/127.0.0.1:53676] 
21:02:38.846 [AsyncHttpClient-1-9] DEBUG org.asynchttpclient.netty.handler.HttpHandler - Channel Closed: [id: 0xc8484805, L:/127.0.0.1:53682 ! R:localhost/127.0.0.1:53676] with attribute DISCARD
21:02:38.876 [AsyncHttpClient-1-8] DEBUG org.asynchttpclient.netty.handler.HttpHandler - 

Request DefaultFullHttpRequest(decodeResult: success, version: HTTP/1.1, content: EmptyByteBufBE)
DELETE /session/ee125c7b212de80c08a5aac956fcc3fc HTTP/1.1
User-Agent: selenium/4.8.1 (java windows)
Content-Type: application/json; charset=utf-8
host: localhost:48308
accept: */*

Response DefaultHttpResponse(decodeResult: success, version: HTTP/1.1)
HTTP/1.1 200 OK
Content-Length: 14
Content-Type: application/json; charset=utf-8
cache-control: no-cache

21:02:38.877 [AsyncHttpClient-1-8] DEBUG org.asynchttpclient.netty.channel.ChannelManager - Adding key: http://localhost:48308 for channel [id: 0xd8d607bd, L:/127.0.0.1:53675 - R:localhost/127.0.0.1:48308]
21:02:38.974 [AsyncHttpClient-1-8] DEBUG org.asynchttpclient.netty.handler.HttpHandler - Channel Closed: [id: 0xd8d607bd, L:/127.0.0.1:53675 ! R:localhost/127.0.0.1:48308] with attribute DISCARD
]]></system-out>
    <system-err><![CDATA[Starting ChromeDriver 112.0.5615.49 (bd2a7bcb881c11e8cfe3078709382934e3916914-refs/branch-heads/5615@{#936}) on port 48308
Only local connections are allowed.
Please see https://chromedriver.chromium.org/security-considerations for suggestions on keeping ChromeDriver safe.
ChromeDriver was started successfully.
May 08, 2023 9:02:28 PM org.openqa.selenium.devtools.CdpVersionFinder findNearestMatch
WARNING: Unable to find an exact match for CDP version 112, so returning the closest version found: 110
]]></system-err>
  </testcase>
</testsuite>