<?xml version="1.0" encoding="UTF-8"?>
<testsuite xmlns:xsi="http://www.w3.org/2001/XMLSchema-instance" xsi:noNamespaceSchemaLocation="https://maven.apache.org/surefire/maven-failsafe-plugin/xsd/failsafe-test-report-3.0.xsd" version="3.0" name="starter.CucumberTestSuite" time="20.145" tests="3" errors="0" skipped="0" failures="1">
  <properties>
[...]
</properties>
  <testcase name="as user i want to input valid endpoint for create login user" classname="As a user i want to create login user" time="7.674">
    <system-out><![CDATA[21:18:14.260 [main] DEBUG net.thucydides.core.guice.Injectors - Created injector for module net.thucydides.core.guice.ThucydidesModule
21:18:15.087 [main] INFO io.cucumber.core.plugin.SerenityReporter - Running feature from file:///D:/D/QE_Alta/mini-project-nisa/API/Altashop-Authentication/src/test/resources/features/Auth/CreateLogin.feature
21:18:15.533 [main] DEBUG net.thucydides.core.guice.Injectors - Created injector for module net.thucydides.core.guice.webdriver.WebDriverModule
21:18:15.560 [main] INFO  - 

-------------------------------------------------------------------------------------
     _______. _______ .______       _______ .__   __.  __  .___________.____    ____ 
    /       ||   ____||   _  \     |   ____||  \ |  | |  | |           |\   \  /   / 
   |   (----`|  |__   |  |_)  |    |  |__   |   \|  | |  | `---|  |----` \   \/   /  
    \   \    |   __|  |      /     |   __|  |  . `  | |  |     |  |       \_    _/   
.----)   |   |  |____ |  |\  \----.|  |____ |  |\   | |  |     |  |         |  |     
|_______/    |_______|| _| `._____||_______||__| \__| |__|     |__|         |__|    
                                                                                     
 News and tutorials at http://www.serenity-bdd.info                                  
 Documentation at https://wakaleo.gitbooks.io/the-serenity-book/content/             
 Join the Serenity Community on Gitter: https://gitter.im/serenity-bdd/serenity-core 
 Serenity BDD Support and Training at http://serenity-bdd.info/#/trainingandsupport  
-------------------------------------------------------------------------------------

21:18:15.565 [main] DEBUG net.thucydides.core.steps.StepEventBus - Test suite started for story net.thucydides.core.model.Story@328bea82
21:18:15.568 [main] INFO  - Test Suite Started: As a user i want to create login user
21:18:15.598 [main] INFO io.cucumber.core.plugin.SerenityReporter - Running feature from file:///D:/D/QE_Alta/mini-project-nisa/API/Altashop-Authentication/src/test/resources/features/Auth/Register.feature
21:18:15.603 [main] DEBUG net.thucydides.core.steps.StepEventBus - Test suite started for story net.thucydides.core.model.Story@13529f77
21:18:15.603 [main] INFO  - Test Suite Started: As a user i want to create new user register
21:18:15.604 [main] INFO io.cucumber.core.plugin.SerenityReporter - Running feature from file:///D:/D/QE_Alta/mini-project-nisa/API/Altashop-Authentication/src/test/resources/features/Auth/UserInfo.feature
21:18:15.609 [main] DEBUG net.thucydides.core.steps.StepEventBus - Test suite started for story net.thucydides.core.model.Story@a8a2c1d3
21:18:15.610 [main] INFO  - Test Suite Started: As a user i want to get user information
21:18:15.611 [main] INFO io.cucumber.core.plugin.SerenityReporter - Running feature from file:///D:/D/QE_Alta/mini-project-nisa/API/Altashop-Authentication/src/test/resources/features/Auth/CreateLogin.feature
21:18:15.616 [main] DEBUG net.thucydides.core.steps.StepEventBus - Test suite started for story net.thucydides.core.model.Story@328bea82
21:18:15.616 [main] INFO  - Test Suite Started: As a user i want to create login user

@CreateLogin
Scenario: as user i want to input valid endpoint for create login user &amp#27;[90m# src/test/resources/features/Auth/CreateLogin.feature:4&amp#27;[0m
21:18:15.809 [main] INFO io.cucumber.core.plugin.SerenityReporter - Running feature from file:///D:/D/QE_Alta/mini-project-nisa/API/Altashop-Authentication/src/test/resources/features/Auth/CreateLogin.feature
21:18:16.043 [main] INFO  - 
  _____   ___   ___   _____     ___   _____     _     ___   _____   ___   ___  
 |_   _| | __| / __| |_   _|   / __| |_   _|   /_\   | _ \ |_   _| | __| |   \ 
   | |   | _|  \__ \   | |     \__ \   | |    / _ \  |   /   | |   | _|  | |) |
   |_|   |___| |___/   |_|     |___/   |_|   /_/ \_\ |_|_\   |_|   |___| |___/ 

as user i want to input valid endpoint for create login user(as-a-user-i-want-to-create-login-user;as-user-i-want-to-input-valid-endpoint-for-create-login-user)
--------------------------------------------------------------------------------
21:18:16.138 [main] DEBUG net.thucydides.core.requirements.FileSystemRequirementsTagProvider - Loading requirements from directory: D:\D\QE_Alta\mini-project-nisa\API\Altashop-Authentication\src\test\resources\features\Auth (D:\D\QE_Alta\mini-project-nisa\API\Altashop-Authentication\src\test\resources\features\Auth)
21:18:16.138 [main] DEBUG net.thucydides.core.requirements.FileSystemRequirementsTagProvider - Get requirements type for: D:\D\QE_Alta\mini-project-nisa\API\Altashop-Authentication\src\test\resources\features\Auth (D:\D\QE_Alta\mini-project-nisa\API\Altashop-Authentication\src\test\resources\features\Auth)
21:18:17.109 [main] DEBUG net.thucydides.core.steps.StepInterceptor - STARTING STEP: CreateLoginSteps.userHasEndpointForCreateLoginUser - I have endpoint post new user
21:18:17.117 [main] DEBUG net.thucydides.core.steps.StepInterceptor - STEP DONE: I have endpoint post new user
  &amp#27;[32mGiven &amp#27;[0m&amp#27;[32muser has endpoint for create login user&amp#27;[0m                        &amp#27;[90m# starter.stepdefinitions.CreateLoginSteps.userHasEndpointForCreateLoginUser()&amp#27;[0m
21:18:17.133 [main] DEBUG net.thucydides.core.steps.StepInterceptor - STARTING STEP: CreateLoginSteps.userSendRequestForCreateLoginUser - I send post new user
21:18:20.186 [main] DEBUG net.thucydides.core.steps.StepInterceptor - STARTING STEP: CreateLoginPage.sendEndpointLogin - I have endpoint post new user
21:18:20.186 [main] DEBUG net.thucydides.core.steps.StepInterceptor - STEP DONE: I have endpoint post new user
21:18:22.361 [main] DEBUG org.apache.http.impl.conn.BasicClientConnectionManager - Get connection for route {s}->https://altashop-api.fly.dev:443
21:18:22.446 [main] DEBUG org.apache.http.impl.conn.DefaultClientConnectionOperator - Connecting to altashop-api.fly.dev:443
21:18:22.895 [main] DEBUG org.apache.http.client.protocol.RequestAddCookies - CookieSpec selected: ignoreCookies
21:18:22.898 [main] DEBUG org.apache.http.client.protocol.RequestAuthCache - Auth cache not set in the context
21:18:22.898 [main] DEBUG org.apache.http.client.protocol.RequestTargetAuthentication - Target auth state: UNCHALLENGED
21:18:22.899 [main] DEBUG org.apache.http.client.protocol.RequestProxyAuthentication - Proxy auth state: UNCHALLENGED
21:18:22.899 [main] DEBUG org.apache.http.impl.client.DefaultHttpClient - Attempt 1 to execute request
21:18:22.900 [main] DEBUG org.apache.http.impl.conn.DefaultClientConnection - Sending request: POST /api/auth/login HTTP/1.1
21:18:22.900 [main] DEBUG org.apache.http.wire -  >> "POST /api/auth/login HTTP/1.1[\r][\n]"
21:18:22.903 [main] DEBUG org.apache.http.wire -  >> "Accept: */*[\r][\n]"
21:18:22.903 [main] DEBUG org.apache.http.wire -  >> "Content-Type: application/json[\r][\n]"
21:18:22.904 [main] DEBUG org.apache.http.wire -  >> "Content-Length: 47[\r][\n]"
21:18:22.904 [main] DEBUG org.apache.http.wire -  >> "Host: altashop-api.fly.dev[\r][\n]"
21:18:22.904 [main] DEBUG org.apache.http.wire -  >> "Connection: Keep-Alive[\r][\n]"
21:18:22.904 [main] DEBUG org.apache.http.wire -  >> "User-Agent: Apache-HttpClient/4.5.13 (Java/1.8.0_202)[\r][\n]"
21:18:22.905 [main] DEBUG org.apache.http.wire -  >> "Accept-Encoding: gzip,deflate[\r][\n]"
21:18:22.905 [main] DEBUG org.apache.http.wire -  >> "[\r][\n]"
21:18:22.906 [main] DEBUG org.apache.http.headers - >> POST /api/auth/login HTTP/1.1
21:18:22.906 [main] DEBUG org.apache.http.headers - >> Accept: */*
21:18:22.906 [main] DEBUG org.apache.http.headers - >> Content-Type: application/json
21:18:22.907 [main] DEBUG org.apache.http.headers - >> Content-Length: 47
21:18:22.907 [main] DEBUG org.apache.http.headers - >> Host: altashop-api.fly.dev
21:18:22.907 [main] DEBUG org.apache.http.headers - >> Connection: Keep-Alive
21:18:22.907 [main] DEBUG org.apache.http.headers - >> User-Agent: Apache-HttpClient/4.5.13 (Java/1.8.0_202)
21:18:22.908 [main] DEBUG org.apache.http.headers - >> Accept-Encoding: gzip,deflate
21:18:22.909 [main] DEBUG org.apache.http.wire -  >> "{"password":"nisa","email":"nisauzz@gmail.com"}"
21:18:22.982 [main] DEBUG org.apache.http.wire -  << "HTTP/1.1 200 OK[\r][\n]"
21:18:22.984 [main] DEBUG org.apache.http.wire -  << "content-type: application/json[\r][\n]"
21:18:22.984 [main] DEBUG org.apache.http.wire -  << "date: Mon, 08 May 2023 14:18:24 GMT[\r][\n]"
21:18:22.984 [main] DEBUG org.apache.http.wire -  << "content-encoding: gzip[\r][\n]"
21:18:22.984 [main] DEBUG org.apache.http.wire -  << "transfer-encoding: chunked[\r][\n]"
21:18:22.984 [main] DEBUG org.apache.http.wire -  << "server: Fly/3f2597ca (2023-05-03)[\r][\n]"
21:18:22.984 [main] DEBUG org.apache.http.wire -  << "via: 1.1 fly.io[\r][\n]"
21:18:22.984 [main] DEBUG org.apache.http.wire -  << "fly-request-id: 01GZXVMMC046TG3XTBN6PTS1YR-sin[\r][\n]"
21:18:22.984 [main] DEBUG org.apache.http.wire -  << "[\r][\n]"
21:18:22.985 [main] DEBUG org.apache.http.impl.conn.DefaultClientConnection - Receiving response: HTTP/1.1 200 OK
21:18:22.985 [main] DEBUG org.apache.http.headers - << HTTP/1.1 200 OK
21:18:22.986 [main] DEBUG org.apache.http.headers - << content-type: application/json
21:18:22.986 [main] DEBUG org.apache.http.headers - << date: Mon, 08 May 2023 14:18:24 GMT
21:18:22.986 [main] DEBUG org.apache.http.headers - << content-encoding: gzip
21:18:22.986 [main] DEBUG org.apache.http.headers - << transfer-encoding: chunked
21:18:22.986 [main] DEBUG org.apache.http.headers - << server: Fly/3f2597ca (2023-05-03)
21:18:22.986 [main] DEBUG org.apache.http.headers - << via: 1.1 fly.io
21:18:22.986 [main] DEBUG org.apache.http.headers - << fly-request-id: 01GZXVMMC046TG3XTBN6PTS1YR-sin
21:18:22.995 [main] DEBUG org.apache.http.impl.client.DefaultHttpClient - Connection can be kept alive indefinitely
21:18:23.000 [main] DEBUG io.restassured.internal.RestAssuredHttpBuilder - Parsing response as: application/json
21:18:23.001 [main] DEBUG org.apache.http.wire -  << "AB[\r][\n]"
21:18:23.001 [main] DEBUG org.apache.http.wire -  << "[0x1f][0x8b][0x8][0x0][0x0][0x0][0x0][0x0][0x4][0xff][0xab]VJI,IT[0xb2]RJ[0xad][0xf4][0xca]HrO[0xce][0xf4][0xcf][0xf4][0xf2][0xc][0xad][0xf2]4[0xf4][0xcb][0xf4],[0xf6][0xcc][0xb]2Mv[0xf6]4[0xf3][0xcc].[0x88][0x8]s[0xf6][0xb2][0xd4]K[0xad][0xf4]rO[0x9][0xaf](N[0xca]u+[0x89][\n]"
21:18:23.002 [main] DEBUG org.apache.http.wire -  << "[0xf6]4[0xf3][0xcc]5-H6r[0xcd][0xf4]q[0xf6]rK[\n]"
21:18:23.002 [main] DEBUG org.apache.http.wire -  << "w+H[0x2])[0x6][0x8b][0xb9][0x19][0xa6][0xe6][0x15]8F[0x19][0x19]f$[0x86][0x97][0x97]F[0x1a]Y[0x96]x[0xe6][0x19][0xe8][0xf9][0x98][0xf9][0x16]V&[0xfa][0x86][0x18][0xf8][0x99][0xa7][0x85][0xe6][0x96][0xbb][0x4][0x1b][0xba]y[0xa6][0x17][0xa4][0xf9]GX$f[0x9a][0x94][0x16]e8[0x86]e[0xbb][0x9b][0xb8][0x86][0xa6][0xbb][0x96][0x1a]([0xd5]r[0x1][0x0]n[\n]"
21:18:23.002 [main] DEBUG org.apache.http.wire -  << "[0x9][0xab][0x9c][0x0][0x0][0x0]"
21:18:23.002 [main] DEBUG org.apache.http.wire -  << "[\r][\n]"
21:18:23.002 [main] DEBUG org.apache.http.wire -  << "0[\r][\n]"
21:18:23.002 [main] DEBUG org.apache.http.wire -  << "[\r][\n]"
21:18:23.003 [main] DEBUG io.restassured.internal.RestAssuredHttpBuilder - Parsed data to instance of: class org.apache.http.conn.EofSensorInputStream
21:18:23.076 [main] DEBUG org.apache.http.impl.conn.BasicClientConnectionManager - Releasing connection org.apache.http.impl.conn.ManagedClientConnectionImpl@77f4c040
21:18:23.076 [main] DEBUG org.apache.http.impl.conn.BasicClientConnectionManager - Connection can be kept alive indefinitely
21:18:23.083 [main] DEBUG net.thucydides.core.steps.StepInterceptor - STEP DONE: I send post new user
  &amp#27;[32mWhen &amp#27;[0m&amp#27;[32muser send request for create login user&amp#27;[0m                         &amp#27;[90m# starter.stepdefinitions.CreateLoginSteps.userSendRequestForCreateLoginUser()&amp#27;[0m
  &amp#27;[32mThen &amp#27;[0m&amp#27;[32mget response with status code &amp#27;[0m&amp#27;[32m&amp#27;[1m200&amp#27;[0m                               &amp#27;[90m# starter.stepdefinitions.CreateLoginSteps.getResponseWithStatusCode(int)&amp#27;[0m
21:18:23.286 [main] INFO  - 
  _____   ___   ___   _____     ___     _     ___   ___   ___   ___  
 |_   _| | __| / __| |_   _|   | _ \   /_\   / __| / __| | __| |   \ 
   | |   | _|  \__ \   | |     |  _/  / _ \  \__ \ \__ \ | _|  | |) |
   |_|   |___| |___/   |_|     |_|   /_/ \_\ |___/ |___/ |___| |___/ 

as user i want to input valid endpoint for create login user
----------------------------------------------------------------------
]]></system-out>
  </testcase>
  <testcase name="as user i want to input valid data for create user register" classname="As a user i want to create new user register" time="0.838">
    <failure type="java.lang.AssertionError"><![CDATA[java.lang.AssertionError: 
1 expectation failed.
Expected status code <200> but was <400>.

]]></failure>
    <system-out><![CDATA[21:18:23.299 [main] INFO io.cucumber.core.plugin.SerenityReporter - Running feature from file:///D:/D/QE_Alta/mini-project-nisa/API/Altashop-Authentication/src/test/resources/features/Auth/Register.feature
21:18:23.311 [main] DEBUG net.thucydides.core.steps.StepEventBus - Test suite started for story net.thucydides.core.model.Story@13529f77
21:18:23.312 [main] INFO  - Test Suite Started: As a user i want to create new user register

@CreateRegister
Scenario: as user i want to input valid data for create user register &amp#27;[90m# src/test/resources/features/Auth/Register.feature:4&amp#27;[0m
21:18:23.329 [main] INFO io.cucumber.core.plugin.SerenityReporter - Running feature from file:///D:/D/QE_Alta/mini-project-nisa/API/Altashop-Authentication/src/test/resources/features/Auth/Register.feature
21:18:23.333 [main] INFO  - 
  _____   ___   ___   _____     ___   _____     _     ___   _____   ___   ___  
 |_   _| | __| / __| |_   _|   / __| |_   _|   /_\   | _ \ |_   _| | __| |   \ 
   | |   | _|  \__ \   | |     \__ \   | |    / _ \  |   /   | |   | _|  | |) |
   |_|   |___| |___/   |_|     |___/   |_|   /_/ \_\ |_|_\   |_|   |___| |___/ 

as user i want to input valid data for create user register(as-a-user-i-want-to-create-new-user-register;as-user-i-want-to-input-valid-data-for-create-user-register)
--------------------------------------------------------------------------------
21:18:23.384 [main] DEBUG net.thucydides.core.steps.StepInterceptor - STARTING STEP: RegisterSteps.userHasEndpointForCreateUserRegister - setEndpointRegister
21:18:23.385 [main] DEBUG net.thucydides.core.steps.StepInterceptor - STEP DONE: setEndpointRegister
  &amp#27;[32mGiven &amp#27;[0m&amp#27;[32muser has endpoint for create user register&amp#27;[0m                    &amp#27;[90m# starter.stepdefinitions.RegisterSteps.userHasEndpointForCreateUserRegister()&amp#27;[0m
21:18:23.395 [main] DEBUG net.thucydides.core.steps.StepInterceptor - STARTING STEP: RegisterSteps.userSendEndpointForCreateUserRegister - sendEndpointRegister
21:18:23.399 [main] DEBUG net.thucydides.core.steps.StepInterceptor - STARTING STEP: RegisterPage.sendEndpointRegister - setEndpointRegister
21:18:23.400 [main] DEBUG net.thucydides.core.steps.StepInterceptor - STEP DONE: setEndpointRegister
21:18:23.455 [main] DEBUG org.apache.http.impl.conn.BasicClientConnectionManager - Get connection for route {s}->https://altashop-api.fly.dev:443
21:18:23.456 [main] DEBUG org.apache.http.impl.conn.DefaultClientConnectionOperator - Connecting to altashop-api.fly.dev:443
21:18:23.691 [main] DEBUG org.apache.http.client.protocol.RequestAddCookies - CookieSpec selected: ignoreCookies
21:18:23.691 [main] DEBUG org.apache.http.client.protocol.RequestAuthCache - Auth cache not set in the context
21:18:23.691 [main] DEBUG org.apache.http.client.protocol.RequestTargetAuthentication - Target auth state: UNCHALLENGED
21:18:23.691 [main] DEBUG org.apache.http.client.protocol.RequestProxyAuthentication - Proxy auth state: UNCHALLENGED
21:18:23.691 [main] DEBUG org.apache.http.impl.client.DefaultHttpClient - Attempt 1 to execute request
21:18:23.691 [main] DEBUG org.apache.http.impl.conn.DefaultClientConnection - Sending request: POST /api/auth/register HTTP/1.1
21:18:23.691 [main] DEBUG org.apache.http.wire -  >> "POST /api/auth/register HTTP/1.1[\r][\n]"
21:18:23.691 [main] DEBUG org.apache.http.wire -  >> "Accept: */*[\r][\n]"
21:18:23.691 [main] DEBUG org.apache.http.wire -  >> "Content-Type: application/json[\r][\n]"
21:18:23.691 [main] DEBUG org.apache.http.wire -  >> "Content-Length: 75[\r][\n]"
21:18:23.692 [main] DEBUG org.apache.http.wire -  >> "Host: altashop-api.fly.dev[\r][\n]"
21:18:23.692 [main] DEBUG org.apache.http.wire -  >> "Connection: Keep-Alive[\r][\n]"
21:18:23.692 [main] DEBUG org.apache.http.wire -  >> "User-Agent: Apache-HttpClient/4.5.13 (Java/1.8.0_202)[\r][\n]"
21:18:23.692 [main] DEBUG org.apache.http.wire -  >> "Accept-Encoding: gzip,deflate[\r][\n]"
21:18:23.692 [main] DEBUG org.apache.http.wire -  >> "[\r][\n]"
21:18:23.692 [main] DEBUG org.apache.http.headers - >> POST /api/auth/register HTTP/1.1
21:18:23.692 [main] DEBUG org.apache.http.headers - >> Accept: */*
21:18:23.692 [main] DEBUG org.apache.http.headers - >> Content-Type: application/json
21:18:23.692 [main] DEBUG org.apache.http.headers - >> Content-Length: 75
21:18:23.692 [main] DEBUG org.apache.http.headers - >> Host: altashop-api.fly.dev
21:18:23.692 [main] DEBUG org.apache.http.headers - >> Connection: Keep-Alive
21:18:23.693 [main] DEBUG org.apache.http.headers - >> User-Agent: Apache-HttpClient/4.5.13 (Java/1.8.0_202)
21:18:23.693 [main] DEBUG org.apache.http.headers - >> Accept-Encoding: gzip,deflate
21:18:23.693 [main] DEBUG org.apache.http.wire -  >> "{"password":"nisa","fullname":"Nisa' Uzzulfa","email":"nisauzz@gmail.com2"}"
21:18:23.737 [main] DEBUG org.apache.http.wire -  << "HTTP/1.1 400 Bad Request[\r][\n]"
21:18:23.738 [main] DEBUG org.apache.http.wire -  << "content-type: application/json[\r][\n]"
21:18:23.738 [main] DEBUG org.apache.http.wire -  << "date: Mon, 08 May 2023 14:18:25 GMT[\r][\n]"
21:18:23.738 [main] DEBUG org.apache.http.wire -  << "content-encoding: gzip[\r][\n]"
21:18:23.738 [main] DEBUG org.apache.http.wire -  << "transfer-encoding: chunked[\r][\n]"
21:18:23.738 [main] DEBUG org.apache.http.wire -  << "server: Fly/3f2597ca (2023-05-03)[\r][\n]"
21:18:23.738 [main] DEBUG org.apache.http.wire -  << "via: 1.1 fly.io[\r][\n]"
21:18:23.738 [main] DEBUG org.apache.http.wire -  << "fly-request-id: 01GZXVMN420TSCQDGJFDSTSDDR-sin[\r][\n]"
21:18:23.738 [main] DEBUG org.apache.http.wire -  << "[\r][\n]"
21:18:23.739 [main] DEBUG org.apache.http.impl.conn.DefaultClientConnection - Receiving response: HTTP/1.1 400 Bad Request
21:18:23.739 [main] DEBUG org.apache.http.headers - << HTTP/1.1 400 Bad Request
21:18:23.739 [main] DEBUG org.apache.http.headers - << content-type: application/json
21:18:23.739 [main] DEBUG org.apache.http.headers - << date: Mon, 08 May 2023 14:18:25 GMT
21:18:23.739 [main] DEBUG org.apache.http.headers - << content-encoding: gzip
21:18:23.739 [main] DEBUG org.apache.http.headers - << transfer-encoding: chunked
21:18:23.739 [main] DEBUG org.apache.http.headers - << server: Fly/3f2597ca (2023-05-03)
21:18:23.739 [main] DEBUG org.apache.http.headers - << via: 1.1 fly.io
21:18:23.739 [main] DEBUG org.apache.http.headers - << fly-request-id: 01GZXVMN420TSCQDGJFDSTSDDR-sin
21:18:23.739 [main] DEBUG org.apache.http.impl.client.DefaultHttpClient - Connection can be kept alive indefinitely
21:18:23.739 [main] DEBUG io.restassured.internal.RestAssuredHttpBuilder - Parsing response as: application/json
21:18:23.739 [main] DEBUG org.apache.http.wire -  << "7B[\r][\n]"
21:18:23.740 [main] DEBUG org.apache.http.wire -  << "[0x1f][0x8b][0x8][0x0][0x0][0x0][0x0][0x0][0x4][0xff][0xab]VJ-*[0xca]/R[0xb2]Rr[\r][\n]"
21:18:23.740 [main] DEBUG org.apache.http.wire -  << "[0xf2][0xf][0xb2]RH)-[0xc8][0xc9]LN,IU[0xc8]N[0xad]T(K[0xcc])MU([0xcb][0xcc][0xcf]I,I-V([0xcd][0xcb],,MUH[0xce][0xcf]+.)J[0xcc][0xcc]+Q[0x88]Q*-N-*[0x8e]O[0xcd]M[0xcc][0xcc][0x89][0xcf]N[0xad][0x8c]QR[0xd0][0x8][0xe][0xf4][0x9][0xe]q[0xc]qU02650[0xd5]T[0xaa][0xe5][0x2][0x0][0x1a]G[0x13]pg[0x0][0x0][0x0]"
21:18:23.740 [main] DEBUG org.apache.http.wire -  << "[\r][\n]"
21:18:23.747 [main] DEBUG org.apache.http.wire -  << "0[\r][\n]"
21:18:23.747 [main] DEBUG org.apache.http.wire -  << "[\r][\n]"
21:18:23.747 [main] DEBUG io.restassured.internal.RestAssuredHttpBuilder - Parsed data to instance of: class org.apache.http.conn.EofSensorInputStream
21:18:23.749 [main] DEBUG org.apache.http.impl.conn.BasicClientConnectionManager - Releasing connection org.apache.http.impl.conn.ManagedClientConnectionImpl@168ad26f
21:18:23.749 [main] DEBUG org.apache.http.impl.conn.BasicClientConnectionManager - Connection can be kept alive indefinitely
21:18:23.750 [main] DEBUG net.thucydides.core.steps.StepInterceptor - STEP DONE: sendEndpointRegister
  &amp#27;[32mWhen &amp#27;[0m&amp#27;[32muser send endpoint for create user register&amp#27;[0m                    &amp#27;[90m# starter.stepdefinitions.RegisterSteps.userSendEndpointForCreateUserRegister()&amp#27;[0m
21:18:23.756 [main] DEBUG net.thucydides.core.steps.StepInterceptor - STARTING STEP: RegisterSteps.userGetStatusCode - responseCode
  &amp#27;[31mThen &amp#27;[0m&amp#27;[31muser get status code &amp#27;[0m&amp#27;[31m&amp#27;[1m200&amp#27;[0m                                       &amp#27;[90m# starter.stepdefinitions.RegisterSteps.userGetStatusCode(int)&amp#27;[0m
      &amp#27;[31mjava.lang.AssertionError: 1 expectation failed.
Expected status code <200> but was <400>.

	at sun.reflect.NativeConstructorAccessorImpl.newInstance0(Native Method)
	at sun.reflect.NativeConstructorAccessorImpl.newInstance(NativeConstructorAccessorImpl.java:62)
	at sun.reflect.DelegatingConstructorAccessorImpl.newInstance(DelegatingConstructorAccessorImpl.java:45)
	at java.lang.reflect.Constructor.newInstance(Constructor.java:423)
	at org.codehaus.groovy.reflection.CachedConstructor.invoke(CachedConstructor.java:73)
	at org.codehaus.groovy.reflection.CachedConstructor.doConstructorInvoke(CachedConstructor.java:60)
	at org.codehaus.groovy.runtime.callsite.ConstructorSite$ConstructorSiteNoUnwrap.callConstructor(ConstructorSite.java:86)
	at org.codehaus.groovy.runtime.callsite.CallSiteArray.defaultCallConstructor(CallSiteArray.java:57)
	at org.codehaus.groovy.runtime.callsite.AbstractCallSite.callConstructor(AbstractCallSite.java:263)
	at org.codehaus.groovy.runtime.callsite.AbstractCallSite.callConstructor(AbstractCallSite.java:277)
	at io.restassured.internal.ResponseSpecificationImpl$HamcrestAssertionClosure.validate(ResponseSpecificationImpl.groovy:512)
	at io.restassured.internal.ResponseSpecificationImpl$HamcrestAssertionClosure$validate$1.call(Unknown Source)
	at io.restassured.internal.ResponseSpecificationImpl.validateResponseIfRequired(ResponseSpecificationImpl.groovy:696)
	at io.restassured.internal.ResponseSpecificationImpl.this$2$validateResponseIfRequired(ResponseSpecificationImpl.groovy)
	at sun.reflect.NativeMethodAccessorImpl.invoke0(Native Method)
	at sun.reflect.NativeMethodAccessorImpl.invoke(NativeMethodAccessorImpl.java:62)
	at sun.reflect.DelegatingMethodAccessorImpl.invoke(DelegatingMethodAccessorImpl.java:43)
	at java.lang.reflect.Method.invoke(Method.java:498)
	at org.codehaus.groovy.runtime.callsite.PlainObjectMetaMethodSite.doInvoke(PlainObjectMetaMethodSite.java:43)
	at org.codehaus.groovy.runtime.callsite.PogoMetaMethodSite$PogoCachedMethodSiteNoUnwrapNoCoerce.invoke(PogoMetaMethodSite.java:198)
	at org.codehaus.groovy.runtime.callsite.PogoMetaMethodSite.callCurrent(PogoMetaMethodSite.java:62)
	at org.codehaus.groovy.runtime.callsite.AbstractCallSite.callCurrent(AbstractCallSite.java:185)
	at io.restassured.internal.ResponseSpecificationImpl.statusCode(ResponseSpecificationImpl.groovy:135)
	at io.restassured.specification.ResponseSpecification$statusCode$0.callCurrent(Unknown Source)
	at io.restassured.internal.ResponseSpecificationImpl.statusCode(ResponseSpecificationImpl.groovy:143)
	at io.restassured.internal.ValidatableResponseOptionsImpl.statusCode(ValidatableResponseOptionsImpl.java:89)
	at starter.pages.RegisterPage.lambda$responseCode$0(RegisterPage.java:34)
	at net.serenitybdd.rest.SerenityRest.restAssuredThat(SerenityRest.java:626)
	at starter.pages.RegisterPage.responseCode(RegisterPage.java:34)
	at starter.pages.RegisterPage$ByteBuddy$zKj7viNQ.responseCode$accessor$Q6PgBnzL(Unknown Source)
	at sun.reflect.NativeMethodAccessorImpl.invoke0(Native Method)
	at sun.reflect.NativeMethodAccessorImpl.invoke(NativeMethodAccessorImpl.java:62)
	at sun.reflect.DelegatingMethodAccessorImpl.invoke(DelegatingMethodAccessorImpl.java:43)
	at java.lang.reflect.Method.invoke(Method.java:498)
	at net.thucydides.core.steps.StepInterceptor.invokeMethod(StepInterceptor.java:518)
	at net.thucydides.core.steps.StepInterceptor.executeTestStepMethod(StepInterceptor.java:498)
	at net.thucydides.core.steps.StepInterceptor.runTestStep(StepInterceptor.java:472)
	at net.thucydides.core.steps.StepInterceptor.runOrSkipMethod(StepInterceptor.java:211)
	at net.thucydides.core.steps.StepInterceptor.testStepResult(StepInterceptor.java:198)
	at net.thucydides.core.steps.StepInterceptor.intercept(StepInterceptor.java:86)
	at net.thucydides.core.steps.ProxyConfiguration$InterceptorDispatcher.intercept(ProxyConfiguration.java:51)
	at starter.pages.RegisterPage$ByteBuddy$zKj7viNQ.responseCode(Unknown Source)
	at starter.stepdefinitions.RegisterSteps.userGetStatusCode(RegisterSteps.java:25)
	at âœ½.user get status code 200(file:///D:/D/QE_Alta/mini-project-nisa/API/Altashop-Authentication/src/test/resources/features/Auth/Register.feature:7)
&amp#27;[0m
21:18:23.821 [main] ERROR  - 
  _____   ___   ___   _____     ___     _     ___   _      ___   ___  
 |_   _| | __| / __| |_   _|   | __|   /_\   |_ _| | |    | __| |   \ 
   | |   | _|  \__ \   | |     | _|   / _ \   | |  | |__  | _|  | |) |
   |_|   |___| |___/   |_|     |_|   /_/ \_\ |___| |____| |___| |___/ 

as user i want to input valid data for create user register
-----------------------------------------------------------------------
21:18:23.824 [main] DEBUG  - RELATED ISSUES: 
21:18:24.144 [main] ERROR  -     Test failed at step: Response code
21:18:24.145 [main] ERROR  -     1 expectation failed.Expected status code <200> but was <400>.
]]></system-out>
  </testcase>
  <testcase name="as user i input all valid data in get user information" classname="As a user i want to get user information" time="2.458">
    <system-out><![CDATA[21:18:24.164 [main] INFO io.cucumber.core.plugin.SerenityReporter - Running feature from file:///D:/D/QE_Alta/mini-project-nisa/API/Altashop-Authentication/src/test/resources/features/Auth/UserInfo.feature
21:18:24.170 [main] DEBUG net.thucydides.core.steps.StepEventBus - Test suite started for story net.thucydides.core.model.Story@a8a2c1d3
21:18:24.172 [main] INFO  - Test Suite Started: As a user i want to get user information

@UserInfo
Scenario: as user i input all valid data in get user information &amp#27;[90m# src/test/resources/features/Auth/UserInfo.feature:4&amp#27;[0m
21:18:24.186 [main] INFO io.cucumber.core.plugin.SerenityReporter - Running feature from file:///D:/D/QE_Alta/mini-project-nisa/API/Altashop-Authentication/src/test/resources/features/Auth/UserInfo.feature
21:18:24.191 [main] INFO  - 
  _____   ___   ___   _____     ___   _____     _     ___   _____   ___   ___  
 |_   _| | __| / __| |_   _|   / __| |_   _|   /_\   | _ \ |_   _| | __| |   \ 
   | |   | _|  \__ \   | |     \__ \   | |    / _ \  |   /   | |   | _|  | |) |
   |_|   |___| |___/   |_|     |___/   |_|   /_/ \_\ |_|_\   |_|   |___| |___/ 

as user i input all valid data in get user information(as-a-user-i-want-to-get-user-information;as-user-i-input-all-valid-data-in-get-user-information)
--------------------------------------------------------------------------------
21:18:24.245 [main] DEBUG net.thucydides.core.steps.StepInterceptor - STARTING STEP: UserInfoSteps.userHaveEndpointAuth - setEndpointAuth
21:18:24.246 [main] DEBUG net.thucydides.core.steps.StepInterceptor - STEP DONE: setEndpointAuth
  &amp#27;[32mGiven &amp#27;[0m&amp#27;[32muser have endpoint auth&amp#27;[0m                                  &amp#27;[90m# starter.stepdefinitions.UserInfoSteps.userHaveEndpointAuth()&amp#27;[0m
21:18:24.253 [main] DEBUG net.thucydides.core.steps.StepInterceptor - STARTING STEP: UserInfoSteps.userSendEndpointAuth - sendEnpointAuth
21:18:24.262 [main] DEBUG net.thucydides.core.steps.StepInterceptor - STARTING STEP: UserInfoPage.sendEnpointAuth - setEndpointAuth
21:18:24.263 [main] DEBUG net.thucydides.core.steps.StepInterceptor - STEP DONE: setEndpointAuth
21:18:24.381 [main] DEBUG org.apache.http.impl.conn.BasicClientConnectionManager - Get connection for route {s}->https://altashop-api.fly.dev:443
21:18:24.382 [main] DEBUG org.apache.http.impl.conn.DefaultClientConnectionOperator - Connecting to altashop-api.fly.dev:443
21:18:24.822 [main] DEBUG org.apache.http.client.protocol.RequestAddCookies - CookieSpec selected: ignoreCookies
21:18:24.822 [main] DEBUG org.apache.http.client.protocol.RequestAuthCache - Auth cache not set in the context
21:18:24.822 [main] DEBUG org.apache.http.client.protocol.RequestTargetAuthentication - Target auth state: UNCHALLENGED
21:18:24.822 [main] DEBUG org.apache.http.client.protocol.RequestProxyAuthentication - Proxy auth state: UNCHALLENGED
21:18:24.823 [main] DEBUG org.apache.http.impl.client.DefaultHttpClient - Attempt 1 to execute request
21:18:24.823 [main] DEBUG org.apache.http.impl.conn.DefaultClientConnection - Sending request: POST /api/auth/login HTTP/1.1
21:18:24.823 [main] DEBUG org.apache.http.wire -  >> "POST /api/auth/login HTTP/1.1[\r][\n]"
21:18:24.823 [main] DEBUG org.apache.http.wire -  >> "Accept: */*[\r][\n]"
21:18:24.823 [main] DEBUG org.apache.http.wire -  >> "Content-Type: application/json[\r][\n]"
21:18:24.823 [main] DEBUG org.apache.http.wire -  >> "Content-Length: 47[\r][\n]"
21:18:24.823 [main] DEBUG org.apache.http.wire -  >> "Host: altashop-api.fly.dev[\r][\n]"
21:18:24.823 [main] DEBUG org.apache.http.wire -  >> "Connection: Keep-Alive[\r][\n]"
21:18:24.823 [main] DEBUG org.apache.http.wire -  >> "User-Agent: Apache-HttpClient/4.5.13 (Java/1.8.0_202)[\r][\n]"
21:18:24.823 [main] DEBUG org.apache.http.wire -  >> "Accept-Encoding: gzip,deflate[\r][\n]"
21:18:24.823 [main] DEBUG org.apache.http.wire -  >> "[\r][\n]"
21:18:24.823 [main] DEBUG org.apache.http.headers - >> POST /api/auth/login HTTP/1.1
21:18:24.823 [main] DEBUG org.apache.http.headers - >> Accept: */*
21:18:24.823 [main] DEBUG org.apache.http.headers - >> Content-Type: application/json
21:18:24.824 [main] DEBUG org.apache.http.headers - >> Content-Length: 47
21:18:24.824 [main] DEBUG org.apache.http.headers - >> Host: altashop-api.fly.dev
21:18:24.824 [main] DEBUG org.apache.http.headers - >> Connection: Keep-Alive
21:18:24.824 [main] DEBUG org.apache.http.headers - >> User-Agent: Apache-HttpClient/4.5.13 (Java/1.8.0_202)
21:18:24.824 [main] DEBUG org.apache.http.headers - >> Accept-Encoding: gzip,deflate
21:18:24.824 [main] DEBUG org.apache.http.wire -  >> "{"password":"nisa","email":"nisauzz@gmail.com"}"
21:18:24.897 [main] DEBUG org.apache.http.wire -  << "HTTP/1.1 200 OK[\r][\n]"
21:18:24.897 [main] DEBUG org.apache.http.wire -  << "content-type: application/json[\r][\n]"
21:18:24.897 [main] DEBUG org.apache.http.wire -  << "date: Mon, 08 May 2023 14:18:26 GMT[\r][\n]"
21:18:24.897 [main] DEBUG org.apache.http.wire -  << "content-encoding: gzip[\r][\n]"
21:18:24.897 [main] DEBUG org.apache.http.wire -  << "transfer-encoding: chunked[\r][\n]"
21:18:24.897 [main] DEBUG org.apache.http.wire -  << "server: Fly/3f2597ca (2023-05-03)[\r][\n]"
21:18:24.897 [main] DEBUG org.apache.http.wire -  << "via: 1.1 fly.io[\r][\n]"
21:18:24.897 [main] DEBUG org.apache.http.wire -  << "fly-request-id: 01GZXVMP7K730JB0TDSNXPCPQ6-sin[\r][\n]"
21:18:24.897 [main] DEBUG org.apache.http.wire -  << "[\r][\n]"
21:18:24.897 [main] DEBUG org.apache.http.impl.conn.DefaultClientConnection - Receiving response: HTTP/1.1 200 OK
21:18:24.897 [main] DEBUG org.apache.http.headers - << HTTP/1.1 200 OK
21:18:24.897 [main] DEBUG org.apache.http.headers - << content-type: application/json
21:18:24.898 [main] DEBUG org.apache.http.headers - << date: Mon, 08 May 2023 14:18:26 GMT
21:18:24.898 [main] DEBUG org.apache.http.headers - << content-encoding: gzip
21:18:24.898 [main] DEBUG org.apache.http.headers - << transfer-encoding: chunked
21:18:24.898 [main] DEBUG org.apache.http.headers - << server: Fly/3f2597ca (2023-05-03)
21:18:24.898 [main] DEBUG org.apache.http.headers - << via: 1.1 fly.io
21:18:24.898 [main] DEBUG org.apache.http.headers - << fly-request-id: 01GZXVMP7K730JB0TDSNXPCPQ6-sin
21:18:24.898 [main] DEBUG org.apache.http.impl.client.DefaultHttpClient - Connection can be kept alive indefinitely
21:18:24.898 [main] DEBUG io.restassured.internal.RestAssuredHttpBuilder - Parsing response as: application/json
21:18:24.898 [main] DEBUG org.apache.http.wire -  << "AB[\r][\n]"
21:18:24.898 [main] DEBUG org.apache.http.wire -  << "[0x1f][0x8b][0x8][0x0][0x0][0x0][0x0][0x0][0x4][0xff][0xab]VJI,IT[0xb2]RJ[0xad][0xf4][0xca]HrO[0xce][0xf4][0xcf][0xf4][0xf2][0xc][0xad][0xf2]4[0xf4][0xcb][0xf4],[0xf6][0xcc][0xb]2Mv[0xf6]4[0xf3][0xcc].[0x88][0x8]s[0xf6][0xb2][0xd4]K[0xad][0xf4]rO[0x9][0xaf](N[0xca]u+[0x89][\n]"
21:18:24.898 [main] DEBUG org.apache.http.wire -  << "[0xf6]4[0xf3][0xcc]5-H6r[0xcd][0xf4]q[0xf6]rK[\n]"
21:18:24.899 [main] DEBUG org.apache.http.wire -  << "w+H[0x2])[0x6][0x8b][0xb9][0x19][0xa6][0xe6][0x15]8F[0x19][0x19]f$[0x86][0x97][0x97]F[0x1a]Y[0x96]x[0xe6][0x19][0xe8][0xf9][0x98][0xf9][0x16]V&[0xfa][0x86][0x18][0xf8][0x99][0xa7][0x85][0xe6][0x96][0xbb][0x4][0x1b][0xba]y[0xa6][0x17][0xa4][0xf9]GX$f[0x9a][0x94][0x16]e8[0x86]e[0xbb][0x9b][0xb8][0x86][0xa6][0xbb][0x96][0x1a]([0xd5]r[0x1][0x0]n[\n]"
21:18:24.899 [main] DEBUG org.apache.http.wire -  << "[0x9][0xab][0x9c][0x0][0x0][0x0]"
21:18:24.899 [main] DEBUG org.apache.http.wire -  << "[\r][\n]"
21:18:24.899 [main] DEBUG org.apache.http.wire -  << "0[\r][\n]"
21:18:24.899 [main] DEBUG org.apache.http.wire -  << "[\r][\n]"
21:18:24.899 [main] DEBUG io.restassured.internal.RestAssuredHttpBuilder - Parsed data to instance of: class org.apache.http.conn.EofSensorInputStream
21:18:24.901 [main] DEBUG org.apache.http.impl.conn.BasicClientConnectionManager - Releasing connection org.apache.http.impl.conn.ManagedClientConnectionImpl@1625789b
21:18:24.902 [main] DEBUG org.apache.http.impl.conn.BasicClientConnectionManager - Connection can be kept alive indefinitely
21:18:26.281 [main] DEBUG net.thucydides.core.steps.StepInterceptor - STEP DONE: sendEnpointAuth
  &amp#27;[32mWhen &amp#27;[0m&amp#27;[32muser send endpoint Auth&amp#27;[0m                                   &amp#27;[90m# starter.stepdefinitions.UserInfoSteps.userSendEndpointAuth()&amp#27;[0m
21:18:26.288 [main] DEBUG net.thucydides.core.steps.StepInterceptor - STARTING STEP: UserInfoSteps.userHasEndpointToGetUserInformation - setEndpointUserInfo
21:18:26.289 [main] DEBUG net.thucydides.core.steps.StepInterceptor - STEP DONE: setEndpointUserInfo
  &amp#27;[32mWhen &amp#27;[0m&amp#27;[32muser has endpoint to get user information&amp#27;[0m                 &amp#27;[90m# starter.stepdefinitions.UserInfoSteps.userHasEndpointToGetUserInformation()&amp#27;[0m
21:18:26.295 [main] DEBUG net.thucydides.core.steps.StepInterceptor - STARTING STEP: UserInfoSteps.userGetUserInformation - sendEnpointUserInfo
21:18:26.299 [main] DEBUG net.thucydides.core.steps.StepInterceptor - STARTING STEP: UserInfoPage.sendEnpointUserInfo - setEndpointUserInfo
21:18:26.299 [main] DEBUG net.thucydides.core.steps.StepInterceptor - STEP DONE: setEndpointUserInfo
21:18:26.348 [main] DEBUG org.apache.http.impl.conn.BasicClientConnectionManager - Get connection for route {s}->https://altashop-api.fly.dev:443
21:18:26.348 [main] DEBUG org.apache.http.impl.conn.DefaultClientConnectionOperator - Connecting to altashop-api.fly.dev:443
21:18:26.565 [main] DEBUG org.apache.http.client.protocol.RequestAddCookies - CookieSpec selected: ignoreCookies
21:18:26.565 [main] DEBUG org.apache.http.client.protocol.RequestAuthCache - Auth cache not set in the context
21:18:26.565 [main] DEBUG org.apache.http.client.protocol.RequestProxyAuthentication - Proxy auth state: UNCHALLENGED
21:18:26.566 [main] DEBUG org.apache.http.impl.client.DefaultHttpClient - Attempt 1 to execute request
21:18:26.566 [main] DEBUG org.apache.http.impl.conn.DefaultClientConnection - Sending request: GET /api/auth/info HTTP/1.1
21:18:26.566 [main] DEBUG org.apache.http.wire -  >> "GET /api/auth/info HTTP/1.1[\r][\n]"
21:18:26.566 [main] DEBUG org.apache.http.wire -  >> "Authorization: Bearer eyJhbGciOiJIUzI1NiIsInR5cCI6IkpXVCJ9.eyJGdWxsbmFtZSI6Im5pc2EiLCJFbWFpbCI6Im5pc2F1enpAZ21haWwuY29tIn0.L6MqyaMT0N7fUmwDS1FIgpfOX8ai4urhAVkG4EUgEu0[\r][\n]"
21:18:26.566 [main] DEBUG org.apache.http.wire -  >> "Accept: */*[\r][\n]"
21:18:26.566 [main] DEBUG org.apache.http.wire -  >> "Host: altashop-api.fly.dev[\r][\n]"
21:18:26.567 [main] DEBUG org.apache.http.wire -  >> "Connection: Keep-Alive[\r][\n]"
21:18:26.567 [main] DEBUG org.apache.http.wire -  >> "User-Agent: Apache-HttpClient/4.5.13 (Java/1.8.0_202)[\r][\n]"
21:18:26.567 [main] DEBUG org.apache.http.wire -  >> "Accept-Encoding: gzip,deflate[\r][\n]"
21:18:26.567 [main] DEBUG org.apache.http.wire -  >> "[\r][\n]"
21:18:26.567 [main] DEBUG org.apache.http.headers - >> GET /api/auth/info HTTP/1.1
21:18:26.567 [main] DEBUG org.apache.http.headers - >> Authorization: Bearer eyJhbGciOiJIUzI1NiIsInR5cCI6IkpXVCJ9.eyJGdWxsbmFtZSI6Im5pc2EiLCJFbWFpbCI6Im5pc2F1enpAZ21haWwuY29tIn0.L6MqyaMT0N7fUmwDS1FIgpfOX8ai4urhAVkG4EUgEu0
21:18:26.567 [main] DEBUG org.apache.http.headers - >> Accept: */*
21:18:26.567 [main] DEBUG org.apache.http.headers - >> Host: altashop-api.fly.dev
21:18:26.567 [main] DEBUG org.apache.http.headers - >> Connection: Keep-Alive
21:18:26.567 [main] DEBUG org.apache.http.headers - >> User-Agent: Apache-HttpClient/4.5.13 (Java/1.8.0_202)
21:18:26.567 [main] DEBUG org.apache.http.headers - >> Accept-Encoding: gzip,deflate
21:18:26.615 [main] DEBUG org.apache.http.wire -  << "HTTP/1.1 200 OK[\r][\n]"
21:18:26.615 [main] DEBUG org.apache.http.wire -  << "content-type: application/json[\r][\n]"
21:18:26.615 [main] DEBUG org.apache.http.wire -  << "date: Mon, 08 May 2023 14:18:28 GMT[\r][\n]"
21:18:26.615 [main] DEBUG org.apache.http.wire -  << "content-encoding: gzip[\r][\n]"
21:18:26.615 [main] DEBUG org.apache.http.wire -  << "transfer-encoding: chunked[\r][\n]"
21:18:26.615 [main] DEBUG org.apache.http.wire -  << "server: Fly/3f2597ca (2023-05-03)[\r][\n]"
21:18:26.616 [main] DEBUG org.apache.http.wire -  << "via: 1.1 fly.io[\r][\n]"
21:18:26.616 [main] DEBUG org.apache.http.wire -  << "fly-request-id: 01GZXVMQXY9SYZV8FMYJTNK81C-sin[\r][\n]"
21:18:26.616 [main] DEBUG org.apache.http.wire -  << "[\r][\n]"
21:18:26.616 [main] DEBUG org.apache.http.impl.conn.DefaultClientConnection - Receiving response: HTTP/1.1 200 OK
21:18:26.616 [main] DEBUG org.apache.http.headers - << HTTP/1.1 200 OK
21:18:26.616 [main] DEBUG org.apache.http.headers - << content-type: application/json
21:18:26.616 [main] DEBUG org.apache.http.headers - << date: Mon, 08 May 2023 14:18:28 GMT
21:18:26.616 [main] DEBUG org.apache.http.headers - << content-encoding: gzip
21:18:26.616 [main] DEBUG org.apache.http.headers - << transfer-encoding: chunked
21:18:26.616 [main] DEBUG org.apache.http.headers - << server: Fly/3f2597ca (2023-05-03)
21:18:26.616 [main] DEBUG org.apache.http.headers - << via: 1.1 fly.io
21:18:26.616 [main] DEBUG org.apache.http.headers - << fly-request-id: 01GZXVMQXY9SYZV8FMYJTNK81C-sin
21:18:26.617 [main] DEBUG org.apache.http.impl.client.DefaultHttpClient - Connection can be kept alive indefinitely
21:18:26.617 [main] DEBUG io.restassured.internal.RestAssuredHttpBuilder - Parsing response as: application/json
21:18:26.617 [main] DEBUG org.apache.http.wire -  << "5D[\r][\n]"
21:18:26.617 [main] DEBUG org.apache.http.wire -  << "[0x1f][0x8b][0x8][0x0][0x0][0x0][0x0][0x0][0x4][0xff][0xab]VJI,IT[0xb2][0xaa]V[0xf2]tQ[0xb2]24752[0xd3]Qr+[0xcd][0xc9][0xc9]K[0xcc]MU[0xb2]R[0xca][0xcb],NT[0xd2]Qr[0xcd]M[0xcc][0xcc][0x81]rK[0xab][0xaa][0x1c][0xd2]A|[0xbd][0xe4][0xfc]\%[0x1d][0xa5][0x80][0xc4][0xe2][0xe2][0xf2][0xfc][0xa2][0x14][0xa8][0xb4]Rm-[0x17][0x0]G[0xf1][0xd5][0xc6]V[0x0][0x0][0x0]"
21:18:26.617 [main] DEBUG org.apache.http.wire -  << "[\r][\n]"
21:18:26.618 [main] DEBUG org.apache.http.wire -  << "0[\r][\n]"
21:18:26.618 [main] DEBUG org.apache.http.wire -  << "[\r][\n]"
21:18:26.618 [main] DEBUG io.restassured.internal.RestAssuredHttpBuilder - Parsed data to instance of: class org.apache.http.conn.EofSensorInputStream
21:18:26.620 [main] DEBUG org.apache.http.impl.conn.BasicClientConnectionManager - Releasing connection org.apache.http.impl.conn.ManagedClientConnectionImpl@bd93bc3
21:18:26.621 [main] DEBUG org.apache.http.impl.conn.BasicClientConnectionManager - Connection can be kept alive indefinitely
21:18:26.622 [main] DEBUG net.thucydides.core.steps.StepInterceptor - STEP DONE: sendEnpointUserInfo
  &amp#27;[32mAnd &amp#27;[0m&amp#27;[32muser get user information&amp#27;[0m                                  &amp#27;[90m# starter.stepdefinitions.UserInfoSteps.userGetUserInformation()&amp#27;[0m
21:18:26.630 [main] DEBUG net.thucydides.core.steps.StepInterceptor - STARTING STEP: UserInfoSteps.userGetUserInformationStatusCode - responseCode
21:18:26.631 [main] DEBUG net.thucydides.core.steps.StepInterceptor - STEP DONE: responseCode
  &amp#27;[32mThen &amp#27;[0m&amp#27;[32muser get user information status code &amp#27;[0m&amp#27;[32m&amp#27;[1m200&amp#27;[0m                 &amp#27;[90m# starter.stepdefinitions.UserInfoSteps.userGetUserInformationStatusCode(int)&amp#27;[0m
21:18:26.636 [main] INFO  - 
  _____   ___   ___   _____     ___     _     ___   ___   ___   ___  
 |_   _| | __| / __| |_   _|   | _ \   /_\   / __| / __| | __| |   \ 
   | |   | _|  \__ \   | |     |  _/  / _ \  \__ \ \__ \ | _|  | |) |
   |_|   |___| |___/   |_|     |_|   /_/ \_\ |___/ |___/ |___| |___/ 

as user i input all valid data in get user information
----------------------------------------------------------------------
]]></system-out>
  </testcase>
</testsuite>